[0.101s] DEBUG:colcon:Command line arguments: ['/usr/bin/colcon', 'build']
[0.101s] DEBUG:colcon:Parsed command line arguments: Namespace(log_base=None, log_level=None, verb_name='build', build_base='build', install_base='install', merge_install=False, symlink_install=False, test_result_base=None, continue_on_error=False, executor='parallel', parallel_workers=4, event_handlers=None, ignore_user_meta=False, metas=['./colcon.meta'], base_paths=['.'], packages_ignore=None, packages_ignore_regex=None, paths=None, packages_up_to=None, packages_up_to_regex=None, packages_above=None, packages_above_and_dependencies=None, packages_above_depth=None, packages_select_by_dep=None, packages_skip_by_dep=None, packages_skip_up_to=None, packages_select_build_failed=False, packages_skip_build_finished=False, packages_select_test_failures=False, packages_skip_test_passed=False, packages_select=None, packages_skip=None, packages_select_regex=None, packages_skip_regex=None, packages_start=None, packages_end=None, allow_overriding=[], cmake_args=None, cmake_target=None, cmake_target_skip_unavailable=False, cmake_clean_cache=False, cmake_clean_first=False, cmake_force_configure=False, ament_cmake_args=None, catkin_cmake_args=None, catkin_skip_building_tests=False, mixin_files=None, mixin=None, verb_parser=<colcon_mixin.mixin.mixin_argument.MixinArgumentDecorator object at 0x75e439bd5d20>, verb_extension=<colcon_core.verb.build.BuildVerb object at 0x75e439bd4e80>, main=<bound method BuildVerb.main of <colcon_core.verb.build.BuildVerb object at 0x75e439bd4e80>>, mixin_verb=('build',))
[0.249s] Level 1:colcon.colcon_core.package_discovery:discover_packages(colcon_meta) check parameters
[0.249s] Level 1:colcon.colcon_core.package_discovery:discover_packages(recursive) check parameters
[0.250s] Level 1:colcon.colcon_core.package_discovery:discover_packages(ignore) check parameters
[0.250s] Level 1:colcon.colcon_core.package_discovery:discover_packages(path) check parameters
[0.250s] Level 1:colcon.colcon_core.package_discovery:discover_packages(colcon_meta) discover
[0.250s] Level 1:colcon.colcon_core.package_discovery:discover_packages(recursive) discover
[0.250s] INFO:colcon.colcon_core.package_discovery:Crawling recursively for packages in '/home/uninacorse/ros2_ws'
[0.250s] Level 1:colcon.colcon_core.package_identification:_identify(.) by extensions ['ignore', 'ignore_ament_install']
[0.250s] Level 1:colcon.colcon_core.package_identification:_identify(.) by extension 'ignore'
[0.250s] Level 1:colcon.colcon_core.package_identification:_identify(.) by extension 'ignore_ament_install'
[0.250s] Level 1:colcon.colcon_core.package_identification:_identify(.) by extensions ['colcon_pkg']
[0.250s] Level 1:colcon.colcon_core.package_identification:_identify(.) by extension 'colcon_pkg'
[0.250s] Level 1:colcon.colcon_core.package_identification:_identify(.) by extensions ['colcon_meta']
[0.250s] Level 1:colcon.colcon_core.package_identification:_identify(.) by extension 'colcon_meta'
[0.250s] Level 1:colcon.colcon_core.package_identification:_identify(.) by extensions ['ros']
[0.250s] Level 1:colcon.colcon_core.package_identification:_identify(.) by extension 'ros'
[0.259s] Level 1:colcon.colcon_core.package_identification:_identify(.) by extensions ['cmake', 'python']
[0.260s] Level 1:colcon.colcon_core.package_identification:_identify(.) by extension 'cmake'
[0.260s] Level 1:colcon.colcon_core.package_identification:_identify(.) by extension 'python'
[0.260s] Level 1:colcon.colcon_core.package_identification:_identify(.) by extensions ['python_setup_py']
[0.260s] Level 1:colcon.colcon_core.package_identification:_identify(.) by extension 'python_setup_py'
[0.260s] Level 1:colcon.colcon_core.package_identification:_identify(build) by extensions ['ignore', 'ignore_ament_install']
[0.260s] Level 1:colcon.colcon_core.package_identification:_identify(build) by extension 'ignore'
[0.260s] Level 1:colcon.colcon_core.package_identification:_identify(build) ignored
[0.260s] Level 1:colcon.colcon_core.package_identification:_identify(install) by extensions ['ignore', 'ignore_ament_install']
[0.260s] Level 1:colcon.colcon_core.package_identification:_identify(install) by extension 'ignore'
[0.260s] Level 1:colcon.colcon_core.package_identification:_identify(install) ignored
[0.260s] Level 1:colcon.colcon_core.package_identification:_identify(log) by extensions ['ignore', 'ignore_ament_install']
[0.260s] Level 1:colcon.colcon_core.package_identification:_identify(log) by extension 'ignore'
[0.260s] Level 1:colcon.colcon_core.package_identification:_identify(log) ignored
[0.260s] Level 1:colcon.colcon_core.package_identification:_identify(src) by extensions ['ignore', 'ignore_ament_install']
[0.260s] Level 1:colcon.colcon_core.package_identification:_identify(src) by extension 'ignore'
[0.260s] Level 1:colcon.colcon_core.package_identification:_identify(src) by extension 'ignore_ament_install'
[0.261s] Level 1:colcon.colcon_core.package_identification:_identify(src) by extensions ['colcon_pkg']
[0.261s] Level 1:colcon.colcon_core.package_identification:_identify(src) by extension 'colcon_pkg'
[0.261s] Level 1:colcon.colcon_core.package_identification:_identify(src) by extensions ['colcon_meta']
[0.261s] Level 1:colcon.colcon_core.package_identification:_identify(src) by extension 'colcon_meta'
[0.261s] Level 1:colcon.colcon_core.package_identification:_identify(src) by extensions ['ros']
[0.261s] Level 1:colcon.colcon_core.package_identification:_identify(src) by extension 'ros'
[0.261s] Level 1:colcon.colcon_core.package_identification:_identify(src) by extensions ['cmake', 'python']
[0.261s] Level 1:colcon.colcon_core.package_identification:_identify(src) by extension 'cmake'
[0.261s] Level 1:colcon.colcon_core.package_identification:_identify(src) by extension 'python'
[0.261s] Level 1:colcon.colcon_core.package_identification:_identify(src) by extensions ['python_setup_py']
[0.261s] Level 1:colcon.colcon_core.package_identification:_identify(src) by extension 'python_setup_py'
[0.261s] Level 1:colcon.colcon_core.package_identification:_identify(src/EX1) by extensions ['ignore', 'ignore_ament_install']
[0.261s] Level 1:colcon.colcon_core.package_identification:_identify(src/EX1) by extension 'ignore'
[0.261s] Level 1:colcon.colcon_core.package_identification:_identify(src/EX1) by extension 'ignore_ament_install'
[0.261s] Level 1:colcon.colcon_core.package_identification:_identify(src/EX1) by extensions ['colcon_pkg']
[0.261s] Level 1:colcon.colcon_core.package_identification:_identify(src/EX1) by extension 'colcon_pkg'
[0.261s] Level 1:colcon.colcon_core.package_identification:_identify(src/EX1) by extensions ['colcon_meta']
[0.261s] Level 1:colcon.colcon_core.package_identification:_identify(src/EX1) by extension 'colcon_meta'
[0.261s] Level 1:colcon.colcon_core.package_identification:_identify(src/EX1) by extensions ['ros']
[0.261s] Level 1:colcon.colcon_core.package_identification:_identify(src/EX1) by extension 'ros'
[0.261s] Level 1:colcon.colcon_core.package_identification:_identify(src/EX1) by extensions ['cmake', 'python']
[0.261s] Level 1:colcon.colcon_core.package_identification:_identify(src/EX1) by extension 'cmake'
[0.261s] Level 1:colcon.colcon_core.package_identification:_identify(src/EX1) by extension 'python'
[0.261s] Level 1:colcon.colcon_core.package_identification:_identify(src/EX1) by extensions ['python_setup_py']
[0.261s] Level 1:colcon.colcon_core.package_identification:_identify(src/EX1) by extension 'python_setup_py'
[0.262s] Level 1:colcon.colcon_core.package_identification:_identify(src/EX1/rosbag2_2024_11_22-00_32_31) by extensions ['ignore', 'ignore_ament_install']
[0.262s] Level 1:colcon.colcon_core.package_identification:_identify(src/EX1/rosbag2_2024_11_22-00_32_31) by extension 'ignore'
[0.262s] Level 1:colcon.colcon_core.package_identification:_identify(src/EX1/rosbag2_2024_11_22-00_32_31) by extension 'ignore_ament_install'
[0.262s] Level 1:colcon.colcon_core.package_identification:_identify(src/EX1/rosbag2_2024_11_22-00_32_31) by extensions ['colcon_pkg']
[0.262s] Level 1:colcon.colcon_core.package_identification:_identify(src/EX1/rosbag2_2024_11_22-00_32_31) by extension 'colcon_pkg'
[0.262s] Level 1:colcon.colcon_core.package_identification:_identify(src/EX1/rosbag2_2024_11_22-00_32_31) by extensions ['colcon_meta']
[0.262s] Level 1:colcon.colcon_core.package_identification:_identify(src/EX1/rosbag2_2024_11_22-00_32_31) by extension 'colcon_meta'
[0.262s] Level 1:colcon.colcon_core.package_identification:_identify(src/EX1/rosbag2_2024_11_22-00_32_31) by extensions ['ros']
[0.262s] Level 1:colcon.colcon_core.package_identification:_identify(src/EX1/rosbag2_2024_11_22-00_32_31) by extension 'ros'
[0.262s] Level 1:colcon.colcon_core.package_identification:_identify(src/EX1/rosbag2_2024_11_22-00_32_31) by extensions ['cmake', 'python']
[0.262s] Level 1:colcon.colcon_core.package_identification:_identify(src/EX1/rosbag2_2024_11_22-00_32_31) by extension 'cmake'
[0.262s] Level 1:colcon.colcon_core.package_identification:_identify(src/EX1/rosbag2_2024_11_22-00_32_31) by extension 'python'
[0.262s] Level 1:colcon.colcon_core.package_identification:_identify(src/EX1/rosbag2_2024_11_22-00_32_31) by extensions ['python_setup_py']
[0.262s] Level 1:colcon.colcon_core.package_identification:_identify(src/EX1/rosbag2_2024_11_22-00_32_31) by extension 'python_setup_py'
[0.262s] Level 1:colcon.colcon_core.package_identification:_identify(src/EX1/sysmonitor_interfaces) by extensions ['ignore', 'ignore_ament_install']
[0.262s] Level 1:colcon.colcon_core.package_identification:_identify(src/EX1/sysmonitor_interfaces) by extension 'ignore'
[0.262s] Level 1:colcon.colcon_core.package_identification:_identify(src/EX1/sysmonitor_interfaces) by extension 'ignore_ament_install'
[0.262s] Level 1:colcon.colcon_core.package_identification:_identify(src/EX1/sysmonitor_interfaces) by extensions ['colcon_pkg']
[0.262s] Level 1:colcon.colcon_core.package_identification:_identify(src/EX1/sysmonitor_interfaces) by extension 'colcon_pkg'
[0.262s] Level 1:colcon.colcon_core.package_identification:_identify(src/EX1/sysmonitor_interfaces) by extensions ['colcon_meta']
[0.262s] Level 1:colcon.colcon_core.package_identification:_identify(src/EX1/sysmonitor_interfaces) by extension 'colcon_meta'
[0.262s] Level 1:colcon.colcon_core.package_identification:_identify(src/EX1/sysmonitor_interfaces) by extensions ['ros']
[0.262s] Level 1:colcon.colcon_core.package_identification:_identify(src/EX1/sysmonitor_interfaces) by extension 'ros'
[0.265s] DEBUG:colcon.colcon_core.package_identification:Package 'src/EX1/sysmonitor_interfaces' with type 'ros.ament_cmake' and name 'sysmonitor_interfaces'
[0.265s] Level 1:colcon.colcon_core.package_identification:_identify(src/sysmon_trigger_cpp) by extensions ['ignore', 'ignore_ament_install']
[0.265s] Level 1:colcon.colcon_core.package_identification:_identify(src/sysmon_trigger_cpp) by extension 'ignore'
[0.265s] Level 1:colcon.colcon_core.package_identification:_identify(src/sysmon_trigger_cpp) by extension 'ignore_ament_install'
[0.265s] Level 1:colcon.colcon_core.package_identification:_identify(src/sysmon_trigger_cpp) by extensions ['colcon_pkg']
[0.265s] Level 1:colcon.colcon_core.package_identification:_identify(src/sysmon_trigger_cpp) by extension 'colcon_pkg'
[0.265s] Level 1:colcon.colcon_core.package_identification:_identify(src/sysmon_trigger_cpp) by extensions ['colcon_meta']
[0.265s] Level 1:colcon.colcon_core.package_identification:_identify(src/sysmon_trigger_cpp) by extension 'colcon_meta'
[0.265s] Level 1:colcon.colcon_core.package_identification:_identify(src/sysmon_trigger_cpp) by extensions ['ros']
[0.265s] Level 1:colcon.colcon_core.package_identification:_identify(src/sysmon_trigger_cpp) by extension 'ros'
[0.266s] DEBUG:colcon.colcon_core.package_identification:Package 'src/sysmon_trigger_cpp' with type 'ros.ament_cmake' and name 'sysmon_trigger_cpp'
[0.266s] Level 1:colcon.colcon_core.package_discovery:discover_packages(recursive) using defaults
[0.266s] Level 1:colcon.colcon_core.package_discovery:discover_packages(ignore) discover
[0.266s] Level 1:colcon.colcon_core.package_discovery:discover_packages(ignore) using defaults
[0.266s] Level 1:colcon.colcon_core.package_discovery:discover_packages(path) discover
[0.266s] Level 1:colcon.colcon_core.package_discovery:discover_packages(path) using defaults
[0.293s] Level 1:colcon.colcon_core.package_discovery:discover_packages(prefix_path) check parameters
[0.293s] Level 1:colcon.colcon_core.package_discovery:discover_packages(prefix_path) discover
[0.294s] WARNING:colcon.colcon_ros.prefix_path.ament:The path '/home/uninacorse/ros2_ws/install/sysmon_trigger_cpp' in the environment variable AMENT_PREFIX_PATH doesn't exist
[0.294s] WARNING:colcon.colcon_ros.prefix_path.ament:The path '/home/uninacorse/ros2_ws/install/sysmonitor_interfaces' in the environment variable AMENT_PREFIX_PATH doesn't exist
[0.294s] WARNING:colcon.colcon_ros.prefix_path.catkin:The path '/home/uninacorse/ros2_ws/install/sysmon_trigger_cpp' in the environment variable CMAKE_PREFIX_PATH doesn't exist
[0.294s] WARNING:colcon.colcon_ros.prefix_path.catkin:The path '/home/uninacorse/ros2_ws/install/sysmonitor_interfaces' in the environment variable CMAKE_PREFIX_PATH doesn't exist
[0.295s] DEBUG:colcon.colcon_installed_package_information.package_discovery:Found 0 installed packages in /home/uninacorse/ros2_ws/install
[0.296s] DEBUG:colcon.colcon_installed_package_information.package_discovery:Found 325 installed packages in /opt/ros/humble
[0.297s] Level 1:colcon.colcon_core.package_discovery:discover_packages(prefix_path) using defaults
[0.339s] Level 5:colcon.colcon_core.verb:set package 'sysmonitor_interfaces' build argument 'cmake_args' from command line to 'None'
[0.339s] Level 5:colcon.colcon_core.verb:set package 'sysmonitor_interfaces' build argument 'cmake_target' from command line to 'None'
[0.339s] Level 5:colcon.colcon_core.verb:set package 'sysmonitor_interfaces' build argument 'cmake_target_skip_unavailable' from command line to 'False'
[0.339s] Level 5:colcon.colcon_core.verb:set package 'sysmonitor_interfaces' build argument 'cmake_clean_cache' from command line to 'False'
[0.339s] Level 5:colcon.colcon_core.verb:set package 'sysmonitor_interfaces' build argument 'cmake_clean_first' from command line to 'False'
[0.339s] Level 5:colcon.colcon_core.verb:set package 'sysmonitor_interfaces' build argument 'cmake_force_configure' from command line to 'False'
[0.339s] Level 5:colcon.colcon_core.verb:set package 'sysmonitor_interfaces' build argument 'ament_cmake_args' from command line to 'None'
[0.339s] Level 5:colcon.colcon_core.verb:set package 'sysmonitor_interfaces' build argument 'catkin_cmake_args' from command line to 'None'
[0.339s] Level 5:colcon.colcon_core.verb:set package 'sysmonitor_interfaces' build argument 'catkin_skip_building_tests' from command line to 'False'
[0.340s] DEBUG:colcon.colcon_core.verb:Building package 'sysmonitor_interfaces' with the following arguments: {'ament_cmake_args': None, 'build_base': '/home/uninacorse/ros2_ws/build/sysmonitor_interfaces', 'catkin_cmake_args': None, 'catkin_skip_building_tests': False, 'cmake_args': None, 'cmake_clean_cache': False, 'cmake_clean_first': False, 'cmake_force_configure': False, 'cmake_target': None, 'cmake_target_skip_unavailable': False, 'install_base': '/home/uninacorse/ros2_ws/install/sysmonitor_interfaces', 'merge_install': False, 'path': '/home/uninacorse/ros2_ws/src/EX1/sysmonitor_interfaces', 'symlink_install': False, 'test_result_base': None}
[0.340s] Level 5:colcon.colcon_core.verb:set package 'sysmon_trigger_cpp' build argument 'cmake_args' from command line to 'None'
[0.340s] Level 5:colcon.colcon_core.verb:set package 'sysmon_trigger_cpp' build argument 'cmake_target' from command line to 'None'
[0.340s] Level 5:colcon.colcon_core.verb:set package 'sysmon_trigger_cpp' build argument 'cmake_target_skip_unavailable' from command line to 'False'
[0.340s] Level 5:colcon.colcon_core.verb:set package 'sysmon_trigger_cpp' build argument 'cmake_clean_cache' from command line to 'False'
[0.340s] Level 5:colcon.colcon_core.verb:set package 'sysmon_trigger_cpp' build argument 'cmake_clean_first' from command line to 'False'
[0.340s] Level 5:colcon.colcon_core.verb:set package 'sysmon_trigger_cpp' build argument 'cmake_force_configure' from command line to 'False'
[0.340s] Level 5:colcon.colcon_core.verb:set package 'sysmon_trigger_cpp' build argument 'ament_cmake_args' from command line to 'None'
[0.340s] Level 5:colcon.colcon_core.verb:set package 'sysmon_trigger_cpp' build argument 'catkin_cmake_args' from command line to 'None'
[0.340s] Level 5:colcon.colcon_core.verb:set package 'sysmon_trigger_cpp' build argument 'catkin_skip_building_tests' from command line to 'False'
[0.340s] DEBUG:colcon.colcon_core.verb:Building package 'sysmon_trigger_cpp' with the following arguments: {'ament_cmake_args': None, 'build_base': '/home/uninacorse/ros2_ws/build/sysmon_trigger_cpp', 'catkin_cmake_args': None, 'catkin_skip_building_tests': False, 'cmake_args': None, 'cmake_clean_cache': False, 'cmake_clean_first': False, 'cmake_force_configure': False, 'cmake_target': None, 'cmake_target_skip_unavailable': False, 'install_base': '/home/uninacorse/ros2_ws/install/sysmon_trigger_cpp', 'merge_install': False, 'path': '/home/uninacorse/ros2_ws/src/sysmon_trigger_cpp', 'symlink_install': False, 'test_result_base': None}
[0.340s] INFO:colcon.colcon_core.executor:Executing jobs using 'parallel' executor
[0.341s] DEBUG:colcon.colcon_parallel_executor.executor.parallel:run_until_complete
[0.341s] INFO:colcon.colcon_ros.task.ament_cmake.build:Building ROS package in '/home/uninacorse/ros2_ws/src/EX1/sysmonitor_interfaces' with build type 'ament_cmake'
[0.341s] INFO:colcon.colcon_cmake.task.cmake.build:Building CMake package in '/home/uninacorse/ros2_ws/src/EX1/sysmonitor_interfaces'
[0.344s] INFO:colcon.colcon_core.plugin_system:Skipping extension 'colcon_core.shell.bat': Not used on non-Windows systems
[0.344s] INFO:colcon.colcon_core.shell:Skip shell extension 'powershell' for command environment: Not usable outside of PowerShell
[0.344s] DEBUG:colcon.colcon_core.shell:Skip shell extension 'dsv' for command environment
[0.351s] DEBUG:colcon.colcon_core.event_handler.log_command:Invoking command in '/home/uninacorse/ros2_ws/build/sysmonitor_interfaces': CMAKE_PREFIX_PATH=${CMAKE_PREFIX_PATH}:/opt/ros/humble /usr/bin/cmake /home/uninacorse/ros2_ws/src/EX1/sysmonitor_interfaces -DCMAKE_INSTALL_PREFIX=/home/uninacorse/ros2_ws/install/sysmonitor_interfaces
[1.728s] DEBUG:colcon.colcon_core.event_handler.log_command:Invoked command in '/home/uninacorse/ros2_ws/build/sysmonitor_interfaces' returned '0': CMAKE_PREFIX_PATH=${CMAKE_PREFIX_PATH}:/opt/ros/humble /usr/bin/cmake /home/uninacorse/ros2_ws/src/EX1/sysmonitor_interfaces -DCMAKE_INSTALL_PREFIX=/home/uninacorse/ros2_ws/install/sysmonitor_interfaces
[1.729s] DEBUG:colcon.colcon_core.event_handler.log_command:Invoking command in '/home/uninacorse/ros2_ws/build/sysmonitor_interfaces': CMAKE_PREFIX_PATH=${CMAKE_PREFIX_PATH}:/opt/ros/humble /usr/bin/cmake --build /home/uninacorse/ros2_ws/build/sysmonitor_interfaces -- -j4 -l4
[3.746s] DEBUG:colcon.colcon_core.event_handler.log_command:Invoked command in '/home/uninacorse/ros2_ws/build/sysmonitor_interfaces' returned '0': CMAKE_PREFIX_PATH=${CMAKE_PREFIX_PATH}:/opt/ros/humble /usr/bin/cmake --build /home/uninacorse/ros2_ws/build/sysmonitor_interfaces -- -j4 -l4
[3.756s] DEBUG:colcon.colcon_core.event_handler.log_command:Invoking command in '/home/uninacorse/ros2_ws/build/sysmonitor_interfaces': CMAKE_PREFIX_PATH=${CMAKE_PREFIX_PATH}:/opt/ros/humble /usr/bin/cmake --install /home/uninacorse/ros2_ws/build/sysmonitor_interfaces
[3.828s] Level 1:colcon.colcon_core.environment:create_environment_scripts_only(sysmonitor_interfaces)
[3.829s] DEBUG:colcon.colcon_core.event_handler.log_command:Invoked command in '/home/uninacorse/ros2_ws/build/sysmonitor_interfaces' returned '0': CMAKE_PREFIX_PATH=${CMAKE_PREFIX_PATH}:/opt/ros/humble /usr/bin/cmake --install /home/uninacorse/ros2_ws/build/sysmonitor_interfaces
[3.831s] Level 1:colcon.colcon_core.environment:checking '/home/uninacorse/ros2_ws/install/sysmonitor_interfaces' for CMake module files
[3.831s] Level 1:colcon.colcon_core.environment:checking '/home/uninacorse/ros2_ws/install/sysmonitor_interfaces' for CMake config files
[3.832s] Level 1:colcon.colcon_core.shell:create_environment_hook('sysmonitor_interfaces', 'cmake_prefix_path')
[3.832s] INFO:colcon.colcon_core.shell:Creating environment hook '/home/uninacorse/ros2_ws/install/sysmonitor_interfaces/share/sysmonitor_interfaces/hook/cmake_prefix_path.ps1'
[3.832s] INFO:colcon.colcon_core.shell:Creating environment descriptor '/home/uninacorse/ros2_ws/install/sysmonitor_interfaces/share/sysmonitor_interfaces/hook/cmake_prefix_path.dsv'
[3.833s] INFO:colcon.colcon_core.shell:Creating environment hook '/home/uninacorse/ros2_ws/install/sysmonitor_interfaces/share/sysmonitor_interfaces/hook/cmake_prefix_path.sh'
[3.833s] Level 1:colcon.colcon_core.environment:checking '/home/uninacorse/ros2_ws/install/sysmonitor_interfaces/lib'
[3.834s] Level 1:colcon.colcon_core.shell:create_environment_hook('sysmonitor_interfaces', 'ld_library_path_lib')
[3.834s] INFO:colcon.colcon_core.shell:Creating environment hook '/home/uninacorse/ros2_ws/install/sysmonitor_interfaces/share/sysmonitor_interfaces/hook/ld_library_path_lib.ps1'
[3.834s] INFO:colcon.colcon_core.shell:Creating environment descriptor '/home/uninacorse/ros2_ws/install/sysmonitor_interfaces/share/sysmonitor_interfaces/hook/ld_library_path_lib.dsv'
[3.834s] INFO:colcon.colcon_core.shell:Creating environment hook '/home/uninacorse/ros2_ws/install/sysmonitor_interfaces/share/sysmonitor_interfaces/hook/ld_library_path_lib.sh'
[3.835s] Level 1:colcon.colcon_core.environment:checking '/home/uninacorse/ros2_ws/install/sysmonitor_interfaces/bin'
[3.835s] Level 1:colcon.colcon_core.environment:checking '/home/uninacorse/ros2_ws/install/sysmonitor_interfaces/lib/pkgconfig/sysmonitor_interfaces.pc'
[3.835s] Level 1:colcon.colcon_core.environment:checking '/home/uninacorse/ros2_ws/install/sysmonitor_interfaces/lib/python3.10/site-packages'
[3.835s] Level 1:colcon.colcon_core.environment:checking '/home/uninacorse/ros2_ws/install/sysmonitor_interfaces/bin'
[3.836s] INFO:colcon.colcon_core.shell:Creating package script '/home/uninacorse/ros2_ws/install/sysmonitor_interfaces/share/sysmonitor_interfaces/package.ps1'
[3.836s] INFO:colcon.colcon_core.shell:Creating package descriptor '/home/uninacorse/ros2_ws/install/sysmonitor_interfaces/share/sysmonitor_interfaces/package.dsv'
[3.837s] INFO:colcon.colcon_core.shell:Creating package script '/home/uninacorse/ros2_ws/install/sysmonitor_interfaces/share/sysmonitor_interfaces/package.sh'
[3.837s] INFO:colcon.colcon_core.shell:Creating package script '/home/uninacorse/ros2_ws/install/sysmonitor_interfaces/share/sysmonitor_interfaces/package.bash'
[3.838s] INFO:colcon.colcon_core.shell:Creating package script '/home/uninacorse/ros2_ws/install/sysmonitor_interfaces/share/sysmonitor_interfaces/package.zsh'
[3.838s] Level 1:colcon.colcon_core.environment:create_file_with_runtime_dependencies(/home/uninacorse/ros2_ws/install/sysmonitor_interfaces/share/colcon-core/packages/sysmonitor_interfaces)
[3.839s] Level 1:colcon.colcon_core.environment:create_environment_scripts_only(sysmonitor_interfaces)
[3.839s] Level 1:colcon.colcon_core.environment:checking '/home/uninacorse/ros2_ws/install/sysmonitor_interfaces' for CMake module files
[3.840s] Level 1:colcon.colcon_core.environment:checking '/home/uninacorse/ros2_ws/install/sysmonitor_interfaces' for CMake config files
[3.840s] Level 1:colcon.colcon_core.shell:create_environment_hook('sysmonitor_interfaces', 'cmake_prefix_path')
[3.840s] INFO:colcon.colcon_core.shell:Creating environment hook '/home/uninacorse/ros2_ws/install/sysmonitor_interfaces/share/sysmonitor_interfaces/hook/cmake_prefix_path.ps1'
[3.841s] INFO:colcon.colcon_core.shell:Creating environment descriptor '/home/uninacorse/ros2_ws/install/sysmonitor_interfaces/share/sysmonitor_interfaces/hook/cmake_prefix_path.dsv'
[3.841s] INFO:colcon.colcon_core.shell:Creating environment hook '/home/uninacorse/ros2_ws/install/sysmonitor_interfaces/share/sysmonitor_interfaces/hook/cmake_prefix_path.sh'
[3.842s] Level 1:colcon.colcon_core.environment:checking '/home/uninacorse/ros2_ws/install/sysmonitor_interfaces/lib'
[3.842s] Level 1:colcon.colcon_core.shell:create_environment_hook('sysmonitor_interfaces', 'ld_library_path_lib')
[3.842s] INFO:colcon.colcon_core.shell:Creating environment hook '/home/uninacorse/ros2_ws/install/sysmonitor_interfaces/share/sysmonitor_interfaces/hook/ld_library_path_lib.ps1'
[3.842s] INFO:colcon.colcon_core.shell:Creating environment descriptor '/home/uninacorse/ros2_ws/install/sysmonitor_interfaces/share/sysmonitor_interfaces/hook/ld_library_path_lib.dsv'
[3.842s] INFO:colcon.colcon_core.shell:Creating environment hook '/home/uninacorse/ros2_ws/install/sysmonitor_interfaces/share/sysmonitor_interfaces/hook/ld_library_path_lib.sh'
[3.843s] Level 1:colcon.colcon_core.environment:checking '/home/uninacorse/ros2_ws/install/sysmonitor_interfaces/bin'
[3.843s] Level 1:colcon.colcon_core.environment:checking '/home/uninacorse/ros2_ws/install/sysmonitor_interfaces/lib/pkgconfig/sysmonitor_interfaces.pc'
[3.843s] Level 1:colcon.colcon_core.environment:checking '/home/uninacorse/ros2_ws/install/sysmonitor_interfaces/lib/python3.10/site-packages'
[3.843s] Level 1:colcon.colcon_core.environment:checking '/home/uninacorse/ros2_ws/install/sysmonitor_interfaces/bin'
[3.844s] INFO:colcon.colcon_core.shell:Creating package script '/home/uninacorse/ros2_ws/install/sysmonitor_interfaces/share/sysmonitor_interfaces/package.ps1'
[3.844s] INFO:colcon.colcon_core.shell:Creating package descriptor '/home/uninacorse/ros2_ws/install/sysmonitor_interfaces/share/sysmonitor_interfaces/package.dsv'
[3.845s] INFO:colcon.colcon_core.shell:Creating package script '/home/uninacorse/ros2_ws/install/sysmonitor_interfaces/share/sysmonitor_interfaces/package.sh'
[3.845s] INFO:colcon.colcon_core.shell:Creating package script '/home/uninacorse/ros2_ws/install/sysmonitor_interfaces/share/sysmonitor_interfaces/package.bash'
[3.845s] INFO:colcon.colcon_core.shell:Creating package script '/home/uninacorse/ros2_ws/install/sysmonitor_interfaces/share/sysmonitor_interfaces/package.zsh'
[3.846s] Level 1:colcon.colcon_core.environment:create_file_with_runtime_dependencies(/home/uninacorse/ros2_ws/install/sysmonitor_interfaces/share/colcon-core/packages/sysmonitor_interfaces)
[3.846s] INFO:colcon.colcon_ros.task.ament_cmake.build:Building ROS package in '/home/uninacorse/ros2_ws/src/sysmon_trigger_cpp' with build type 'ament_cmake'
[3.846s] INFO:colcon.colcon_cmake.task.cmake.build:Building CMake package in '/home/uninacorse/ros2_ws/src/sysmon_trigger_cpp'
[3.846s] INFO:colcon.colcon_core.shell:Skip shell extension 'powershell' for command environment: Not usable outside of PowerShell
[3.847s] DEBUG:colcon.colcon_core.shell:Skip shell extension 'dsv' for command environment
[3.858s] DEBUG:colcon.colcon_core.event_handler.log_command:Invoking command in '/home/uninacorse/ros2_ws/build/sysmon_trigger_cpp': CMAKE_PREFIX_PATH=/home/uninacorse/ros2_ws/install/sysmonitor_interfaces:/home/uninacorse/ros2_ws/install/sysmon_trigger_cpp:/opt/ros/humble /usr/bin/cmake /home/uninacorse/ros2_ws/src/sysmon_trigger_cpp -DCMAKE_INSTALL_PREFIX=/home/uninacorse/ros2_ws/install/sysmon_trigger_cpp
[4.905s] DEBUG:colcon.colcon_core.event_handler.log_command:Invoked command in '/home/uninacorse/ros2_ws/build/sysmon_trigger_cpp' returned '0': CMAKE_PREFIX_PATH=/home/uninacorse/ros2_ws/install/sysmonitor_interfaces:/home/uninacorse/ros2_ws/install/sysmon_trigger_cpp:/opt/ros/humble /usr/bin/cmake /home/uninacorse/ros2_ws/src/sysmon_trigger_cpp -DCMAKE_INSTALL_PREFIX=/home/uninacorse/ros2_ws/install/sysmon_trigger_cpp
[4.906s] DEBUG:colcon.colcon_core.event_handler.log_command:Invoking command in '/home/uninacorse/ros2_ws/build/sysmon_trigger_cpp': CMAKE_PREFIX_PATH=/home/uninacorse/ros2_ws/install/sysmonitor_interfaces:/home/uninacorse/ros2_ws/install/sysmon_trigger_cpp:/opt/ros/humble /usr/bin/cmake --build /home/uninacorse/ros2_ws/build/sysmon_trigger_cpp -- -j4 -l4
[13.030s] DEBUG:colcon.colcon_core.event_handler.log_command:Invoked command in '/home/uninacorse/ros2_ws/build/sysmon_trigger_cpp' returned '0': CMAKE_PREFIX_PATH=/home/uninacorse/ros2_ws/install/sysmonitor_interfaces:/home/uninacorse/ros2_ws/install/sysmon_trigger_cpp:/opt/ros/humble /usr/bin/cmake --build /home/uninacorse/ros2_ws/build/sysmon_trigger_cpp -- -j4 -l4
[13.030s] DEBUG:colcon.colcon_core.event_handler.log_command:Invoking command in '/home/uninacorse/ros2_ws/build/sysmon_trigger_cpp': CMAKE_PREFIX_PATH=/home/uninacorse/ros2_ws/install/sysmonitor_interfaces:/home/uninacorse/ros2_ws/install/sysmon_trigger_cpp:/opt/ros/humble /usr/bin/cmake --install /home/uninacorse/ros2_ws/build/sysmon_trigger_cpp
[13.044s] Level 1:colcon.colcon_core.environment:create_environment_scripts_only(sysmon_trigger_cpp)
[13.044s] Level 1:colcon.colcon_core.environment:checking '/home/uninacorse/ros2_ws/install/sysmon_trigger_cpp' for CMake module files
[13.045s] Level 1:colcon.colcon_core.environment:checking '/home/uninacorse/ros2_ws/install/sysmon_trigger_cpp' for CMake config files
[13.045s] Level 1:colcon.colcon_core.shell:create_environment_hook('sysmon_trigger_cpp', 'cmake_prefix_path')
[13.045s] INFO:colcon.colcon_core.shell:Creating environment hook '/home/uninacorse/ros2_ws/install/sysmon_trigger_cpp/share/sysmon_trigger_cpp/hook/cmake_prefix_path.ps1'
[13.046s] DEBUG:colcon.colcon_core.event_handler.log_command:Invoked command in '/home/uninacorse/ros2_ws/build/sysmon_trigger_cpp' returned '0': CMAKE_PREFIX_PATH=/home/uninacorse/ros2_ws/install/sysmonitor_interfaces:/home/uninacorse/ros2_ws/install/sysmon_trigger_cpp:/opt/ros/humble /usr/bin/cmake --install /home/uninacorse/ros2_ws/build/sysmon_trigger_cpp
[13.046s] INFO:colcon.colcon_core.shell:Creating environment descriptor '/home/uninacorse/ros2_ws/install/sysmon_trigger_cpp/share/sysmon_trigger_cpp/hook/cmake_prefix_path.dsv'
[13.046s] INFO:colcon.colcon_core.shell:Creating environment hook '/home/uninacorse/ros2_ws/install/sysmon_trigger_cpp/share/sysmon_trigger_cpp/hook/cmake_prefix_path.sh'
[13.047s] Level 1:colcon.colcon_core.environment:checking '/home/uninacorse/ros2_ws/install/sysmon_trigger_cpp/lib'
[13.047s] Level 1:colcon.colcon_core.environment:checking '/home/uninacorse/ros2_ws/install/sysmon_trigger_cpp/bin'
[13.047s] Level 1:colcon.colcon_core.environment:checking '/home/uninacorse/ros2_ws/install/sysmon_trigger_cpp/lib/pkgconfig/sysmon_trigger_cpp.pc'
[13.047s] Level 1:colcon.colcon_core.environment:checking '/home/uninacorse/ros2_ws/install/sysmon_trigger_cpp/lib/python3.10/site-packages'
[13.047s] Level 1:colcon.colcon_core.environment:checking '/home/uninacorse/ros2_ws/install/sysmon_trigger_cpp/bin'
[13.047s] INFO:colcon.colcon_core.shell:Creating package script '/home/uninacorse/ros2_ws/install/sysmon_trigger_cpp/share/sysmon_trigger_cpp/package.ps1'
[13.048s] INFO:colcon.colcon_core.shell:Creating package descriptor '/home/uninacorse/ros2_ws/install/sysmon_trigger_cpp/share/sysmon_trigger_cpp/package.dsv'
[13.048s] INFO:colcon.colcon_core.shell:Creating package script '/home/uninacorse/ros2_ws/install/sysmon_trigger_cpp/share/sysmon_trigger_cpp/package.sh'
[13.049s] INFO:colcon.colcon_core.shell:Creating package script '/home/uninacorse/ros2_ws/install/sysmon_trigger_cpp/share/sysmon_trigger_cpp/package.bash'
[13.049s] INFO:colcon.colcon_core.shell:Creating package script '/home/uninacorse/ros2_ws/install/sysmon_trigger_cpp/share/sysmon_trigger_cpp/package.zsh'
[13.049s] Level 1:colcon.colcon_core.environment:create_file_with_runtime_dependencies(/home/uninacorse/ros2_ws/install/sysmon_trigger_cpp/share/colcon-core/packages/sysmon_trigger_cpp)
[13.050s] Level 1:colcon.colcon_core.environment:create_environment_scripts_only(sysmon_trigger_cpp)
[13.050s] Level 1:colcon.colcon_core.environment:checking '/home/uninacorse/ros2_ws/install/sysmon_trigger_cpp' for CMake module files
[13.050s] Level 1:colcon.colcon_core.environment:checking '/home/uninacorse/ros2_ws/install/sysmon_trigger_cpp' for CMake config files
[13.050s] Level 1:colcon.colcon_core.shell:create_environment_hook('sysmon_trigger_cpp', 'cmake_prefix_path')
[13.051s] INFO:colcon.colcon_core.shell:Creating environment hook '/home/uninacorse/ros2_ws/install/sysmon_trigger_cpp/share/sysmon_trigger_cpp/hook/cmake_prefix_path.ps1'
[13.051s] INFO:colcon.colcon_core.shell:Creating environment descriptor '/home/uninacorse/ros2_ws/install/sysmon_trigger_cpp/share/sysmon_trigger_cpp/hook/cmake_prefix_path.dsv'
[13.051s] INFO:colcon.colcon_core.shell:Creating environment hook '/home/uninacorse/ros2_ws/install/sysmon_trigger_cpp/share/sysmon_trigger_cpp/hook/cmake_prefix_path.sh'
[13.052s] Level 1:colcon.colcon_core.environment:checking '/home/uninacorse/ros2_ws/install/sysmon_trigger_cpp/lib'
[13.052s] Level 1:colcon.colcon_core.environment:checking '/home/uninacorse/ros2_ws/install/sysmon_trigger_cpp/bin'
[13.052s] Level 1:colcon.colcon_core.environment:checking '/home/uninacorse/ros2_ws/install/sysmon_trigger_cpp/lib/pkgconfig/sysmon_trigger_cpp.pc'
[13.052s] Level 1:colcon.colcon_core.environment:checking '/home/uninacorse/ros2_ws/install/sysmon_trigger_cpp/lib/python3.10/site-packages'
[13.052s] Level 1:colcon.colcon_core.environment:checking '/home/uninacorse/ros2_ws/install/sysmon_trigger_cpp/bin'
[13.053s] INFO:colcon.colcon_core.shell:Creating package script '/home/uninacorse/ros2_ws/install/sysmon_trigger_cpp/share/sysmon_trigger_cpp/package.ps1'
[13.053s] INFO:colcon.colcon_core.shell:Creating package descriptor '/home/uninacorse/ros2_ws/install/sysmon_trigger_cpp/share/sysmon_trigger_cpp/package.dsv'
[13.053s] INFO:colcon.colcon_core.shell:Creating package script '/home/uninacorse/ros2_ws/install/sysmon_trigger_cpp/share/sysmon_trigger_cpp/package.sh'
[13.054s] INFO:colcon.colcon_core.shell:Creating package script '/home/uninacorse/ros2_ws/install/sysmon_trigger_cpp/share/sysmon_trigger_cpp/package.bash'
[13.054s] INFO:colcon.colcon_core.shell:Creating package script '/home/uninacorse/ros2_ws/install/sysmon_trigger_cpp/share/sysmon_trigger_cpp/package.zsh'
[13.055s] Level 1:colcon.colcon_core.environment:create_file_with_runtime_dependencies(/home/uninacorse/ros2_ws/install/sysmon_trigger_cpp/share/colcon-core/packages/sysmon_trigger_cpp)
[13.055s] DEBUG:colcon.colcon_parallel_executor.executor.parallel:closing loop
[13.055s] DEBUG:colcon.colcon_parallel_executor.executor.parallel:loop closed
[13.055s] DEBUG:colcon.colcon_parallel_executor.executor.parallel:run_until_complete finished with '0'
[13.055s] DEBUG:colcon.colcon_core.event_reactor:joining thread
[13.060s] INFO:colcon.colcon_core.plugin_system:Skipping extension 'colcon_notification.desktop_notification.terminal_notifier': Not used on non-Darwin systems
[13.060s] INFO:colcon.colcon_core.plugin_system:Skipping extension 'colcon_notification.desktop_notification.win32': Not used on non-Windows systems
[13.060s] INFO:colcon.colcon_notification.desktop_notification:Sending desktop notification using 'notify2'
[13.072s] DEBUG:colcon.colcon_core.event_reactor:joined thread
[13.072s] INFO:colcon.colcon_core.shell:Creating prefix script '/home/uninacorse/ros2_ws/install/local_setup.ps1'
[13.073s] INFO:colcon.colcon_core.shell:Creating prefix util module '/home/uninacorse/ros2_ws/install/_local_setup_util_ps1.py'
[13.075s] INFO:colcon.colcon_core.shell:Creating prefix chain script '/home/uninacorse/ros2_ws/install/setup.ps1'
[13.076s] INFO:colcon.colcon_core.shell:Creating prefix script '/home/uninacorse/ros2_ws/install/local_setup.sh'
[13.076s] INFO:colcon.colcon_core.shell:Creating prefix util module '/home/uninacorse/ros2_ws/install/_local_setup_util_sh.py'
[13.077s] INFO:colcon.colcon_core.shell:Creating prefix chain script '/home/uninacorse/ros2_ws/install/setup.sh'
[13.078s] INFO:colcon.colcon_core.shell:Creating prefix script '/home/uninacorse/ros2_ws/install/local_setup.bash'
[13.078s] INFO:colcon.colcon_core.shell:Creating prefix chain script '/home/uninacorse/ros2_ws/install/setup.bash'
[13.079s] INFO:colcon.colcon_core.shell:Creating prefix script '/home/uninacorse/ros2_ws/install/local_setup.zsh'
[13.079s] INFO:colcon.colcon_core.shell:Creating prefix chain script '/home/uninacorse/ros2_ws/install/setup.zsh'
