[0.115s] DEBUG:colcon:Command line arguments: ['/usr/bin/colcon', 'build']
[0.115s] DEBUG:colcon:Parsed command line arguments: Namespace(log_base=None, log_level=None, verb_name='build', build_base='build', install_base='install', merge_install=False, symlink_install=False, test_result_base=None, continue_on_error=False, executor='parallel', parallel_workers=4, event_handlers=None, ignore_user_meta=False, metas=['./colcon.meta'], base_paths=['.'], packages_ignore=None, packages_ignore_regex=None, paths=None, packages_up_to=None, packages_up_to_regex=None, packages_above=None, packages_above_and_dependencies=None, packages_above_depth=None, packages_select_by_dep=None, packages_skip_by_dep=None, packages_skip_up_to=None, packages_select_build_failed=False, packages_skip_build_finished=False, packages_select_test_failures=False, packages_skip_test_passed=False, packages_select=None, packages_skip=None, packages_select_regex=None, packages_skip_regex=None, packages_start=None, packages_end=None, allow_overriding=[], cmake_args=None, cmake_target=None, cmake_target_skip_unavailable=False, cmake_clean_cache=False, cmake_clean_first=False, cmake_force_configure=False, ament_cmake_args=None, catkin_cmake_args=None, catkin_skip_building_tests=False, mixin_files=None, mixin=None, verb_parser=<colcon_mixin.mixin.mixin_argument.MixinArgumentDecorator object at 0x75fbf5465a20>, verb_extension=<colcon_core.verb.build.BuildVerb object at 0x75fbf5464b80>, main=<bound method BuildVerb.main of <colcon_core.verb.build.BuildVerb object at 0x75fbf5464b80>>, mixin_verb=('build',))
[0.281s] Level 1:colcon.colcon_core.package_discovery:discover_packages(colcon_meta) check parameters
[0.281s] Level 1:colcon.colcon_core.package_discovery:discover_packages(recursive) check parameters
[0.281s] Level 1:colcon.colcon_core.package_discovery:discover_packages(ignore) check parameters
[0.281s] Level 1:colcon.colcon_core.package_discovery:discover_packages(path) check parameters
[0.281s] Level 1:colcon.colcon_core.package_discovery:discover_packages(colcon_meta) discover
[0.281s] Level 1:colcon.colcon_core.package_discovery:discover_packages(recursive) discover
[0.281s] INFO:colcon.colcon_core.package_discovery:Crawling recursively for packages in '/home/uninacorse/ex2_ws'
[0.281s] Level 1:colcon.colcon_core.package_identification:_identify(.) by extensions ['ignore', 'ignore_ament_install']
[0.281s] Level 1:colcon.colcon_core.package_identification:_identify(.) by extension 'ignore'
[0.281s] Level 1:colcon.colcon_core.package_identification:_identify(.) by extension 'ignore_ament_install'
[0.281s] Level 1:colcon.colcon_core.package_identification:_identify(.) by extensions ['colcon_pkg']
[0.281s] Level 1:colcon.colcon_core.package_identification:_identify(.) by extension 'colcon_pkg'
[0.281s] Level 1:colcon.colcon_core.package_identification:_identify(.) by extensions ['colcon_meta']
[0.281s] Level 1:colcon.colcon_core.package_identification:_identify(.) by extension 'colcon_meta'
[0.281s] Level 1:colcon.colcon_core.package_identification:_identify(.) by extensions ['ros']
[0.282s] Level 1:colcon.colcon_core.package_identification:_identify(.) by extension 'ros'
[0.292s] Level 1:colcon.colcon_core.package_identification:_identify(.) by extensions ['cmake', 'python']
[0.292s] Level 1:colcon.colcon_core.package_identification:_identify(.) by extension 'cmake'
[0.293s] Level 1:colcon.colcon_core.package_identification:_identify(.) by extension 'python'
[0.293s] Level 1:colcon.colcon_core.package_identification:_identify(.) by extensions ['python_setup_py']
[0.293s] Level 1:colcon.colcon_core.package_identification:_identify(.) by extension 'python_setup_py'
[0.293s] Level 1:colcon.colcon_core.package_identification:_identify(build) by extensions ['ignore', 'ignore_ament_install']
[0.293s] Level 1:colcon.colcon_core.package_identification:_identify(build) by extension 'ignore'
[0.293s] Level 1:colcon.colcon_core.package_identification:_identify(build) ignored
[0.293s] Level 1:colcon.colcon_core.package_identification:_identify(install) by extensions ['ignore', 'ignore_ament_install']
[0.293s] Level 1:colcon.colcon_core.package_identification:_identify(install) by extension 'ignore'
[0.293s] Level 1:colcon.colcon_core.package_identification:_identify(install) ignored
[0.293s] Level 1:colcon.colcon_core.package_identification:_identify(log) by extensions ['ignore', 'ignore_ament_install']
[0.293s] Level 1:colcon.colcon_core.package_identification:_identify(log) by extension 'ignore'
[0.294s] Level 1:colcon.colcon_core.package_identification:_identify(log) ignored
[0.294s] Level 1:colcon.colcon_core.package_identification:_identify(src) by extensions ['ignore', 'ignore_ament_install']
[0.294s] Level 1:colcon.colcon_core.package_identification:_identify(src) by extension 'ignore'
[0.294s] Level 1:colcon.colcon_core.package_identification:_identify(src) by extension 'ignore_ament_install'
[0.294s] Level 1:colcon.colcon_core.package_identification:_identify(src) by extensions ['colcon_pkg']
[0.294s] Level 1:colcon.colcon_core.package_identification:_identify(src) by extension 'colcon_pkg'
[0.294s] Level 1:colcon.colcon_core.package_identification:_identify(src) by extensions ['colcon_meta']
[0.294s] Level 1:colcon.colcon_core.package_identification:_identify(src) by extension 'colcon_meta'
[0.294s] Level 1:colcon.colcon_core.package_identification:_identify(src) by extensions ['ros']
[0.294s] Level 1:colcon.colcon_core.package_identification:_identify(src) by extension 'ros'
[0.294s] Level 1:colcon.colcon_core.package_identification:_identify(src) by extensions ['cmake', 'python']
[0.294s] Level 1:colcon.colcon_core.package_identification:_identify(src) by extension 'cmake'
[0.294s] Level 1:colcon.colcon_core.package_identification:_identify(src) by extension 'python'
[0.294s] Level 1:colcon.colcon_core.package_identification:_identify(src) by extensions ['python_setup_py']
[0.294s] Level 1:colcon.colcon_core.package_identification:_identify(src) by extension 'python_setup_py'
[0.294s] Level 1:colcon.colcon_core.package_identification:_identify(src/EX2) by extensions ['ignore', 'ignore_ament_install']
[0.294s] Level 1:colcon.colcon_core.package_identification:_identify(src/EX2) by extension 'ignore'
[0.294s] Level 1:colcon.colcon_core.package_identification:_identify(src/EX2) by extension 'ignore_ament_install'
[0.294s] Level 1:colcon.colcon_core.package_identification:_identify(src/EX2) by extensions ['colcon_pkg']
[0.294s] Level 1:colcon.colcon_core.package_identification:_identify(src/EX2) by extension 'colcon_pkg'
[0.295s] Level 1:colcon.colcon_core.package_identification:_identify(src/EX2) by extensions ['colcon_meta']
[0.295s] Level 1:colcon.colcon_core.package_identification:_identify(src/EX2) by extension 'colcon_meta'
[0.295s] Level 1:colcon.colcon_core.package_identification:_identify(src/EX2) by extensions ['ros']
[0.295s] Level 1:colcon.colcon_core.package_identification:_identify(src/EX2) by extension 'ros'
[0.295s] Level 1:colcon.colcon_core.package_identification:_identify(src/EX2) by extensions ['cmake', 'python']
[0.295s] Level 1:colcon.colcon_core.package_identification:_identify(src/EX2) by extension 'cmake'
[0.295s] Level 1:colcon.colcon_core.package_identification:_identify(src/EX2) by extension 'python'
[0.295s] Level 1:colcon.colcon_core.package_identification:_identify(src/EX2) by extensions ['python_setup_py']
[0.295s] Level 1:colcon.colcon_core.package_identification:_identify(src/EX2) by extension 'python_setup_py'
[0.295s] Level 1:colcon.colcon_core.package_identification:_identify(src/EX2/fault_detection) by extensions ['ignore', 'ignore_ament_install']
[0.295s] Level 1:colcon.colcon_core.package_identification:_identify(src/EX2/fault_detection) by extension 'ignore'
[0.295s] Level 1:colcon.colcon_core.package_identification:_identify(src/EX2/fault_detection) by extension 'ignore_ament_install'
[0.295s] Level 1:colcon.colcon_core.package_identification:_identify(src/EX2/fault_detection) by extensions ['colcon_pkg']
[0.295s] Level 1:colcon.colcon_core.package_identification:_identify(src/EX2/fault_detection) by extension 'colcon_pkg'
[0.295s] Level 1:colcon.colcon_core.package_identification:_identify(src/EX2/fault_detection) by extensions ['colcon_meta']
[0.295s] Level 1:colcon.colcon_core.package_identification:_identify(src/EX2/fault_detection) by extension 'colcon_meta'
[0.295s] Level 1:colcon.colcon_core.package_identification:_identify(src/EX2/fault_detection) by extensions ['ros']
[0.295s] Level 1:colcon.colcon_core.package_identification:_identify(src/EX2/fault_detection) by extension 'ros'
[0.298s] DEBUG:colcon.colcon_core.package_identification:Package 'src/EX2/fault_detection' with type 'ros.ament_cmake' and name 'fault_detection'
[0.299s] Level 1:colcon.colcon_core.package_identification:_identify(src/EX2/rosbag2_2024_11_27-15_00_23) by extensions ['ignore', 'ignore_ament_install']
[0.299s] Level 1:colcon.colcon_core.package_identification:_identify(src/EX2/rosbag2_2024_11_27-15_00_23) by extension 'ignore'
[0.299s] Level 1:colcon.colcon_core.package_identification:_identify(src/EX2/rosbag2_2024_11_27-15_00_23) by extension 'ignore_ament_install'
[0.299s] Level 1:colcon.colcon_core.package_identification:_identify(src/EX2/rosbag2_2024_11_27-15_00_23) by extensions ['colcon_pkg']
[0.299s] Level 1:colcon.colcon_core.package_identification:_identify(src/EX2/rosbag2_2024_11_27-15_00_23) by extension 'colcon_pkg'
[0.299s] Level 1:colcon.colcon_core.package_identification:_identify(src/EX2/rosbag2_2024_11_27-15_00_23) by extensions ['colcon_meta']
[0.299s] Level 1:colcon.colcon_core.package_identification:_identify(src/EX2/rosbag2_2024_11_27-15_00_23) by extension 'colcon_meta'
[0.299s] Level 1:colcon.colcon_core.package_identification:_identify(src/EX2/rosbag2_2024_11_27-15_00_23) by extensions ['ros']
[0.299s] Level 1:colcon.colcon_core.package_identification:_identify(src/EX2/rosbag2_2024_11_27-15_00_23) by extension 'ros'
[0.299s] Level 1:colcon.colcon_core.package_identification:_identify(src/EX2/rosbag2_2024_11_27-15_00_23) by extensions ['cmake', 'python']
[0.299s] Level 1:colcon.colcon_core.package_identification:_identify(src/EX2/rosbag2_2024_11_27-15_00_23) by extension 'cmake'
[0.299s] Level 1:colcon.colcon_core.package_identification:_identify(src/EX2/rosbag2_2024_11_27-15_00_23) by extension 'python'
[0.299s] Level 1:colcon.colcon_core.package_identification:_identify(src/EX2/rosbag2_2024_11_27-15_00_23) by extensions ['python_setup_py']
[0.299s] Level 1:colcon.colcon_core.package_identification:_identify(src/EX2/rosbag2_2024_11_27-15_00_23) by extension 'python_setup_py'
[0.299s] Level 1:colcon.colcon_core.package_identification:_identify(src/EX2/sysmonitor_interfaces) by extensions ['ignore', 'ignore_ament_install']
[0.299s] Level 1:colcon.colcon_core.package_identification:_identify(src/EX2/sysmonitor_interfaces) by extension 'ignore'
[0.299s] Level 1:colcon.colcon_core.package_identification:_identify(src/EX2/sysmonitor_interfaces) by extension 'ignore_ament_install'
[0.299s] Level 1:colcon.colcon_core.package_identification:_identify(src/EX2/sysmonitor_interfaces) by extensions ['colcon_pkg']
[0.299s] Level 1:colcon.colcon_core.package_identification:_identify(src/EX2/sysmonitor_interfaces) by extension 'colcon_pkg'
[0.299s] Level 1:colcon.colcon_core.package_identification:_identify(src/EX2/sysmonitor_interfaces) by extensions ['colcon_meta']
[0.300s] Level 1:colcon.colcon_core.package_identification:_identify(src/EX2/sysmonitor_interfaces) by extension 'colcon_meta'
[0.300s] Level 1:colcon.colcon_core.package_identification:_identify(src/EX2/sysmonitor_interfaces) by extensions ['ros']
[0.300s] Level 1:colcon.colcon_core.package_identification:_identify(src/EX2/sysmonitor_interfaces) by extension 'ros'
[0.300s] DEBUG:colcon.colcon_core.package_identification:Package 'src/EX2/sysmonitor_interfaces' with type 'ros.ament_cmake' and name 'sysmonitor_interfaces'
[0.300s] Level 1:colcon.colcon_core.package_discovery:discover_packages(recursive) using defaults
[0.300s] Level 1:colcon.colcon_core.package_discovery:discover_packages(ignore) discover
[0.300s] Level 1:colcon.colcon_core.package_discovery:discover_packages(ignore) using defaults
[0.300s] Level 1:colcon.colcon_core.package_discovery:discover_packages(path) discover
[0.300s] Level 1:colcon.colcon_core.package_discovery:discover_packages(path) using defaults
[0.330s] Level 1:colcon.colcon_core.package_discovery:discover_packages(prefix_path) check parameters
[0.330s] Level 1:colcon.colcon_core.package_discovery:discover_packages(prefix_path) discover
[0.333s] DEBUG:colcon.colcon_installed_package_information.package_discovery:Found 327 installed packages in /opt/ros/humble
[0.334s] Level 1:colcon.colcon_core.package_discovery:discover_packages(prefix_path) using defaults
[0.378s] Level 5:colcon.colcon_core.verb:set package 'sysmonitor_interfaces' build argument 'cmake_args' from command line to 'None'
[0.378s] Level 5:colcon.colcon_core.verb:set package 'sysmonitor_interfaces' build argument 'cmake_target' from command line to 'None'
[0.378s] Level 5:colcon.colcon_core.verb:set package 'sysmonitor_interfaces' build argument 'cmake_target_skip_unavailable' from command line to 'False'
[0.378s] Level 5:colcon.colcon_core.verb:set package 'sysmonitor_interfaces' build argument 'cmake_clean_cache' from command line to 'False'
[0.378s] Level 5:colcon.colcon_core.verb:set package 'sysmonitor_interfaces' build argument 'cmake_clean_first' from command line to 'False'
[0.378s] Level 5:colcon.colcon_core.verb:set package 'sysmonitor_interfaces' build argument 'cmake_force_configure' from command line to 'False'
[0.378s] Level 5:colcon.colcon_core.verb:set package 'sysmonitor_interfaces' build argument 'ament_cmake_args' from command line to 'None'
[0.378s] Level 5:colcon.colcon_core.verb:set package 'sysmonitor_interfaces' build argument 'catkin_cmake_args' from command line to 'None'
[0.379s] Level 5:colcon.colcon_core.verb:set package 'sysmonitor_interfaces' build argument 'catkin_skip_building_tests' from command line to 'False'
[0.379s] DEBUG:colcon.colcon_core.verb:Building package 'sysmonitor_interfaces' with the following arguments: {'ament_cmake_args': None, 'build_base': '/home/uninacorse/ex2_ws/build/sysmonitor_interfaces', 'catkin_cmake_args': None, 'catkin_skip_building_tests': False, 'cmake_args': None, 'cmake_clean_cache': False, 'cmake_clean_first': False, 'cmake_force_configure': False, 'cmake_target': None, 'cmake_target_skip_unavailable': False, 'install_base': '/home/uninacorse/ex2_ws/install/sysmonitor_interfaces', 'merge_install': False, 'path': '/home/uninacorse/ex2_ws/src/EX2/sysmonitor_interfaces', 'symlink_install': False, 'test_result_base': None}
[0.379s] Level 5:colcon.colcon_core.verb:set package 'fault_detection' build argument 'cmake_args' from command line to 'None'
[0.379s] Level 5:colcon.colcon_core.verb:set package 'fault_detection' build argument 'cmake_target' from command line to 'None'
[0.379s] Level 5:colcon.colcon_core.verb:set package 'fault_detection' build argument 'cmake_target_skip_unavailable' from command line to 'False'
[0.379s] Level 5:colcon.colcon_core.verb:set package 'fault_detection' build argument 'cmake_clean_cache' from command line to 'False'
[0.379s] Level 5:colcon.colcon_core.verb:set package 'fault_detection' build argument 'cmake_clean_first' from command line to 'False'
[0.379s] Level 5:colcon.colcon_core.verb:set package 'fault_detection' build argument 'cmake_force_configure' from command line to 'False'
[0.379s] Level 5:colcon.colcon_core.verb:set package 'fault_detection' build argument 'ament_cmake_args' from command line to 'None'
[0.379s] Level 5:colcon.colcon_core.verb:set package 'fault_detection' build argument 'catkin_cmake_args' from command line to 'None'
[0.379s] Level 5:colcon.colcon_core.verb:set package 'fault_detection' build argument 'catkin_skip_building_tests' from command line to 'False'
[0.379s] DEBUG:colcon.colcon_core.verb:Building package 'fault_detection' with the following arguments: {'ament_cmake_args': None, 'build_base': '/home/uninacorse/ex2_ws/build/fault_detection', 'catkin_cmake_args': None, 'catkin_skip_building_tests': False, 'cmake_args': None, 'cmake_clean_cache': False, 'cmake_clean_first': False, 'cmake_force_configure': False, 'cmake_target': None, 'cmake_target_skip_unavailable': False, 'install_base': '/home/uninacorse/ex2_ws/install/fault_detection', 'merge_install': False, 'path': '/home/uninacorse/ex2_ws/src/EX2/fault_detection', 'symlink_install': False, 'test_result_base': None}
[0.379s] INFO:colcon.colcon_core.executor:Executing jobs using 'parallel' executor
[0.380s] DEBUG:colcon.colcon_parallel_executor.executor.parallel:run_until_complete
[0.380s] INFO:colcon.colcon_ros.task.ament_cmake.build:Building ROS package in '/home/uninacorse/ex2_ws/src/EX2/sysmonitor_interfaces' with build type 'ament_cmake'
[0.380s] INFO:colcon.colcon_cmake.task.cmake.build:Building CMake package in '/home/uninacorse/ex2_ws/src/EX2/sysmonitor_interfaces'
[0.382s] INFO:colcon.colcon_core.plugin_system:Skipping extension 'colcon_core.shell.bat': Not used on non-Windows systems
[0.382s] INFO:colcon.colcon_core.shell:Skip shell extension 'powershell' for command environment: Not usable outside of PowerShell
[0.383s] DEBUG:colcon.colcon_core.shell:Skip shell extension 'dsv' for command environment
[0.393s] DEBUG:colcon.colcon_core.event_handler.log_command:Invoking command in '/home/uninacorse/ex2_ws/build/sysmonitor_interfaces': CMAKE_PREFIX_PATH=/opt/ros/humble /usr/bin/cmake --build /home/uninacorse/ex2_ws/build/sysmonitor_interfaces -- -j4 -l4
[0.838s] DEBUG:colcon.colcon_core.event_handler.log_command:Invoked command in '/home/uninacorse/ex2_ws/build/sysmonitor_interfaces' returned '0': CMAKE_PREFIX_PATH=/opt/ros/humble /usr/bin/cmake --build /home/uninacorse/ex2_ws/build/sysmonitor_interfaces -- -j4 -l4
[0.850s] DEBUG:colcon.colcon_core.event_handler.log_command:Invoking command in '/home/uninacorse/ex2_ws/build/sysmonitor_interfaces': CMAKE_PREFIX_PATH=/opt/ros/humble /usr/bin/cmake --install /home/uninacorse/ex2_ws/build/sysmonitor_interfaces
[0.905s] Level 1:colcon.colcon_core.environment:create_environment_scripts_only(sysmonitor_interfaces)
[0.906s] DEBUG:colcon.colcon_core.event_handler.log_command:Invoked command in '/home/uninacorse/ex2_ws/build/sysmonitor_interfaces' returned '0': CMAKE_PREFIX_PATH=/opt/ros/humble /usr/bin/cmake --install /home/uninacorse/ex2_ws/build/sysmonitor_interfaces
[0.907s] Level 1:colcon.colcon_core.environment:checking '/home/uninacorse/ex2_ws/install/sysmonitor_interfaces' for CMake module files
[0.908s] Level 1:colcon.colcon_core.environment:checking '/home/uninacorse/ex2_ws/install/sysmonitor_interfaces' for CMake config files
[0.909s] Level 1:colcon.colcon_core.shell:create_environment_hook('sysmonitor_interfaces', 'cmake_prefix_path')
[0.909s] INFO:colcon.colcon_core.shell:Creating environment hook '/home/uninacorse/ex2_ws/install/sysmonitor_interfaces/share/sysmonitor_interfaces/hook/cmake_prefix_path.ps1'
[0.910s] INFO:colcon.colcon_core.shell:Creating environment descriptor '/home/uninacorse/ex2_ws/install/sysmonitor_interfaces/share/sysmonitor_interfaces/hook/cmake_prefix_path.dsv'
[0.910s] INFO:colcon.colcon_core.shell:Creating environment hook '/home/uninacorse/ex2_ws/install/sysmonitor_interfaces/share/sysmonitor_interfaces/hook/cmake_prefix_path.sh'
[0.911s] Level 1:colcon.colcon_core.environment:checking '/home/uninacorse/ex2_ws/install/sysmonitor_interfaces/lib'
[0.911s] Level 1:colcon.colcon_core.shell:create_environment_hook('sysmonitor_interfaces', 'ld_library_path_lib')
[0.912s] INFO:colcon.colcon_core.shell:Creating environment hook '/home/uninacorse/ex2_ws/install/sysmonitor_interfaces/share/sysmonitor_interfaces/hook/ld_library_path_lib.ps1'
[0.912s] INFO:colcon.colcon_core.shell:Creating environment descriptor '/home/uninacorse/ex2_ws/install/sysmonitor_interfaces/share/sysmonitor_interfaces/hook/ld_library_path_lib.dsv'
[0.912s] INFO:colcon.colcon_core.shell:Creating environment hook '/home/uninacorse/ex2_ws/install/sysmonitor_interfaces/share/sysmonitor_interfaces/hook/ld_library_path_lib.sh'
[0.913s] Level 1:colcon.colcon_core.environment:checking '/home/uninacorse/ex2_ws/install/sysmonitor_interfaces/bin'
[0.913s] Level 1:colcon.colcon_core.environment:checking '/home/uninacorse/ex2_ws/install/sysmonitor_interfaces/lib/pkgconfig/sysmonitor_interfaces.pc'
[0.913s] Level 1:colcon.colcon_core.environment:checking '/home/uninacorse/ex2_ws/install/sysmonitor_interfaces/lib/python3.10/site-packages'
[0.913s] Level 1:colcon.colcon_core.environment:checking '/home/uninacorse/ex2_ws/install/sysmonitor_interfaces/bin'
[0.914s] INFO:colcon.colcon_core.shell:Creating package script '/home/uninacorse/ex2_ws/install/sysmonitor_interfaces/share/sysmonitor_interfaces/package.ps1'
[0.914s] INFO:colcon.colcon_core.shell:Creating package descriptor '/home/uninacorse/ex2_ws/install/sysmonitor_interfaces/share/sysmonitor_interfaces/package.dsv'
[0.915s] INFO:colcon.colcon_core.shell:Creating package script '/home/uninacorse/ex2_ws/install/sysmonitor_interfaces/share/sysmonitor_interfaces/package.sh'
[0.916s] INFO:colcon.colcon_core.shell:Creating package script '/home/uninacorse/ex2_ws/install/sysmonitor_interfaces/share/sysmonitor_interfaces/package.bash'
[0.917s] INFO:colcon.colcon_core.shell:Creating package script '/home/uninacorse/ex2_ws/install/sysmonitor_interfaces/share/sysmonitor_interfaces/package.zsh'
[0.918s] Level 1:colcon.colcon_core.environment:create_file_with_runtime_dependencies(/home/uninacorse/ex2_ws/install/sysmonitor_interfaces/share/colcon-core/packages/sysmonitor_interfaces)
[0.919s] Level 1:colcon.colcon_core.environment:create_environment_scripts_only(sysmonitor_interfaces)
[0.919s] Level 1:colcon.colcon_core.environment:checking '/home/uninacorse/ex2_ws/install/sysmonitor_interfaces' for CMake module files
[0.920s] Level 1:colcon.colcon_core.environment:checking '/home/uninacorse/ex2_ws/install/sysmonitor_interfaces' for CMake config files
[0.920s] Level 1:colcon.colcon_core.shell:create_environment_hook('sysmonitor_interfaces', 'cmake_prefix_path')
[0.921s] INFO:colcon.colcon_core.shell:Creating environment hook '/home/uninacorse/ex2_ws/install/sysmonitor_interfaces/share/sysmonitor_interfaces/hook/cmake_prefix_path.ps1'
[0.921s] INFO:colcon.colcon_core.shell:Creating environment descriptor '/home/uninacorse/ex2_ws/install/sysmonitor_interfaces/share/sysmonitor_interfaces/hook/cmake_prefix_path.dsv'
[0.922s] INFO:colcon.colcon_core.shell:Creating environment hook '/home/uninacorse/ex2_ws/install/sysmonitor_interfaces/share/sysmonitor_interfaces/hook/cmake_prefix_path.sh'
[0.922s] Level 1:colcon.colcon_core.environment:checking '/home/uninacorse/ex2_ws/install/sysmonitor_interfaces/lib'
[0.922s] Level 1:colcon.colcon_core.shell:create_environment_hook('sysmonitor_interfaces', 'ld_library_path_lib')
[0.923s] INFO:colcon.colcon_core.shell:Creating environment hook '/home/uninacorse/ex2_ws/install/sysmonitor_interfaces/share/sysmonitor_interfaces/hook/ld_library_path_lib.ps1'
[0.923s] INFO:colcon.colcon_core.shell:Creating environment descriptor '/home/uninacorse/ex2_ws/install/sysmonitor_interfaces/share/sysmonitor_interfaces/hook/ld_library_path_lib.dsv'
[0.924s] INFO:colcon.colcon_core.shell:Creating environment hook '/home/uninacorse/ex2_ws/install/sysmonitor_interfaces/share/sysmonitor_interfaces/hook/ld_library_path_lib.sh'
[0.924s] Level 1:colcon.colcon_core.environment:checking '/home/uninacorse/ex2_ws/install/sysmonitor_interfaces/bin'
[0.924s] Level 1:colcon.colcon_core.environment:checking '/home/uninacorse/ex2_ws/install/sysmonitor_interfaces/lib/pkgconfig/sysmonitor_interfaces.pc'
[0.925s] Level 1:colcon.colcon_core.environment:checking '/home/uninacorse/ex2_ws/install/sysmonitor_interfaces/lib/python3.10/site-packages'
[0.925s] Level 1:colcon.colcon_core.environment:checking '/home/uninacorse/ex2_ws/install/sysmonitor_interfaces/bin'
[0.925s] INFO:colcon.colcon_core.shell:Creating package script '/home/uninacorse/ex2_ws/install/sysmonitor_interfaces/share/sysmonitor_interfaces/package.ps1'
[0.926s] INFO:colcon.colcon_core.shell:Creating package descriptor '/home/uninacorse/ex2_ws/install/sysmonitor_interfaces/share/sysmonitor_interfaces/package.dsv'
[0.927s] INFO:colcon.colcon_core.shell:Creating package script '/home/uninacorse/ex2_ws/install/sysmonitor_interfaces/share/sysmonitor_interfaces/package.sh'
[0.927s] INFO:colcon.colcon_core.shell:Creating package script '/home/uninacorse/ex2_ws/install/sysmonitor_interfaces/share/sysmonitor_interfaces/package.bash'
[0.928s] INFO:colcon.colcon_core.shell:Creating package script '/home/uninacorse/ex2_ws/install/sysmonitor_interfaces/share/sysmonitor_interfaces/package.zsh'
[0.928s] Level 1:colcon.colcon_core.environment:create_file_with_runtime_dependencies(/home/uninacorse/ex2_ws/install/sysmonitor_interfaces/share/colcon-core/packages/sysmonitor_interfaces)
[0.929s] INFO:colcon.colcon_ros.task.ament_cmake.build:Building ROS package in '/home/uninacorse/ex2_ws/src/EX2/fault_detection' with build type 'ament_cmake'
[0.929s] INFO:colcon.colcon_cmake.task.cmake.build:Building CMake package in '/home/uninacorse/ex2_ws/src/EX2/fault_detection'
[0.929s] INFO:colcon.colcon_core.shell:Skip shell extension 'powershell' for command environment: Not usable outside of PowerShell
[0.929s] DEBUG:colcon.colcon_core.shell:Skip shell extension 'dsv' for command environment
[0.941s] DEBUG:colcon.colcon_core.event_handler.log_command:Invoking command in '/home/uninacorse/ex2_ws/build/fault_detection': AMENT_PREFIX_PATH=/home/uninacorse/ex2_ws/install/sysmonitor_interfaces:${AMENT_PREFIX_PATH} CMAKE_PREFIX_PATH=/home/uninacorse/ex2_ws/install/sysmonitor_interfaces:/opt/ros/humble LD_LIBRARY_PATH=/home/uninacorse/ex2_ws/install/sysmonitor_interfaces/lib:${LD_LIBRARY_PATH} PYTHONPATH=/home/uninacorse/ex2_ws/install/sysmonitor_interfaces/local/lib/python3.10/dist-packages:${PYTHONPATH} /usr/bin/cmake --build /home/uninacorse/ex2_ws/build/fault_detection -- -j4 -l4
[5.993s] DEBUG:colcon.colcon_core.event_handler.log_command:Invoked command in '/home/uninacorse/ex2_ws/build/fault_detection' returned '2': AMENT_PREFIX_PATH=/home/uninacorse/ex2_ws/install/sysmonitor_interfaces:${AMENT_PREFIX_PATH} CMAKE_PREFIX_PATH=/home/uninacorse/ex2_ws/install/sysmonitor_interfaces:/opt/ros/humble LD_LIBRARY_PATH=/home/uninacorse/ex2_ws/install/sysmonitor_interfaces/lib:${LD_LIBRARY_PATH} PYTHONPATH=/home/uninacorse/ex2_ws/install/sysmonitor_interfaces/local/lib/python3.10/dist-packages:${PYTHONPATH} /usr/bin/cmake --build /home/uninacorse/ex2_ws/build/fault_detection -- -j4 -l4
[5.994s] Level 1:colcon.colcon_core.environment:create_environment_scripts_only(fault_detection)
[5.994s] Level 1:colcon.colcon_core.environment:checking '/home/uninacorse/ex2_ws/install/fault_detection' for CMake module files
[5.995s] Level 1:colcon.colcon_core.environment:checking '/home/uninacorse/ex2_ws/install/fault_detection' for CMake config files
[5.995s] Level 1:colcon.colcon_core.environment:checking '/home/uninacorse/ex2_ws/install/fault_detection/bin'
[5.995s] Level 1:colcon.colcon_core.environment:checking '/home/uninacorse/ex2_ws/install/fault_detection/lib/pkgconfig/fault_detection.pc'
[5.995s] Level 1:colcon.colcon_core.environment:checking '/home/uninacorse/ex2_ws/install/fault_detection/lib/python3.10/site-packages'
[5.996s] Level 1:colcon.colcon_core.environment:checking '/home/uninacorse/ex2_ws/install/fault_detection/bin'
[5.996s] INFO:colcon.colcon_core.shell:Creating package script '/home/uninacorse/ex2_ws/install/fault_detection/share/fault_detection/package.ps1'
[5.996s] INFO:colcon.colcon_core.shell:Creating package descriptor '/home/uninacorse/ex2_ws/install/fault_detection/share/fault_detection/package.dsv'
[5.997s] INFO:colcon.colcon_core.shell:Creating package script '/home/uninacorse/ex2_ws/install/fault_detection/share/fault_detection/package.sh'
[5.997s] INFO:colcon.colcon_core.shell:Creating package script '/home/uninacorse/ex2_ws/install/fault_detection/share/fault_detection/package.bash'
[5.998s] INFO:colcon.colcon_core.shell:Creating package script '/home/uninacorse/ex2_ws/install/fault_detection/share/fault_detection/package.zsh'
[5.998s] Level 1:colcon.colcon_core.environment:create_file_with_runtime_dependencies(/home/uninacorse/ex2_ws/install/fault_detection/share/colcon-core/packages/fault_detection)
[5.999s] DEBUG:colcon.colcon_parallel_executor.executor.parallel:closing loop
[5.999s] DEBUG:colcon.colcon_parallel_executor.executor.parallel:loop closed
[5.999s] DEBUG:colcon.colcon_parallel_executor.executor.parallel:run_until_complete finished with '2'
[5.999s] DEBUG:colcon.colcon_core.event_reactor:joining thread
[6.004s] INFO:colcon.colcon_core.plugin_system:Skipping extension 'colcon_notification.desktop_notification.terminal_notifier': Not used on non-Darwin systems
[6.004s] INFO:colcon.colcon_core.plugin_system:Skipping extension 'colcon_notification.desktop_notification.win32': Not used on non-Windows systems
[6.004s] INFO:colcon.colcon_notification.desktop_notification:Sending desktop notification using 'notify2'
[6.020s] DEBUG:colcon.colcon_core.event_reactor:joined thread
[6.021s] INFO:colcon.colcon_core.shell:Creating prefix script '/home/uninacorse/ex2_ws/install/local_setup.ps1'
[6.022s] INFO:colcon.colcon_core.shell:Creating prefix util module '/home/uninacorse/ex2_ws/install/_local_setup_util_ps1.py'
[6.023s] INFO:colcon.colcon_core.shell:Creating prefix chain script '/home/uninacorse/ex2_ws/install/setup.ps1'
[6.024s] INFO:colcon.colcon_core.shell:Creating prefix script '/home/uninacorse/ex2_ws/install/local_setup.sh'
[6.025s] INFO:colcon.colcon_core.shell:Creating prefix util module '/home/uninacorse/ex2_ws/install/_local_setup_util_sh.py'
[6.026s] INFO:colcon.colcon_core.shell:Creating prefix chain script '/home/uninacorse/ex2_ws/install/setup.sh'
[6.027s] INFO:colcon.colcon_core.shell:Creating prefix script '/home/uninacorse/ex2_ws/install/local_setup.bash'
[6.027s] INFO:colcon.colcon_core.shell:Creating prefix chain script '/home/uninacorse/ex2_ws/install/setup.bash'
[6.028s] INFO:colcon.colcon_core.shell:Creating prefix script '/home/uninacorse/ex2_ws/install/local_setup.zsh'
[6.029s] INFO:colcon.colcon_core.shell:Creating prefix chain script '/home/uninacorse/ex2_ws/install/setup.zsh'
