[ 50%] [32mBuilding CXX object CMakeFiles/system_triggered_publisher.dir/src/system_triggered_publisher.cpp.o[0m
[100%] [32m[1mLinking CXX executable system_triggered_publisher[0m
[100%] Built target system_triggered_publisher
-- Install configuration: ""
-- Installing: /home/uninacorse/ros2_ws/install/sysmon_trigger_cpp/lib/sysmon_trigger_cpp/system_triggered_publisher
-- Set runtime path of "/home/uninacorse/ros2_ws/install/sysmon_trigger_cpp/lib/sysmon_trigger_cpp/system_triggered_publisher" to ""
-- Up-to-date: /home/uninacorse/ros2_ws/install/sysmon_trigger_cpp/share/ament_index/resource_index/package_run_dependencies/sysmon_trigger_cpp
-- Up-to-date: /home/uninacorse/ros2_ws/install/sysmon_trigger_cpp/share/ament_index/resource_index/parent_prefix_path/sysmon_trigger_cpp
-- Up-to-date: /home/uninacorse/ros2_ws/install/sysmon_trigger_cpp/share/sysmon_trigger_cpp/environment/ament_prefix_path.sh
-- Up-to-date: /home/uninacorse/ros2_ws/install/sysmon_trigger_cpp/share/sysmon_trigger_cpp/environment/ament_prefix_path.dsv
-- Up-to-date: /home/uninacorse/ros2_ws/install/sysmon_trigger_cpp/share/sysmon_trigger_cpp/environment/path.sh
-- Up-to-date: /home/uninacorse/ros2_ws/install/sysmon_trigger_cpp/share/sysmon_trigger_cpp/environment/path.dsv
-- Up-to-date: /home/uninacorse/ros2_ws/install/sysmon_trigger_cpp/share/sysmon_trigger_cpp/local_setup.bash
-- Up-to-date: /home/uninacorse/ros2_ws/install/sysmon_trigger_cpp/share/sysmon_trigger_cpp/local_setup.sh
-- Up-to-date: /home/uninacorse/ros2_ws/install/sysmon_trigger_cpp/share/sysmon_trigger_cpp/local_setup.zsh
-- Up-to-date: /home/uninacorse/ros2_ws/install/sysmon_trigger_cpp/share/sysmon_trigger_cpp/local_setup.dsv
-- Installing: /home/uninacorse/ros2_ws/install/sysmon_trigger_cpp/share/sysmon_trigger_cpp/package.dsv
-- Up-to-date: /home/uninacorse/ros2_ws/install/sysmon_trigger_cpp/share/ament_index/resource_index/packages/sysmon_trigger_cpp
-- Up-to-date: /home/uninacorse/ros2_ws/install/sysmon_trigger_cpp/share/sysmon_trigger_cpp/cmake/sysmon_trigger_cppConfig.cmake
-- Up-to-date: /home/uninacorse/ros2_ws/install/sysmon_trigger_cpp/share/sysmon_trigger_cpp/cmake/sysmon_trigger_cppConfig-version.cmake
-- Up-to-date: /home/uninacorse/ros2_ws/install/sysmon_trigger_cpp/share/sysmon_trigger_cpp/package.xml
