[  9%] Built target sysmonitor_interfaces__rosidl_generator_c
[ 12%] Built target sysmonitor_interfaces__cpp
[ 12%] Built target ament_cmake_python_copy_sysmonitor_interfaces
[ 22%] Built target sysmonitor_interfaces__rosidl_typesupport_fastrtps_c
[ 32%] Built target sysmonitor_interfaces__rosidl_typesupport_introspection_c
[ 41%] Built target sysmonitor_interfaces__rosidl_typesupport_c
[ 51%] Built target sysmonitor_interfaces__rosidl_typesupport_fastrtps_cpp
[ 61%] Built target sysmonitor_interfaces__rosidl_typesupport_introspection_cpp
[ 70%] Built target sysmonitor_interfaces__rosidl_typesupport_cpp
[ 70%] Built target sysmonitor_interfaces
[ 74%] Built target sysmonitor_interfaces__py
[ 80%] Built target sysmonitor_interfaces__rosidl_generator_py
[ 87%] Built target sysmonitor_interfaces__rosidl_typesupport_fastrtps_c__pyext
[100%] Built target sysmonitor_interfaces__rosidl_typesupport_c__pyext
[100%] Built target sysmonitor_interfaces__rosidl_typesupport_introspection_c__pyext
running egg_info
writing sysmonitor_interfaces.egg-info/PKG-INFO
writing dependency_links to sysmonitor_interfaces.egg-info/dependency_links.txt
writing top-level names to sysmonitor_interfaces.egg-info/top_level.txt
reading manifest file 'sysmonitor_interfaces.egg-info/SOURCES.txt'
writing manifest file 'sysmonitor_interfaces.egg-info/SOURCES.txt'
[100%] Built target ament_cmake_python_build_sysmonitor_interfaces_egg
-- Install configuration: ""
-- Up-to-date: /home/uninacorse/ex2_ws/install/sysmonitor_interfaces/share/ament_index/resource_index/rosidl_interfaces/sysmonitor_interfaces
-- Up-to-date: /home/uninacorse/ex2_ws/install/sysmonitor_interfaces/include/sysmonitor_interfaces/sysmonitor_interfaces
-- Up-to-date: /home/uninacorse/ex2_ws/install/sysmonitor_interfaces/include/sysmonitor_interfaces/sysmonitor_interfaces/msg
-- Up-to-date: /home/uninacorse/ex2_ws/install/sysmonitor_interfaces/include/sysmonitor_interfaces/sysmonitor_interfaces/msg/sysmon.h
-- Up-to-date: /home/uninacorse/ex2_ws/install/sysmonitor_interfaces/include/sysmonitor_interfaces/sysmonitor_interfaces/msg/detail
-- Up-to-date: /home/uninacorse/ex2_ws/install/sysmonitor_interfaces/include/sysmonitor_interfaces/sysmonitor_interfaces/msg/detail/sysmon__type_support.h
-- Up-to-date: /home/uninacorse/ex2_ws/install/sysmonitor_interfaces/include/sysmonitor_interfaces/sysmonitor_interfaces/msg/detail/sysmon__functions.c
-- Up-to-date: /home/uninacorse/ex2_ws/install/sysmonitor_interfaces/include/sysmonitor_interfaces/sysmonitor_interfaces/msg/detail/sysmon__struct.h
-- Up-to-date: /home/uninacorse/ex2_ws/install/sysmonitor_interfaces/include/sysmonitor_interfaces/sysmonitor_interfaces/msg/detail/sysmon__functions.h
-- Up-to-date: /home/uninacorse/ex2_ws/install/sysmonitor_interfaces/include/sysmonitor_interfaces/sysmonitor_interfaces/msg/rosidl_generator_c__visibility_control.h
-- Up-to-date: /home/uninacorse/ex2_ws/install/sysmonitor_interfaces/share/sysmonitor_interfaces/environment/library_path.sh
-- Up-to-date: /home/uninacorse/ex2_ws/install/sysmonitor_interfaces/share/sysmonitor_interfaces/environment/library_path.dsv
-- Up-to-date: /home/uninacorse/ex2_ws/install/sysmonitor_interfaces/lib/libsysmonitor_interfaces__rosidl_generator_c.so
-- Up-to-date: /home/uninacorse/ex2_ws/install/sysmonitor_interfaces/include/sysmonitor_interfaces/sysmonitor_interfaces
-- Up-to-date: /home/uninacorse/ex2_ws/install/sysmonitor_interfaces/include/sysmonitor_interfaces/sysmonitor_interfaces/msg
-- Up-to-date: /home/uninacorse/ex2_ws/install/sysmonitor_interfaces/include/sysmonitor_interfaces/sysmonitor_interfaces/msg/rosidl_typesupport_fastrtps_c__visibility_control.h
-- Up-to-date: /home/uninacorse/ex2_ws/install/sysmonitor_interfaces/include/sysmonitor_interfaces/sysmonitor_interfaces/msg/detail
-- Up-to-date: /home/uninacorse/ex2_ws/install/sysmonitor_interfaces/include/sysmonitor_interfaces/sysmonitor_interfaces/msg/detail/sysmon__rosidl_typesupport_fastrtps_c.h
-- Up-to-date: /home/uninacorse/ex2_ws/install/sysmonitor_interfaces/lib/libsysmonitor_interfaces__rosidl_typesupport_fastrtps_c.so
-- Up-to-date: /home/uninacorse/ex2_ws/install/sysmonitor_interfaces/include/sysmonitor_interfaces/sysmonitor_interfaces
-- Up-to-date: /home/uninacorse/ex2_ws/install/sysmonitor_interfaces/include/sysmonitor_interfaces/sysmonitor_interfaces/msg
-- Up-to-date: /home/uninacorse/ex2_ws/install/sysmonitor_interfaces/include/sysmonitor_interfaces/sysmonitor_interfaces/msg/rosidl_typesupport_introspection_c__visibility_control.h
-- Up-to-date: /home/uninacorse/ex2_ws/install/sysmonitor_interfaces/include/sysmonitor_interfaces/sysmonitor_interfaces/msg/detail
-- Up-to-date: /home/uninacorse/ex2_ws/install/sysmonitor_interfaces/include/sysmonitor_interfaces/sysmonitor_interfaces/msg/detail/sysmon__type_support.c
-- Up-to-date: /home/uninacorse/ex2_ws/install/sysmonitor_interfaces/include/sysmonitor_interfaces/sysmonitor_interfaces/msg/detail/sysmon__rosidl_typesupport_introspection_c.h
-- Up-to-date: /home/uninacorse/ex2_ws/install/sysmonitor_interfaces/lib/libsysmonitor_interfaces__rosidl_typesupport_introspection_c.so
-- Up-to-date: /home/uninacorse/ex2_ws/install/sysmonitor_interfaces/lib/libsysmonitor_interfaces__rosidl_typesupport_c.so
-- Up-to-date: /home/uninacorse/ex2_ws/install/sysmonitor_interfaces/include/sysmonitor_interfaces/sysmonitor_interfaces
-- Up-to-date: /home/uninacorse/ex2_ws/install/sysmonitor_interfaces/include/sysmonitor_interfaces/sysmonitor_interfaces/msg
-- Up-to-date: /home/uninacorse/ex2_ws/install/sysmonitor_interfaces/include/sysmonitor_interfaces/sysmonitor_interfaces/msg/sysmon.hpp
-- Up-to-date: /home/uninacorse/ex2_ws/install/sysmonitor_interfaces/include/sysmonitor_interfaces/sysmonitor_interfaces/msg/rosidl_generator_cpp__visibility_control.hpp
-- Up-to-date: /home/uninacorse/ex2_ws/install/sysmonitor_interfaces/include/sysmonitor_interfaces/sysmonitor_interfaces/msg/detail
-- Up-to-date: /home/uninacorse/ex2_ws/install/sysmonitor_interfaces/include/sysmonitor_interfaces/sysmonitor_interfaces/msg/detail/sysmon__type_support.hpp
-- Up-to-date: /home/uninacorse/ex2_ws/install/sysmonitor_interfaces/include/sysmonitor_interfaces/sysmonitor_interfaces/msg/detail/sysmon__builder.hpp
-- Up-to-date: /home/uninacorse/ex2_ws/install/sysmonitor_interfaces/include/sysmonitor_interfaces/sysmonitor_interfaces/msg/detail/sysmon__traits.hpp
-- Up-to-date: /home/uninacorse/ex2_ws/install/sysmonitor_interfaces/include/sysmonitor_interfaces/sysmonitor_interfaces/msg/detail/sysmon__struct.hpp
-- Up-to-date: /home/uninacorse/ex2_ws/install/sysmonitor_interfaces/include/sysmonitor_interfaces/sysmonitor_interfaces
-- Up-to-date: /home/uninacorse/ex2_ws/install/sysmonitor_interfaces/include/sysmonitor_interfaces/sysmonitor_interfaces/msg
-- Up-to-date: /home/uninacorse/ex2_ws/install/sysmonitor_interfaces/include/sysmonitor_interfaces/sysmonitor_interfaces/msg/rosidl_typesupport_fastrtps_cpp__visibility_control.h
-- Up-to-date: /home/uninacorse/ex2_ws/install/sysmonitor_interfaces/include/sysmonitor_interfaces/sysmonitor_interfaces/msg/detail
-- Up-to-date: /home/uninacorse/ex2_ws/install/sysmonitor_interfaces/include/sysmonitor_interfaces/sysmonitor_interfaces/msg/detail/dds_fastrtps
-- Up-to-date: /home/uninacorse/ex2_ws/install/sysmonitor_interfaces/include/sysmonitor_interfaces/sysmonitor_interfaces/msg/detail/sysmon__rosidl_typesupport_fastrtps_cpp.hpp
-- Up-to-date: /home/uninacorse/ex2_ws/install/sysmonitor_interfaces/lib/libsysmonitor_interfaces__rosidl_typesupport_fastrtps_cpp.so
-- Up-to-date: /home/uninacorse/ex2_ws/install/sysmonitor_interfaces/include/sysmonitor_interfaces/sysmonitor_interfaces
-- Up-to-date: /home/uninacorse/ex2_ws/install/sysmonitor_interfaces/include/sysmonitor_interfaces/sysmonitor_interfaces/msg
-- Up-to-date: /home/uninacorse/ex2_ws/install/sysmonitor_interfaces/include/sysmonitor_interfaces/sysmonitor_interfaces/msg/detail
-- Up-to-date: /home/uninacorse/ex2_ws/install/sysmonitor_interfaces/include/sysmonitor_interfaces/sysmonitor_interfaces/msg/detail/sysmon__type_support.cpp
-- Up-to-date: /home/uninacorse/ex2_ws/install/sysmonitor_interfaces/include/sysmonitor_interfaces/sysmonitor_interfaces/msg/detail/sysmon__rosidl_typesupport_introspection_cpp.hpp
-- Up-to-date: /home/uninacorse/ex2_ws/install/sysmonitor_interfaces/lib/libsysmonitor_interfaces__rosidl_typesupport_introspection_cpp.so
-- Up-to-date: /home/uninacorse/ex2_ws/install/sysmonitor_interfaces/lib/libsysmonitor_interfaces__rosidl_typesupport_cpp.so
-- Up-to-date: /home/uninacorse/ex2_ws/install/sysmonitor_interfaces/share/sysmonitor_interfaces/environment/pythonpath.sh
-- Up-to-date: /home/uninacorse/ex2_ws/install/sysmonitor_interfaces/share/sysmonitor_interfaces/environment/pythonpath.dsv
-- Up-to-date: /home/uninacorse/ex2_ws/install/sysmonitor_interfaces/local/lib/python3.10/dist-packages/sysmonitor_interfaces-0.0.0-py3.10.egg-info
-- Installing: /home/uninacorse/ex2_ws/install/sysmonitor_interfaces/local/lib/python3.10/dist-packages/sysmonitor_interfaces-0.0.0-py3.10.egg-info/PKG-INFO
-- Installing: /home/uninacorse/ex2_ws/install/sysmonitor_interfaces/local/lib/python3.10/dist-packages/sysmonitor_interfaces-0.0.0-py3.10.egg-info/SOURCES.txt
-- Installing: /home/uninacorse/ex2_ws/install/sysmonitor_interfaces/local/lib/python3.10/dist-packages/sysmonitor_interfaces-0.0.0-py3.10.egg-info/dependency_links.txt
-- Installing: /home/uninacorse/ex2_ws/install/sysmonitor_interfaces/local/lib/python3.10/dist-packages/sysmonitor_interfaces-0.0.0-py3.10.egg-info/top_level.txt
-- Up-to-date: /home/uninacorse/ex2_ws/install/sysmonitor_interfaces/local/lib/python3.10/dist-packages/sysmonitor_interfaces
-- Up-to-date: /home/uninacorse/ex2_ws/install/sysmonitor_interfaces/local/lib/python3.10/dist-packages/sysmonitor_interfaces/msg
-- Up-to-date: /home/uninacorse/ex2_ws/install/sysmonitor_interfaces/local/lib/python3.10/dist-packages/sysmonitor_interfaces/msg/__init__.py
-- Up-to-date: /home/uninacorse/ex2_ws/install/sysmonitor_interfaces/local/lib/python3.10/dist-packages/sysmonitor_interfaces/msg/_sysmon_s.c
-- Up-to-date: /home/uninacorse/ex2_ws/install/sysmonitor_interfaces/local/lib/python3.10/dist-packages/sysmonitor_interfaces/msg/_sysmon.py
-- Up-to-date: /home/uninacorse/ex2_ws/install/sysmonitor_interfaces/local/lib/python3.10/dist-packages/sysmonitor_interfaces/_sysmonitor_interfaces_s.ep.rosidl_typesupport_introspection_c.c
-- Up-to-date: /home/uninacorse/ex2_ws/install/sysmonitor_interfaces/local/lib/python3.10/dist-packages/sysmonitor_interfaces/sysmonitor_interfaces_s__rosidl_typesupport_fastrtps_c.cpython-310-x86_64-linux-gnu.so
-- Up-to-date: /home/uninacorse/ex2_ws/install/sysmonitor_interfaces/local/lib/python3.10/dist-packages/sysmonitor_interfaces/_sysmonitor_interfaces_s.ep.rosidl_typesupport_c.c
-- Up-to-date: /home/uninacorse/ex2_ws/install/sysmonitor_interfaces/local/lib/python3.10/dist-packages/sysmonitor_interfaces/__init__.py
-- Up-to-date: /home/uninacorse/ex2_ws/install/sysmonitor_interfaces/local/lib/python3.10/dist-packages/sysmonitor_interfaces/sysmonitor_interfaces_s__rosidl_typesupport_introspection_c.cpython-310-x86_64-linux-gnu.so
-- Up-to-date: /home/uninacorse/ex2_ws/install/sysmonitor_interfaces/local/lib/python3.10/dist-packages/sysmonitor_interfaces/libsysmonitor_interfaces__rosidl_generator_py.so
-- Up-to-date: /home/uninacorse/ex2_ws/install/sysmonitor_interfaces/local/lib/python3.10/dist-packages/sysmonitor_interfaces/_sysmonitor_interfaces_s.ep.rosidl_typesupport_fastrtps_c.c
-- Up-to-date: /home/uninacorse/ex2_ws/install/sysmonitor_interfaces/local/lib/python3.10/dist-packages/sysmonitor_interfaces/sysmonitor_interfaces_s__rosidl_typesupport_c.cpython-310-x86_64-linux-gnu.so
Listing '/home/uninacorse/ex2_ws/install/sysmonitor_interfaces/local/lib/python3.10/dist-packages/sysmonitor_interfaces'...
Listing '/home/uninacorse/ex2_ws/install/sysmonitor_interfaces/local/lib/python3.10/dist-packages/sysmonitor_interfaces/msg'...
-- Up-to-date: /home/uninacorse/ex2_ws/install/sysmonitor_interfaces/local/lib/python3.10/dist-packages/sysmonitor_interfaces/sysmonitor_interfaces_s__rosidl_typesupport_fastrtps_c.cpython-310-x86_64-linux-gnu.so
-- Up-to-date: /home/uninacorse/ex2_ws/install/sysmonitor_interfaces/local/lib/python3.10/dist-packages/sysmonitor_interfaces/sysmonitor_interfaces_s__rosidl_typesupport_introspection_c.cpython-310-x86_64-linux-gnu.so
-- Up-to-date: /home/uninacorse/ex2_ws/install/sysmonitor_interfaces/local/lib/python3.10/dist-packages/sysmonitor_interfaces/sysmonitor_interfaces_s__rosidl_typesupport_c.cpython-310-x86_64-linux-gnu.so
-- Up-to-date: /home/uninacorse/ex2_ws/install/sysmonitor_interfaces/lib/libsysmonitor_interfaces__rosidl_generator_py.so
-- Up-to-date: /home/uninacorse/ex2_ws/install/sysmonitor_interfaces/share/sysmonitor_interfaces/msg/Sysmon.idl
-- Up-to-date: /home/uninacorse/ex2_ws/install/sysmonitor_interfaces/share/sysmonitor_interfaces/msg/Sysmon.msg
-- Up-to-date: /home/uninacorse/ex2_ws/install/sysmonitor_interfaces/share/ament_index/resource_index/package_run_dependencies/sysmonitor_interfaces
-- Up-to-date: /home/uninacorse/ex2_ws/install/sysmonitor_interfaces/share/ament_index/resource_index/parent_prefix_path/sysmonitor_interfaces
-- Up-to-date: /home/uninacorse/ex2_ws/install/sysmonitor_interfaces/share/sysmonitor_interfaces/environment/ament_prefix_path.sh
-- Up-to-date: /home/uninacorse/ex2_ws/install/sysmonitor_interfaces/share/sysmonitor_interfaces/environment/ament_prefix_path.dsv
-- Up-to-date: /home/uninacorse/ex2_ws/install/sysmonitor_interfaces/share/sysmonitor_interfaces/environment/path.sh
-- Up-to-date: /home/uninacorse/ex2_ws/install/sysmonitor_interfaces/share/sysmonitor_interfaces/environment/path.dsv
-- Up-to-date: /home/uninacorse/ex2_ws/install/sysmonitor_interfaces/share/sysmonitor_interfaces/local_setup.bash
-- Up-to-date: /home/uninacorse/ex2_ws/install/sysmonitor_interfaces/share/sysmonitor_interfaces/local_setup.sh
-- Up-to-date: /home/uninacorse/ex2_ws/install/sysmonitor_interfaces/share/sysmonitor_interfaces/local_setup.zsh
-- Up-to-date: /home/uninacorse/ex2_ws/install/sysmonitor_interfaces/share/sysmonitor_interfaces/local_setup.dsv
-- Installing: /home/uninacorse/ex2_ws/install/sysmonitor_interfaces/share/sysmonitor_interfaces/package.dsv
-- Up-to-date: /home/uninacorse/ex2_ws/install/sysmonitor_interfaces/share/ament_index/resource_index/packages/sysmonitor_interfaces
-- Up-to-date: /home/uninacorse/ex2_ws/install/sysmonitor_interfaces/share/sysmonitor_interfaces/cmake/export_sysmonitor_interfaces__rosidl_generator_cExport.cmake
-- Up-to-date: /home/uninacorse/ex2_ws/install/sysmonitor_interfaces/share/sysmonitor_interfaces/cmake/export_sysmonitor_interfaces__rosidl_generator_cExport-noconfig.cmake
-- Up-to-date: /home/uninacorse/ex2_ws/install/sysmonitor_interfaces/share/sysmonitor_interfaces/cmake/export_sysmonitor_interfaces__rosidl_typesupport_fastrtps_cExport.cmake
-- Up-to-date: /home/uninacorse/ex2_ws/install/sysmonitor_interfaces/share/sysmonitor_interfaces/cmake/export_sysmonitor_interfaces__rosidl_typesupport_fastrtps_cExport-noconfig.cmake
-- Up-to-date: /home/uninacorse/ex2_ws/install/sysmonitor_interfaces/share/sysmonitor_interfaces/cmake/sysmonitor_interfaces__rosidl_typesupport_introspection_cExport.cmake
-- Up-to-date: /home/uninacorse/ex2_ws/install/sysmonitor_interfaces/share/sysmonitor_interfaces/cmake/sysmonitor_interfaces__rosidl_typesupport_introspection_cExport-noconfig.cmake
-- Up-to-date: /home/uninacorse/ex2_ws/install/sysmonitor_interfaces/share/sysmonitor_interfaces/cmake/sysmonitor_interfaces__rosidl_typesupport_cExport.cmake
-- Up-to-date: /home/uninacorse/ex2_ws/install/sysmonitor_interfaces/share/sysmonitor_interfaces/cmake/sysmonitor_interfaces__rosidl_typesupport_cExport-noconfig.cmake
-- Up-to-date: /home/uninacorse/ex2_ws/install/sysmonitor_interfaces/share/sysmonitor_interfaces/cmake/export_sysmonitor_interfaces__rosidl_generator_cppExport.cmake
-- Up-to-date: /home/uninacorse/ex2_ws/install/sysmonitor_interfaces/share/sysmonitor_interfaces/cmake/export_sysmonitor_interfaces__rosidl_typesupport_fastrtps_cppExport.cmake
-- Up-to-date: /home/uninacorse/ex2_ws/install/sysmonitor_interfaces/share/sysmonitor_interfaces/cmake/export_sysmonitor_interfaces__rosidl_typesupport_fastrtps_cppExport-noconfig.cmake
-- Up-to-date: /home/uninacorse/ex2_ws/install/sysmonitor_interfaces/share/sysmonitor_interfaces/cmake/sysmonitor_interfaces__rosidl_typesupport_introspection_cppExport.cmake
-- Up-to-date: /home/uninacorse/ex2_ws/install/sysmonitor_interfaces/share/sysmonitor_interfaces/cmake/sysmonitor_interfaces__rosidl_typesupport_introspection_cppExport-noconfig.cmake
-- Up-to-date: /home/uninacorse/ex2_ws/install/sysmonitor_interfaces/share/sysmonitor_interfaces/cmake/sysmonitor_interfaces__rosidl_typesupport_cppExport.cmake
-- Up-to-date: /home/uninacorse/ex2_ws/install/sysmonitor_interfaces/share/sysmonitor_interfaces/cmake/sysmonitor_interfaces__rosidl_typesupport_cppExport-noconfig.cmake
-- Up-to-date: /home/uninacorse/ex2_ws/install/sysmonitor_interfaces/share/sysmonitor_interfaces/cmake/export_sysmonitor_interfaces__rosidl_generator_pyExport.cmake
-- Up-to-date: /home/uninacorse/ex2_ws/install/sysmonitor_interfaces/share/sysmonitor_interfaces/cmake/export_sysmonitor_interfaces__rosidl_generator_pyExport-noconfig.cmake
-- Up-to-date: /home/uninacorse/ex2_ws/install/sysmonitor_interfaces/share/sysmonitor_interfaces/cmake/rosidl_cmake-extras.cmake
-- Up-to-date: /home/uninacorse/ex2_ws/install/sysmonitor_interfaces/share/sysmonitor_interfaces/cmake/ament_cmake_export_include_directories-extras.cmake
-- Up-to-date: /home/uninacorse/ex2_ws/install/sysmonitor_interfaces/share/sysmonitor_interfaces/cmake/ament_cmake_export_libraries-extras.cmake
-- Up-to-date: /home/uninacorse/ex2_ws/install/sysmonitor_interfaces/share/sysmonitor_interfaces/cmake/ament_cmake_export_targets-extras.cmake
-- Up-to-date: /home/uninacorse/ex2_ws/install/sysmonitor_interfaces/share/sysmonitor_interfaces/cmake/rosidl_cmake_export_typesupport_targets-extras.cmake
-- Up-to-date: /home/uninacorse/ex2_ws/install/sysmonitor_interfaces/share/sysmonitor_interfaces/cmake/ament_cmake_export_dependencies-extras.cmake
-- Up-to-date: /home/uninacorse/ex2_ws/install/sysmonitor_interfaces/share/sysmonitor_interfaces/cmake/rosidl_cmake_export_typesupport_libraries-extras.cmake
-- Up-to-date: /home/uninacorse/ex2_ws/install/sysmonitor_interfaces/share/sysmonitor_interfaces/cmake/sysmonitor_interfacesConfig.cmake
-- Up-to-date: /home/uninacorse/ex2_ws/install/sysmonitor_interfaces/share/sysmonitor_interfaces/cmake/sysmonitor_interfacesConfig-version.cmake
-- Up-to-date: /home/uninacorse/ex2_ws/install/sysmonitor_interfaces/share/sysmonitor_interfaces/package.xml
