[0.013s] Invoking command in '/home/uninacorse/ex2_ws/build/fault_detection': AMENT_PREFIX_PATH=/home/uninacorse/ex2_ws/install/sysmonitor_interfaces:${AMENT_PREFIX_PATH} CMAKE_PREFIX_PATH=/home/uninacorse/ex2_ws/install/sysmonitor_interfaces:/opt/ros/humble LD_LIBRARY_PATH=/home/uninacorse/ex2_ws/install/sysmonitor_interfaces/lib:${LD_LIBRARY_PATH} PYTHONPATH=/home/uninacorse/ex2_ws/install/sysmonitor_interfaces/local/lib/python3.10/dist-packages:${PYTHONPATH} /usr/bin/cmake --build /home/uninacorse/ex2_ws/build/fault_detection -- -j4 -l4
[0.061s] [35m[1mConsolidate compiler generated dependencies of target challenge2[0m
[0.082s] [ 50%] [32mBuilding CXX object CMakeFiles/challenge2.dir/src/main.cpp.o[0m
[8.388s] [100%] [32m[1mLinking CXX executable challenge2[0m
[8.919s] [100%] Built target challenge2
[8.942s] Invoked command in '/home/uninacorse/ex2_ws/build/fault_detection' returned '0': AMENT_PREFIX_PATH=/home/uninacorse/ex2_ws/install/sysmonitor_interfaces:${AMENT_PREFIX_PATH} CMAKE_PREFIX_PATH=/home/uninacorse/ex2_ws/install/sysmonitor_interfaces:/opt/ros/humble LD_LIBRARY_PATH=/home/uninacorse/ex2_ws/install/sysmonitor_interfaces/lib:${LD_LIBRARY_PATH} PYTHONPATH=/home/uninacorse/ex2_ws/install/sysmonitor_interfaces/local/lib/python3.10/dist-packages:${PYTHONPATH} /usr/bin/cmake --build /home/uninacorse/ex2_ws/build/fault_detection -- -j4 -l4
[8.942s] Invoking command in '/home/uninacorse/ex2_ws/build/fault_detection': AMENT_PREFIX_PATH=/home/uninacorse/ex2_ws/install/sysmonitor_interfaces:${AMENT_PREFIX_PATH} CMAKE_PREFIX_PATH=/home/uninacorse/ex2_ws/install/sysmonitor_interfaces:/opt/ros/humble LD_LIBRARY_PATH=/home/uninacorse/ex2_ws/install/sysmonitor_interfaces/lib:${LD_LIBRARY_PATH} PYTHONPATH=/home/uninacorse/ex2_ws/install/sysmonitor_interfaces/local/lib/python3.10/dist-packages:${PYTHONPATH} /usr/bin/cmake --install /home/uninacorse/ex2_ws/build/fault_detection
[8.950s] -- Install configuration: ""
[8.950s] -- Installing: /home/uninacorse/ex2_ws/install/fault_detection/lib/fault_detection/challenge2
[8.954s] -- Set runtime path of "/home/uninacorse/ex2_ws/install/fault_detection/lib/fault_detection/challenge2" to ""
[8.954s] -- Installing: /home/uninacorse/ex2_ws/install/fault_detection/share/ament_index/resource_index/package_run_dependencies/fault_detection
[8.954s] -- Installing: /home/uninacorse/ex2_ws/install/fault_detection/share/ament_index/resource_index/parent_prefix_path/fault_detection
[8.954s] -- Installing: /home/uninacorse/ex2_ws/install/fault_detection/share/fault_detection/environment/ament_prefix_path.sh
[8.954s] -- Installing: /home/uninacorse/ex2_ws/install/fault_detection/share/fault_detection/environment/ament_prefix_path.dsv
[8.954s] -- Installing: /home/uninacorse/ex2_ws/install/fault_detection/share/fault_detection/environment/path.sh
[8.954s] -- Installing: /home/uninacorse/ex2_ws/install/fault_detection/share/fault_detection/environment/path.dsv
[8.954s] -- Installing: /home/uninacorse/ex2_ws/install/fault_detection/share/fault_detection/local_setup.bash
[8.954s] -- Installing: /home/uninacorse/ex2_ws/install/fault_detection/share/fault_detection/local_setup.sh
[8.955s] -- Installing: /home/uninacorse/ex2_ws/install/fault_detection/share/fault_detection/local_setup.zsh
[8.956s] -- Installing: /home/uninacorse/ex2_ws/install/fault_detection/share/fault_detection/local_setup.dsv
[8.956s] -- Installing: /home/uninacorse/ex2_ws/install/fault_detection/share/fault_detection/package.dsv
[8.956s] -- Installing: /home/uninacorse/ex2_ws/install/fault_detection/share/ament_index/resource_index/packages/fault_detection
[8.956s] -- Installing: /home/uninacorse/ex2_ws/install/fault_detection/share/fault_detection/cmake/fault_detectionConfig.cmake
[8.956s] -- Installing: /home/uninacorse/ex2_ws/install/fault_detection/share/fault_detection/cmake/fault_detectionConfig-version.cmake
[8.956s] -- Installing: /home/uninacorse/ex2_ws/install/fault_detection/share/fault_detection/package.xml
[8.958s] Invoked command in '/home/uninacorse/ex2_ws/build/fault_detection' returned '0': AMENT_PREFIX_PATH=/home/uninacorse/ex2_ws/install/sysmonitor_interfaces:${AMENT_PREFIX_PATH} CMAKE_PREFIX_PATH=/home/uninacorse/ex2_ws/install/sysmonitor_interfaces:/opt/ros/humble LD_LIBRARY_PATH=/home/uninacorse/ex2_ws/install/sysmonitor_interfaces/lib:${LD_LIBRARY_PATH} PYTHONPATH=/home/uninacorse/ex2_ws/install/sysmonitor_interfaces/local/lib/python3.10/dist-packages:${PYTHONPATH} /usr/bin/cmake --install /home/uninacorse/ex2_ws/build/fault_detection
