[0.010s] Invoking command in '/home/uninacorse/ex2_ws/build/sysmonitor_interfaces': CMAKE_PREFIX_PATH=/opt/ros/humble /usr/bin/cmake --build /home/uninacorse/ex2_ws/build/sysmonitor_interfaces -- -j4 -l4
[0.055s] [35m[1mConsolidate compiler generated dependencies of target sysmonitor_interfaces__rosidl_generator_c[0m
[0.069s] [  3%] Built target sysmonitor_interfaces__cpp
[0.069s] [ 12%] Built target sysmonitor_interfaces__rosidl_generator_c
[0.079s] [35m[1mConsolidate compiler generated dependencies of target sysmonitor_interfaces__rosidl_typesupport_cpp[0m
[0.081s] [35m[1mConsolidate compiler generated dependencies of target sysmonitor_interfaces__rosidl_typesupport_fastrtps_cpp[0m
[0.082s] [35m[1mConsolidate compiler generated dependencies of target sysmonitor_interfaces__rosidl_typesupport_introspection_cpp[0m
[0.086s] [ 12%] Built target ament_cmake_python_copy_sysmonitor_interfaces
[0.095s] [ 32%] Built target sysmonitor_interfaces__rosidl_typesupport_fastrtps_cpp
[0.095s] [ 32%] Built target sysmonitor_interfaces__rosidl_typesupport_cpp
[0.101s] [35m[1mConsolidate compiler generated dependencies of target sysmonitor_interfaces__rosidl_typesupport_fastrtps_c[0m
[0.102s] [ 41%] Built target sysmonitor_interfaces__rosidl_typesupport_introspection_cpp
[0.105s] [35m[1mConsolidate compiler generated dependencies of target sysmonitor_interfaces__rosidl_typesupport_introspection_c[0m
[0.106s] [35m[1mConsolidate compiler generated dependencies of target sysmonitor_interfaces__rosidl_typesupport_c[0m
[0.118s] [ 51%] Built target sysmonitor_interfaces__rosidl_typesupport_fastrtps_c
[0.119s] [ 61%] Built target sysmonitor_interfaces__rosidl_typesupport_introspection_c
[0.121s] [ 70%] Built target sysmonitor_interfaces__rosidl_typesupport_c
[0.149s] [ 70%] Built target sysmonitor_interfaces
[0.178s] [ 74%] Built target sysmonitor_interfaces__py
[0.196s] [35m[1mConsolidate compiler generated dependencies of target sysmonitor_interfaces__rosidl_generator_py[0m
[0.208s] [ 80%] Built target sysmonitor_interfaces__rosidl_generator_py
[0.220s] [35m[1mConsolidate compiler generated dependencies of target sysmonitor_interfaces__rosidl_typesupport_c__pyext[0m
[0.222s] [35m[1mConsolidate compiler generated dependencies of target sysmonitor_interfaces__rosidl_typesupport_introspection_c__pyext[0m
[0.227s] [35m[1mConsolidate compiler generated dependencies of target sysmonitor_interfaces__rosidl_typesupport_fastrtps_c__pyext[0m
[0.241s] [ 93%] Built target sysmonitor_interfaces__rosidl_typesupport_fastrtps_c__pyext
[0.241s] [ 93%] Built target sysmonitor_interfaces__rosidl_typesupport_introspection_c__pyext
[0.243s] [100%] Built target sysmonitor_interfaces__rosidl_typesupport_c__pyext
[0.376s] running egg_info
[0.377s] writing sysmonitor_interfaces.egg-info/PKG-INFO
[0.377s] writing dependency_links to sysmonitor_interfaces.egg-info/dependency_links.txt
[0.377s] writing top-level names to sysmonitor_interfaces.egg-info/top_level.txt
[0.380s] reading manifest file 'sysmonitor_interfaces.egg-info/SOURCES.txt'
[0.380s] writing manifest file 'sysmonitor_interfaces.egg-info/SOURCES.txt'
[0.408s] [100%] Built target ament_cmake_python_build_sysmonitor_interfaces_egg
[0.420s] Invoked command in '/home/uninacorse/ex2_ws/build/sysmonitor_interfaces' returned '0': CMAKE_PREFIX_PATH=/opt/ros/humble /usr/bin/cmake --build /home/uninacorse/ex2_ws/build/sysmonitor_interfaces -- -j4 -l4
[0.430s] Invoking command in '/home/uninacorse/ex2_ws/build/sysmonitor_interfaces': CMAKE_PREFIX_PATH=/opt/ros/humble /usr/bin/cmake --install /home/uninacorse/ex2_ws/build/sysmonitor_interfaces
[0.438s] -- Install configuration: ""
[0.438s] -- Up-to-date: /home/uninacorse/ex2_ws/install/sysmonitor_interfaces/share/ament_index/resource_index/rosidl_interfaces/sysmonitor_interfaces
[0.438s] -- Up-to-date: /home/uninacorse/ex2_ws/install/sysmonitor_interfaces/include/sysmonitor_interfaces/sysmonitor_interfaces
[0.438s] -- Up-to-date: /home/uninacorse/ex2_ws/install/sysmonitor_interfaces/include/sysmonitor_interfaces/sysmonitor_interfaces/msg
[0.438s] -- Up-to-date: /home/uninacorse/ex2_ws/install/sysmonitor_interfaces/include/sysmonitor_interfaces/sysmonitor_interfaces/msg/sysmon.h
[0.438s] -- Up-to-date: /home/uninacorse/ex2_ws/install/sysmonitor_interfaces/include/sysmonitor_interfaces/sysmonitor_interfaces/msg/detail
[0.438s] -- Up-to-date: /home/uninacorse/ex2_ws/install/sysmonitor_interfaces/include/sysmonitor_interfaces/sysmonitor_interfaces/msg/detail/sysmon__type_support.h
[0.438s] -- Up-to-date: /home/uninacorse/ex2_ws/install/sysmonitor_interfaces/include/sysmonitor_interfaces/sysmonitor_interfaces/msg/detail/sysmon__functions.c
[0.439s] -- Up-to-date: /home/uninacorse/ex2_ws/install/sysmonitor_interfaces/include/sysmonitor_interfaces/sysmonitor_interfaces/msg/detail/sysmon__struct.h
[0.439s] -- Up-to-date: /home/uninacorse/ex2_ws/install/sysmonitor_interfaces/include/sysmonitor_interfaces/sysmonitor_interfaces/msg/detail/sysmon__functions.h
[0.439s] -- Up-to-date: /home/uninacorse/ex2_ws/install/sysmonitor_interfaces/include/sysmonitor_interfaces/sysmonitor_interfaces/msg/rosidl_generator_c__visibility_control.h
[0.439s] -- Up-to-date: /home/uninacorse/ex2_ws/install/sysmonitor_interfaces/share/sysmonitor_interfaces/environment/library_path.sh
[0.439s] -- Up-to-date: /home/uninacorse/ex2_ws/install/sysmonitor_interfaces/share/sysmonitor_interfaces/environment/library_path.dsv
[0.439s] -- Up-to-date: /home/uninacorse/ex2_ws/install/sysmonitor_interfaces/lib/libsysmonitor_interfaces__rosidl_generator_c.so
[0.439s] -- Up-to-date: /home/uninacorse/ex2_ws/install/sysmonitor_interfaces/include/sysmonitor_interfaces/sysmonitor_interfaces
[0.439s] -- Up-to-date: /home/uninacorse/ex2_ws/install/sysmonitor_interfaces/include/sysmonitor_interfaces/sysmonitor_interfaces/msg
[0.439s] -- Up-to-date: /home/uninacorse/ex2_ws/install/sysmonitor_interfaces/include/sysmonitor_interfaces/sysmonitor_interfaces/msg/rosidl_typesupport_fastrtps_c__visibility_control.h
[0.440s] -- Up-to-date: /home/uninacorse/ex2_ws/install/sysmonitor_interfaces/include/sysmonitor_interfaces/sysmonitor_interfaces/msg/detail
[0.440s] -- Up-to-date: /home/uninacorse/ex2_ws/install/sysmonitor_interfaces/include/sysmonitor_interfaces/sysmonitor_interfaces/msg/detail/sysmon__rosidl_typesupport_fastrtps_c.h
[0.440s] -- Up-to-date: /home/uninacorse/ex2_ws/install/sysmonitor_interfaces/lib/libsysmonitor_interfaces__rosidl_typesupport_fastrtps_c.so
[0.440s] -- Up-to-date: /home/uninacorse/ex2_ws/install/sysmonitor_interfaces/include/sysmonitor_interfaces/sysmonitor_interfaces
[0.440s] -- Up-to-date: /home/uninacorse/ex2_ws/install/sysmonitor_interfaces/include/sysmonitor_interfaces/sysmonitor_interfaces/msg
[0.440s] -- Up-to-date: /home/uninacorse/ex2_ws/install/sysmonitor_interfaces/include/sysmonitor_interfaces/sysmonitor_interfaces/msg/rosidl_typesupport_introspection_c__visibility_control.h
[0.440s] -- Up-to-date: /home/uninacorse/ex2_ws/install/sysmonitor_interfaces/include/sysmonitor_interfaces/sysmonitor_interfaces/msg/detail
[0.440s] -- Up-to-date: /home/uninacorse/ex2_ws/install/sysmonitor_interfaces/include/sysmonitor_interfaces/sysmonitor_interfaces/msg/detail/sysmon__type_support.c
[0.440s] -- Up-to-date: /home/uninacorse/ex2_ws/install/sysmonitor_interfaces/include/sysmonitor_interfaces/sysmonitor_interfaces/msg/detail/sysmon__rosidl_typesupport_introspection_c.h
[0.440s] -- Up-to-date: /home/uninacorse/ex2_ws/install/sysmonitor_interfaces/lib/libsysmonitor_interfaces__rosidl_typesupport_introspection_c.so
[0.440s] -- Up-to-date: /home/uninacorse/ex2_ws/install/sysmonitor_interfaces/lib/libsysmonitor_interfaces__rosidl_typesupport_c.so
[0.440s] -- Up-to-date: /home/uninacorse/ex2_ws/install/sysmonitor_interfaces/include/sysmonitor_interfaces/sysmonitor_interfaces
[0.441s] -- Up-to-date: /home/uninacorse/ex2_ws/install/sysmonitor_interfaces/include/sysmonitor_interfaces/sysmonitor_interfaces/msg
[0.441s] -- Up-to-date: /home/uninacorse/ex2_ws/install/sysmonitor_interfaces/include/sysmonitor_interfaces/sysmonitor_interfaces/msg/sysmon.hpp
[0.441s] -- Up-to-date: /home/uninacorse/ex2_ws/install/sysmonitor_interfaces/include/sysmonitor_interfaces/sysmonitor_interfaces/msg/rosidl_generator_cpp__visibility_control.hpp
[0.441s] -- Up-to-date: /home/uninacorse/ex2_ws/install/sysmonitor_interfaces/include/sysmonitor_interfaces/sysmonitor_interfaces/msg/detail
[0.441s] -- Up-to-date: /home/uninacorse/ex2_ws/install/sysmonitor_interfaces/include/sysmonitor_interfaces/sysmonitor_interfaces/msg/detail/sysmon__type_support.hpp
[0.441s] -- Up-to-date: /home/uninacorse/ex2_ws/install/sysmonitor_interfaces/include/sysmonitor_interfaces/sysmonitor_interfaces/msg/detail/sysmon__builder.hpp
[0.441s] -- Up-to-date: /home/uninacorse/ex2_ws/install/sysmonitor_interfaces/include/sysmonitor_interfaces/sysmonitor_interfaces/msg/detail/sysmon__traits.hpp
[0.441s] -- Up-to-date: /home/uninacorse/ex2_ws/install/sysmonitor_interfaces/include/sysmonitor_interfaces/sysmonitor_interfaces/msg/detail/sysmon__struct.hpp
[0.441s] -- Up-to-date: /home/uninacorse/ex2_ws/install/sysmonitor_interfaces/include/sysmonitor_interfaces/sysmonitor_interfaces
[0.441s] -- Up-to-date: /home/uninacorse/ex2_ws/install/sysmonitor_interfaces/include/sysmonitor_interfaces/sysmonitor_interfaces/msg
[0.441s] -- Up-to-date: /home/uninacorse/ex2_ws/install/sysmonitor_interfaces/include/sysmonitor_interfaces/sysmonitor_interfaces/msg/rosidl_typesupport_fastrtps_cpp__visibility_control.h
[0.441s] -- Up-to-date: /home/uninacorse/ex2_ws/install/sysmonitor_interfaces/include/sysmonitor_interfaces/sysmonitor_interfaces/msg/detail
[0.441s] -- Up-to-date: /home/uninacorse/ex2_ws/install/sysmonitor_interfaces/include/sysmonitor_interfaces/sysmonitor_interfaces/msg/detail/dds_fastrtps
[0.441s] -- Up-to-date: /home/uninacorse/ex2_ws/install/sysmonitor_interfaces/include/sysmonitor_interfaces/sysmonitor_interfaces/msg/detail/sysmon__rosidl_typesupport_fastrtps_cpp.hpp
[0.441s] -- Up-to-date: /home/uninacorse/ex2_ws/install/sysmonitor_interfaces/lib/libsysmonitor_interfaces__rosidl_typesupport_fastrtps_cpp.so
[0.442s] -- Up-to-date: /home/uninacorse/ex2_ws/install/sysmonitor_interfaces/include/sysmonitor_interfaces/sysmonitor_interfaces
[0.442s] -- Up-to-date: /home/uninacorse/ex2_ws/install/sysmonitor_interfaces/include/sysmonitor_interfaces/sysmonitor_interfaces/msg
[0.442s] -- Up-to-date: /home/uninacorse/ex2_ws/install/sysmonitor_interfaces/include/sysmonitor_interfaces/sysmonitor_interfaces/msg/detail
[0.442s] -- Up-to-date: /home/uninacorse/ex2_ws/install/sysmonitor_interfaces/include/sysmonitor_interfaces/sysmonitor_interfaces/msg/detail/sysmon__type_support.cpp
[0.442s] -- Up-to-date: /home/uninacorse/ex2_ws/install/sysmonitor_interfaces/include/sysmonitor_interfaces/sysmonitor_interfaces/msg/detail/sysmon__rosidl_typesupport_introspection_cpp.hpp
[0.442s] -- Up-to-date: /home/uninacorse/ex2_ws/install/sysmonitor_interfaces/lib/libsysmonitor_interfaces__rosidl_typesupport_introspection_cpp.so
[0.442s] -- Up-to-date: /home/uninacorse/ex2_ws/install/sysmonitor_interfaces/lib/libsysmonitor_interfaces__rosidl_typesupport_cpp.so
[0.442s] -- Up-to-date: /home/uninacorse/ex2_ws/install/sysmonitor_interfaces/share/sysmonitor_interfaces/environment/pythonpath.sh
[0.442s] -- Up-to-date: /home/uninacorse/ex2_ws/install/sysmonitor_interfaces/share/sysmonitor_interfaces/environment/pythonpath.dsv
[0.442s] -- Up-to-date: /home/uninacorse/ex2_ws/install/sysmonitor_interfaces/local/lib/python3.10/dist-packages/sysmonitor_interfaces-0.0.0-py3.10.egg-info
[0.442s] -- Installing: /home/uninacorse/ex2_ws/install/sysmonitor_interfaces/local/lib/python3.10/dist-packages/sysmonitor_interfaces-0.0.0-py3.10.egg-info/PKG-INFO
[0.443s] -- Installing: /home/uninacorse/ex2_ws/install/sysmonitor_interfaces/local/lib/python3.10/dist-packages/sysmonitor_interfaces-0.0.0-py3.10.egg-info/SOURCES.txt
[0.443s] -- Installing: /home/uninacorse/ex2_ws/install/sysmonitor_interfaces/local/lib/python3.10/dist-packages/sysmonitor_interfaces-0.0.0-py3.10.egg-info/dependency_links.txt
[0.443s] -- Installing: /home/uninacorse/ex2_ws/install/sysmonitor_interfaces/local/lib/python3.10/dist-packages/sysmonitor_interfaces-0.0.0-py3.10.egg-info/top_level.txt
[0.443s] -- Up-to-date: /home/uninacorse/ex2_ws/install/sysmonitor_interfaces/local/lib/python3.10/dist-packages/sysmonitor_interfaces
[0.443s] -- Up-to-date: /home/uninacorse/ex2_ws/install/sysmonitor_interfaces/local/lib/python3.10/dist-packages/sysmonitor_interfaces/msg
[0.443s] -- Up-to-date: /home/uninacorse/ex2_ws/install/sysmonitor_interfaces/local/lib/python3.10/dist-packages/sysmonitor_interfaces/msg/__init__.py
[0.443s] -- Up-to-date: /home/uninacorse/ex2_ws/install/sysmonitor_interfaces/local/lib/python3.10/dist-packages/sysmonitor_interfaces/msg/_sysmon_s.c
[0.443s] -- Up-to-date: /home/uninacorse/ex2_ws/install/sysmonitor_interfaces/local/lib/python3.10/dist-packages/sysmonitor_interfaces/msg/_sysmon.py
[0.443s] -- Up-to-date: /home/uninacorse/ex2_ws/install/sysmonitor_interfaces/local/lib/python3.10/dist-packages/sysmonitor_interfaces/_sysmonitor_interfaces_s.ep.rosidl_typesupport_introspection_c.c
[0.443s] -- Up-to-date: /home/uninacorse/ex2_ws/install/sysmonitor_interfaces/local/lib/python3.10/dist-packages/sysmonitor_interfaces/sysmonitor_interfaces_s__rosidl_typesupport_fastrtps_c.cpython-310-x86_64-linux-gnu.so
[0.443s] -- Up-to-date: /home/uninacorse/ex2_ws/install/sysmonitor_interfaces/local/lib/python3.10/dist-packages/sysmonitor_interfaces/_sysmonitor_interfaces_s.ep.rosidl_typesupport_c.c
[0.444s] -- Up-to-date: /home/uninacorse/ex2_ws/install/sysmonitor_interfaces/local/lib/python3.10/dist-packages/sysmonitor_interfaces/__init__.py
[0.444s] -- Up-to-date: /home/uninacorse/ex2_ws/install/sysmonitor_interfaces/local/lib/python3.10/dist-packages/sysmonitor_interfaces/sysmonitor_interfaces_s__rosidl_typesupport_introspection_c.cpython-310-x86_64-linux-gnu.so
[0.444s] -- Up-to-date: /home/uninacorse/ex2_ws/install/sysmonitor_interfaces/local/lib/python3.10/dist-packages/sysmonitor_interfaces/libsysmonitor_interfaces__rosidl_generator_py.so
[0.444s] -- Up-to-date: /home/uninacorse/ex2_ws/install/sysmonitor_interfaces/local/lib/python3.10/dist-packages/sysmonitor_interfaces/_sysmonitor_interfaces_s.ep.rosidl_typesupport_fastrtps_c.c
[0.444s] -- Up-to-date: /home/uninacorse/ex2_ws/install/sysmonitor_interfaces/local/lib/python3.10/dist-packages/sysmonitor_interfaces/sysmonitor_interfaces_s__rosidl_typesupport_c.cpython-310-x86_64-linux-gnu.so
[0.476s] Listing '/home/uninacorse/ex2_ws/install/sysmonitor_interfaces/local/lib/python3.10/dist-packages/sysmonitor_interfaces'...
[0.476s] Listing '/home/uninacorse/ex2_ws/install/sysmonitor_interfaces/local/lib/python3.10/dist-packages/sysmonitor_interfaces/msg'...
[0.480s] -- Up-to-date: /home/uninacorse/ex2_ws/install/sysmonitor_interfaces/local/lib/python3.10/dist-packages/sysmonitor_interfaces/sysmonitor_interfaces_s__rosidl_typesupport_fastrtps_c.cpython-310-x86_64-linux-gnu.so
[0.481s] -- Up-to-date: /home/uninacorse/ex2_ws/install/sysmonitor_interfaces/local/lib/python3.10/dist-packages/sysmonitor_interfaces/sysmonitor_interfaces_s__rosidl_typesupport_introspection_c.cpython-310-x86_64-linux-gnu.so
[0.482s] -- Up-to-date: /home/uninacorse/ex2_ws/install/sysmonitor_interfaces/local/lib/python3.10/dist-packages/sysmonitor_interfaces/sysmonitor_interfaces_s__rosidl_typesupport_c.cpython-310-x86_64-linux-gnu.so
[0.482s] -- Up-to-date: /home/uninacorse/ex2_ws/install/sysmonitor_interfaces/lib/libsysmonitor_interfaces__rosidl_generator_py.so
[0.482s] -- Up-to-date: /home/uninacorse/ex2_ws/install/sysmonitor_interfaces/share/sysmonitor_interfaces/msg/Sysmon.idl
[0.482s] -- Up-to-date: /home/uninacorse/ex2_ws/install/sysmonitor_interfaces/share/sysmonitor_interfaces/msg/Sysmon.msg
[0.482s] -- Up-to-date: /home/uninacorse/ex2_ws/install/sysmonitor_interfaces/share/ament_index/resource_index/package_run_dependencies/sysmonitor_interfaces
[0.482s] -- Up-to-date: /home/uninacorse/ex2_ws/install/sysmonitor_interfaces/share/ament_index/resource_index/parent_prefix_path/sysmonitor_interfaces
[0.482s] -- Up-to-date: /home/uninacorse/ex2_ws/install/sysmonitor_interfaces/share/sysmonitor_interfaces/environment/ament_prefix_path.sh
[0.482s] -- Up-to-date: /home/uninacorse/ex2_ws/install/sysmonitor_interfaces/share/sysmonitor_interfaces/environment/ament_prefix_path.dsv
[0.482s] -- Up-to-date: /home/uninacorse/ex2_ws/install/sysmonitor_interfaces/share/sysmonitor_interfaces/environment/path.sh
[0.483s] -- Up-to-date: /home/uninacorse/ex2_ws/install/sysmonitor_interfaces/share/sysmonitor_interfaces/environment/path.dsv
[0.483s] -- Up-to-date: /home/uninacorse/ex2_ws/install/sysmonitor_interfaces/share/sysmonitor_interfaces/local_setup.bash
[0.483s] -- Up-to-date: /home/uninacorse/ex2_ws/install/sysmonitor_interfaces/share/sysmonitor_interfaces/local_setup.sh
[0.483s] -- Up-to-date: /home/uninacorse/ex2_ws/install/sysmonitor_interfaces/share/sysmonitor_interfaces/local_setup.zsh
[0.483s] -- Up-to-date: /home/uninacorse/ex2_ws/install/sysmonitor_interfaces/share/sysmonitor_interfaces/local_setup.dsv
[0.483s] -- Installing: /home/uninacorse/ex2_ws/install/sysmonitor_interfaces/share/sysmonitor_interfaces/package.dsv
[0.483s] -- Up-to-date: /home/uninacorse/ex2_ws/install/sysmonitor_interfaces/share/ament_index/resource_index/packages/sysmonitor_interfaces
[0.483s] -- Up-to-date: /home/uninacorse/ex2_ws/install/sysmonitor_interfaces/share/sysmonitor_interfaces/cmake/export_sysmonitor_interfaces__rosidl_generator_cExport.cmake
[0.483s] -- Up-to-date: /home/uninacorse/ex2_ws/install/sysmonitor_interfaces/share/sysmonitor_interfaces/cmake/export_sysmonitor_interfaces__rosidl_generator_cExport-noconfig.cmake
[0.483s] -- Up-to-date: /home/uninacorse/ex2_ws/install/sysmonitor_interfaces/share/sysmonitor_interfaces/cmake/export_sysmonitor_interfaces__rosidl_typesupport_fastrtps_cExport.cmake
[0.483s] -- Up-to-date: /home/uninacorse/ex2_ws/install/sysmonitor_interfaces/share/sysmonitor_interfaces/cmake/export_sysmonitor_interfaces__rosidl_typesupport_fastrtps_cExport-noconfig.cmake
[0.483s] -- Up-to-date: /home/uninacorse/ex2_ws/install/sysmonitor_interfaces/share/sysmonitor_interfaces/cmake/sysmonitor_interfaces__rosidl_typesupport_introspection_cExport.cmake
[0.484s] -- Up-to-date: /home/uninacorse/ex2_ws/install/sysmonitor_interfaces/share/sysmonitor_interfaces/cmake/sysmonitor_interfaces__rosidl_typesupport_introspection_cExport-noconfig.cmake
[0.484s] -- Up-to-date: /home/uninacorse/ex2_ws/install/sysmonitor_interfaces/share/sysmonitor_interfaces/cmake/sysmonitor_interfaces__rosidl_typesupport_cExport.cmake
[0.484s] -- Up-to-date: /home/uninacorse/ex2_ws/install/sysmonitor_interfaces/share/sysmonitor_interfaces/cmake/sysmonitor_interfaces__rosidl_typesupport_cExport-noconfig.cmake
[0.484s] -- Up-to-date: /home/uninacorse/ex2_ws/install/sysmonitor_interfaces/share/sysmonitor_interfaces/cmake/export_sysmonitor_interfaces__rosidl_generator_cppExport.cmake
[0.484s] -- Up-to-date: /home/uninacorse/ex2_ws/install/sysmonitor_interfaces/share/sysmonitor_interfaces/cmake/export_sysmonitor_interfaces__rosidl_typesupport_fastrtps_cppExport.cmake
[0.484s] -- Up-to-date: /home/uninacorse/ex2_ws/install/sysmonitor_interfaces/share/sysmonitor_interfaces/cmake/export_sysmonitor_interfaces__rosidl_typesupport_fastrtps_cppExport-noconfig.cmake
[0.484s] -- Up-to-date: /home/uninacorse/ex2_ws/install/sysmonitor_interfaces/share/sysmonitor_interfaces/cmake/sysmonitor_interfaces__rosidl_typesupport_introspection_cppExport.cmake
[0.484s] -- Up-to-date: /home/uninacorse/ex2_ws/install/sysmonitor_interfaces/share/sysmonitor_interfaces/cmake/sysmonitor_interfaces__rosidl_typesupport_introspection_cppExport-noconfig.cmake
[0.484s] -- Up-to-date: /home/uninacorse/ex2_ws/install/sysmonitor_interfaces/share/sysmonitor_interfaces/cmake/sysmonitor_interfaces__rosidl_typesupport_cppExport.cmake
[0.484s] -- Up-to-date: /home/uninacorse/ex2_ws/install/sysmonitor_interfaces/share/sysmonitor_interfaces/cmake/sysmonitor_interfaces__rosidl_typesupport_cppExport-noconfig.cmake
[0.484s] -- Up-to-date: /home/uninacorse/ex2_ws/install/sysmonitor_interfaces/share/sysmonitor_interfaces/cmake/export_sysmonitor_interfaces__rosidl_generator_pyExport.cmake
[0.484s] -- Up-to-date: /home/uninacorse/ex2_ws/install/sysmonitor_interfaces/share/sysmonitor_interfaces/cmake/export_sysmonitor_interfaces__rosidl_generator_pyExport-noconfig.cmake
[0.485s] -- Up-to-date: /home/uninacorse/ex2_ws/install/sysmonitor_interfaces/share/sysmonitor_interfaces/cmake/rosidl_cmake-extras.cmake
[0.485s] -- Up-to-date: /home/uninacorse/ex2_ws/install/sysmonitor_interfaces/share/sysmonitor_interfaces/cmake/ament_cmake_export_include_directories-extras.cmake
[0.485s] -- Up-to-date: /home/uninacorse/ex2_ws/install/sysmonitor_interfaces/share/sysmonitor_interfaces/cmake/ament_cmake_export_libraries-extras.cmake
[0.485s] -- Up-to-date: /home/uninacorse/ex2_ws/install/sysmonitor_interfaces/share/sysmonitor_interfaces/cmake/ament_cmake_export_targets-extras.cmake
[0.485s] -- Up-to-date: /home/uninacorse/ex2_ws/install/sysmonitor_interfaces/share/sysmonitor_interfaces/cmake/rosidl_cmake_export_typesupport_targets-extras.cmake
[0.485s] -- Up-to-date: /home/uninacorse/ex2_ws/install/sysmonitor_interfaces/share/sysmonitor_interfaces/cmake/ament_cmake_export_dependencies-extras.cmake
[0.485s] -- Up-to-date: /home/uninacorse/ex2_ws/install/sysmonitor_interfaces/share/sysmonitor_interfaces/cmake/rosidl_cmake_export_typesupport_libraries-extras.cmake
[0.485s] -- Up-to-date: /home/uninacorse/ex2_ws/install/sysmonitor_interfaces/share/sysmonitor_interfaces/cmake/sysmonitor_interfacesConfig.cmake
[0.485s] -- Up-to-date: /home/uninacorse/ex2_ws/install/sysmonitor_interfaces/share/sysmonitor_interfaces/cmake/sysmonitor_interfacesConfig-version.cmake
[0.485s] -- Up-to-date: /home/uninacorse/ex2_ws/install/sysmonitor_interfaces/share/sysmonitor_interfaces/package.xml
[0.487s] Invoked command in '/home/uninacorse/ex2_ws/build/sysmonitor_interfaces' returned '0': CMAKE_PREFIX_PATH=/opt/ros/humble /usr/bin/cmake --install /home/uninacorse/ex2_ws/build/sysmonitor_interfaces
