[0.009s] Invoking command in '/home/uninacorse/ros2_ws/build/sysmon_trigger_cpp': CMAKE_PREFIX_PATH=/home/uninacorse/ros2_ws/install/sysmonitor_interfaces:/home/uninacorse/ros2_ws/install/sysmon_trigger_cpp:/opt/ros/humble /usr/bin/cmake --build /home/uninacorse/ros2_ws/build/sysmon_trigger_cpp -- -j4 -l4
[0.054s] [35m[1mConsolidate compiler generated dependencies of target system_triggered_publisher[0m
[0.078s] [100%] Built target system_triggered_publisher
[0.089s] Invoked command in '/home/uninacorse/ros2_ws/build/sysmon_trigger_cpp' returned '0': CMAKE_PREFIX_PATH=/home/uninacorse/ros2_ws/install/sysmonitor_interfaces:/home/uninacorse/ros2_ws/install/sysmon_trigger_cpp:/opt/ros/humble /usr/bin/cmake --build /home/uninacorse/ros2_ws/build/sysmon_trigger_cpp -- -j4 -l4
[0.092s] Invoking command in '/home/uninacorse/ros2_ws/build/sysmon_trigger_cpp': CMAKE_PREFIX_PATH=/home/uninacorse/ros2_ws/install/sysmonitor_interfaces:/home/uninacorse/ros2_ws/install/sysmon_trigger_cpp:/opt/ros/humble /usr/bin/cmake --install /home/uninacorse/ros2_ws/build/sysmon_trigger_cpp
[0.099s] -- Install configuration: ""
[0.099s] -- Up-to-date: /home/uninacorse/ros2_ws/install/sysmon_trigger_cpp/lib/sysmon_trigger_cpp/system_triggered_publisher
[0.099s] -- Up-to-date: /home/uninacorse/ros2_ws/install/sysmon_trigger_cpp/share/ament_index/resource_index/package_run_dependencies/sysmon_trigger_cpp
[0.099s] -- Up-to-date: /home/uninacorse/ros2_ws/install/sysmon_trigger_cpp/share/ament_index/resource_index/parent_prefix_path/sysmon_trigger_cpp
[0.100s] -- Up-to-date: /home/uninacorse/ros2_ws/install/sysmon_trigger_cpp/share/sysmon_trigger_cpp/environment/ament_prefix_path.sh
[0.100s] -- Up-to-date: /home/uninacorse/ros2_ws/install/sysmon_trigger_cpp/share/sysmon_trigger_cpp/environment/ament_prefix_path.dsv
[0.100s] -- Up-to-date: /home/uninacorse/ros2_ws/install/sysmon_trigger_cpp/share/sysmon_trigger_cpp/environment/path.sh
[0.100s] -- Up-to-date: /home/uninacorse/ros2_ws/install/sysmon_trigger_cpp/share/sysmon_trigger_cpp/environment/path.dsv
[0.101s] -- Up-to-date: /home/uninacorse/ros2_ws/install/sysmon_trigger_cpp/share/sysmon_trigger_cpp/local_setup.bash
[0.101s] -- Up-to-date: /home/uninacorse/ros2_ws/install/sysmon_trigger_cpp/share/sysmon_trigger_cpp/local_setup.sh
[0.101s] -- Up-to-date: /home/uninacorse/ros2_ws/install/sysmon_trigger_cpp/share/sysmon_trigger_cpp/local_setup.zsh
[0.101s] -- Up-to-date: /home/uninacorse/ros2_ws/install/sysmon_trigger_cpp/share/sysmon_trigger_cpp/local_setup.dsv
[0.101s] -- Installing: /home/uninacorse/ros2_ws/install/sysmon_trigger_cpp/share/sysmon_trigger_cpp/package.dsv
[0.101s] -- Up-to-date: /home/uninacorse/ros2_ws/install/sysmon_trigger_cpp/share/ament_index/resource_index/packages/sysmon_trigger_cpp
[0.102s] -- Up-to-date: /home/uninacorse/ros2_ws/install/sysmon_trigger_cpp/share/sysmon_trigger_cpp/cmake/sysmon_trigger_cppConfig.cmake
[0.102s] -- Up-to-date: /home/uninacorse/ros2_ws/install/sysmon_trigger_cpp/share/sysmon_trigger_cpp/cmake/sysmon_trigger_cppConfig-version.cmake
[0.102s] -- Up-to-date: /home/uninacorse/ros2_ws/install/sysmon_trigger_cpp/share/sysmon_trigger_cpp/package.xml
[0.103s] Invoked command in '/home/uninacorse/ros2_ws/build/sysmon_trigger_cpp' returned '0': CMAKE_PREFIX_PATH=/home/uninacorse/ros2_ws/install/sysmonitor_interfaces:/home/uninacorse/ros2_ws/install/sysmon_trigger_cpp:/opt/ros/humble /usr/bin/cmake --install /home/uninacorse/ros2_ws/build/sysmon_trigger_cpp
