[0.010s] Invoking command in '/home/uninacorse/ros2_ws/build/sysmon_trigger_cpp': CMAKE_PREFIX_PATH=/home/uninacorse/ros2_ws/install/sysmonitor_interfaces:/home/uninacorse/ros2_ws/install/sysmon_trigger_cpp:/opt/ros/humble /usr/bin/cmake /home/uninacorse/ros2_ws/src/sysmon_trigger_cpp -DCMAKE_INSTALL_PREFIX=/home/uninacorse/ros2_ws/install/sysmon_trigger_cpp
[0.063s] -- The C compiler identification is GNU 11.4.0
[0.116s] -- The CXX compiler identification is GNU 11.4.0
[0.122s] -- Detecting C compiler ABI info
[0.189s] -- Detecting C compiler ABI info - done
[0.195s] -- Check for working C compiler: /usr/bin/cc - skipped
[0.195s] -- Detecting C compile features
[0.195s] -- Detecting C compile features - done
[0.198s] -- Detecting CXX compiler ABI info
[0.276s] -- Detecting CXX compiler ABI info - done
[0.281s] -- Check for working CXX compiler: /usr/bin/c++ - skipped
[0.281s] -- Detecting CXX compile features
[0.282s] -- Detecting CXX compile features - done
[0.284s] -- Found ament_cmake: 1.3.12 (/opt/ros/humble/share/ament_cmake/cmake)
[0.420s] -- Found Python3: /usr/bin/python3 (found version "3.10.12") found components: Interpreter 
[0.501s] -- Found rclcpp: 16.0.16 (/opt/ros/humble/share/rclcpp/cmake)
[0.539s] -- Found rosidl_generator_c: 3.1.7 (/opt/ros/humble/share/rosidl_generator_c/cmake)
[0.544s] -- Found rosidl_adapter: 3.1.7 (/opt/ros/humble/share/rosidl_adapter/cmake)
[0.551s] -- Found rosidl_generator_cpp: 3.1.7 (/opt/ros/humble/share/rosidl_generator_cpp/cmake)
[0.562s] -- Using all available rosidl_typesupport_c: rosidl_typesupport_fastrtps_c;rosidl_typesupport_introspection_c
[0.576s] -- Using all available rosidl_typesupport_cpp: rosidl_typesupport_fastrtps_cpp;rosidl_typesupport_introspection_cpp
[0.616s] -- Found rmw_implementation_cmake: 6.1.2 (/opt/ros/humble/share/rmw_implementation_cmake/cmake)
[0.618s] -- Found rmw_fastrtps_cpp: 6.2.9 (/opt/ros/humble/share/rmw_fastrtps_cpp/cmake)
[0.696s] -- Found OpenSSL: /usr/lib/x86_64-linux-gnu/libcrypto.so (found version "3.0.2")  
[0.718s] -- Found FastRTPS: /opt/ros/humble/include  
[0.755s] -- Using RMW implementation 'rmw_fastrtps_cpp' as default
[0.762s] -- Looking for pthread.h
[0.830s] -- Looking for pthread.h - found
[0.830s] -- Performing Test CMAKE_HAVE_LIBC_PTHREAD
[0.902s] -- Performing Test CMAKE_HAVE_LIBC_PTHREAD - Success
[0.902s] -- Found Threads: TRUE  
[0.951s] -- Found sysmonitor_interfaces: 0.0.0 (/home/uninacorse/ros2_ws/install/sysmonitor_interfaces/share/sysmonitor_interfaces/cmake)
[0.961s] -- Found ament_lint_auto: 0.12.14 (/opt/ros/humble/share/ament_lint_auto/cmake)
[1.032s] -- Added test 'cppcheck' to perform static code analysis on C / C++ code
[1.033s] -- Configured cppcheck include dirs: 
[1.033s] -- Configured cppcheck exclude dirs and/or files: 
[1.033s] -- Added test 'lint_cmake' to check CMake code style
[1.034s] -- Added test 'uncrustify' to check C / C++ code style
[1.034s] -- Configured uncrustify additional arguments: 
[1.035s] -- Added test 'xmllint' to check XML markup files
[1.036s] -- Configuring done
[1.045s] -- Generating done
[1.049s] -- Build files have been written to: /home/uninacorse/ros2_ws/build/sysmon_trigger_cpp
[1.057s] Invoked command in '/home/uninacorse/ros2_ws/build/sysmon_trigger_cpp' returned '0': CMAKE_PREFIX_PATH=/home/uninacorse/ros2_ws/install/sysmonitor_interfaces:/home/uninacorse/ros2_ws/install/sysmon_trigger_cpp:/opt/ros/humble /usr/bin/cmake /home/uninacorse/ros2_ws/src/sysmon_trigger_cpp -DCMAKE_INSTALL_PREFIX=/home/uninacorse/ros2_ws/install/sysmon_trigger_cpp
[1.059s] Invoking command in '/home/uninacorse/ros2_ws/build/sysmon_trigger_cpp': CMAKE_PREFIX_PATH=/home/uninacorse/ros2_ws/install/sysmonitor_interfaces:/home/uninacorse/ros2_ws/install/sysmon_trigger_cpp:/opt/ros/humble /usr/bin/cmake --build /home/uninacorse/ros2_ws/build/sysmon_trigger_cpp -- -j4 -l4
[1.105s] [ 50%] [32mBuilding CXX object CMakeFiles/system_triggered_publisher.dir/src/system_triggered_publisher.cpp.o[0m
[8.802s] [100%] [32m[1mLinking CXX executable system_triggered_publisher[0m
[9.171s] [100%] Built target system_triggered_publisher
[9.183s] Invoked command in '/home/uninacorse/ros2_ws/build/sysmon_trigger_cpp' returned '0': CMAKE_PREFIX_PATH=/home/uninacorse/ros2_ws/install/sysmonitor_interfaces:/home/uninacorse/ros2_ws/install/sysmon_trigger_cpp:/opt/ros/humble /usr/bin/cmake --build /home/uninacorse/ros2_ws/build/sysmon_trigger_cpp -- -j4 -l4
[9.183s] Invoking command in '/home/uninacorse/ros2_ws/build/sysmon_trigger_cpp': CMAKE_PREFIX_PATH=/home/uninacorse/ros2_ws/install/sysmonitor_interfaces:/home/uninacorse/ros2_ws/install/sysmon_trigger_cpp:/opt/ros/humble /usr/bin/cmake --install /home/uninacorse/ros2_ws/build/sysmon_trigger_cpp
[9.190s] -- Install configuration: ""
[9.190s] -- Installing: /home/uninacorse/ros2_ws/install/sysmon_trigger_cpp/lib/sysmon_trigger_cpp/system_triggered_publisher
[9.193s] -- Set runtime path of "/home/uninacorse/ros2_ws/install/sysmon_trigger_cpp/lib/sysmon_trigger_cpp/system_triggered_publisher" to ""
[9.193s] -- Installing: /home/uninacorse/ros2_ws/install/sysmon_trigger_cpp/share/ament_index/resource_index/package_run_dependencies/sysmon_trigger_cpp
[9.193s] -- Installing: /home/uninacorse/ros2_ws/install/sysmon_trigger_cpp/share/ament_index/resource_index/parent_prefix_path/sysmon_trigger_cpp
[9.193s] -- Installing: /home/uninacorse/ros2_ws/install/sysmon_trigger_cpp/share/sysmon_trigger_cpp/environment/ament_prefix_path.sh
[9.194s] -- Installing: /home/uninacorse/ros2_ws/install/sysmon_trigger_cpp/share/sysmon_trigger_cpp/environment/ament_prefix_path.dsv
[9.194s] -- Installing: /home/uninacorse/ros2_ws/install/sysmon_trigger_cpp/share/sysmon_trigger_cpp/environment/path.sh
[9.194s] -- Installing: /home/uninacorse/ros2_ws/install/sysmon_trigger_cpp/share/sysmon_trigger_cpp/environment/path.dsv
[9.194s] -- Installing: /home/uninacorse/ros2_ws/install/sysmon_trigger_cpp/share/sysmon_trigger_cpp/local_setup.bash
[9.194s] -- Installing: /home/uninacorse/ros2_ws/install/sysmon_trigger_cpp/share/sysmon_trigger_cpp/local_setup.sh
[9.194s] -- Installing: /home/uninacorse/ros2_ws/install/sysmon_trigger_cpp/share/sysmon_trigger_cpp/local_setup.zsh
[9.194s] -- Installing: /home/uninacorse/ros2_ws/install/sysmon_trigger_cpp/share/sysmon_trigger_cpp/local_setup.dsv
[9.195s] -- Installing: /home/uninacorse/ros2_ws/install/sysmon_trigger_cpp/share/sysmon_trigger_cpp/package.dsv
[9.195s] -- Installing: /home/uninacorse/ros2_ws/install/sysmon_trigger_cpp/share/ament_index/resource_index/packages/sysmon_trigger_cpp
[9.195s] -- Installing: /home/uninacorse/ros2_ws/install/sysmon_trigger_cpp/share/sysmon_trigger_cpp/cmake/sysmon_trigger_cppConfig.cmake
[9.195s] -- Installing: /home/uninacorse/ros2_ws/install/sysmon_trigger_cpp/share/sysmon_trigger_cpp/cmake/sysmon_trigger_cppConfig-version.cmake
[9.195s] -- Installing: /home/uninacorse/ros2_ws/install/sysmon_trigger_cpp/share/sysmon_trigger_cpp/package.xml
[9.198s] Invoked command in '/home/uninacorse/ros2_ws/build/sysmon_trigger_cpp' returned '0': CMAKE_PREFIX_PATH=/home/uninacorse/ros2_ws/install/sysmonitor_interfaces:/home/uninacorse/ros2_ws/install/sysmon_trigger_cpp:/opt/ros/humble /usr/bin/cmake --install /home/uninacorse/ros2_ws/build/sysmon_trigger_cpp
