[0.009s] Invoking command in '/home/uninacorse/ros2_ws/build/sysmonitor_interfaces': CMAKE_PREFIX_PATH=${CMAKE_PREFIX_PATH}:/opt/ros/humble /usr/bin/cmake /home/uninacorse/ros2_ws/src/EX1/sysmonitor_interfaces -DCMAKE_INSTALL_PREFIX=/home/uninacorse/ros2_ws/install/sysmonitor_interfaces
[0.068s] -- The C compiler identification is GNU 11.4.0
[0.122s] -- The CXX compiler identification is GNU 11.4.0
[0.131s] -- Detecting C compiler ABI info
[0.197s] -- Detecting C compiler ABI info - done
[0.203s] -- Check for working C compiler: /usr/bin/cc - skipped
[0.203s] -- Detecting C compile features
[0.203s] -- Detecting C compile features - done
[0.206s] -- Detecting CXX compiler ABI info
[0.282s] -- Detecting CXX compiler ABI info - done
[0.289s] -- Check for working CXX compiler: /usr/bin/c++ - skipped
[0.289s] -- Detecting CXX compile features
[0.289s] -- Detecting CXX compile features - done
[0.291s] -- Found ament_cmake: 1.3.12 (/opt/ros/humble/share/ament_cmake/cmake)
[0.428s] -- Found Python3: /usr/bin/python3 (found version "3.10.12") found components: Interpreter 
[0.514s] -- Found rosidl_default_generators: 1.2.0 (/opt/ros/humble/share/rosidl_default_generators/cmake)
[0.517s] -- Using all available rosidl_typesupport_c: rosidl_typesupport_fastrtps_c;rosidl_typesupport_introspection_c
[0.522s] -- Found rosidl_adapter: 3.1.7 (/opt/ros/humble/share/rosidl_adapter/cmake)
[0.558s] -- Using all available rosidl_typesupport_cpp: rosidl_typesupport_fastrtps_cpp;rosidl_typesupport_introspection_cpp
[0.814s] -- Found ament_cmake_ros: 0.10.0 (/opt/ros/humble/share/ament_cmake_ros/cmake)
[0.989s] -- Using all available rosidl_typesupport_c: rosidl_typesupport_fastrtps_c;rosidl_typesupport_introspection_c
[1.205s] -- Using all available rosidl_typesupport_cpp: rosidl_typesupport_fastrtps_cpp;rosidl_typesupport_introspection_cpp
[1.232s] -- Found PythonInterp: /usr/bin/python3 (found suitable version "3.10.12", minimum required is "3.6") 
[1.236s] -- Found python_cmake_module: 0.10.0 (/opt/ros/humble/share/python_cmake_module/cmake)
[1.261s] -- Found PythonLibs: /usr/lib/x86_64-linux-gnu/libpython3.10.so (found suitable version "3.10.12", minimum required is "3.5") 
[1.262s] -- Using PYTHON_EXECUTABLE: /usr/bin/python3
[1.262s] -- Using PYTHON_INCLUDE_DIRS: /usr/include/python3.10
[1.262s] -- Using PYTHON_LIBRARIES: /usr/lib/x86_64-linux-gnu/libpython3.10.so
[1.281s] -- Found PythonExtra: .so  
[1.311s] -- Found ament_lint_auto: 0.12.14 (/opt/ros/humble/share/ament_lint_auto/cmake)
[1.340s] -- Added test 'copyright' to check source files copyright and LICENSE
[1.341s] -- Added test 'lint_cmake' to check CMake code style
[1.341s] -- Added test 'xmllint' to check XML markup files
[1.345s] -- Configuring done
[1.371s] -- Generating done
[1.381s] -- Build files have been written to: /home/uninacorse/ros2_ws/build/sysmonitor_interfaces
[1.386s] Invoked command in '/home/uninacorse/ros2_ws/build/sysmonitor_interfaces' returned '0': CMAKE_PREFIX_PATH=${CMAKE_PREFIX_PATH}:/opt/ros/humble /usr/bin/cmake /home/uninacorse/ros2_ws/src/EX1/sysmonitor_interfaces -DCMAKE_INSTALL_PREFIX=/home/uninacorse/ros2_ws/install/sysmonitor_interfaces
[1.388s] Invoking command in '/home/uninacorse/ros2_ws/build/sysmonitor_interfaces': CMAKE_PREFIX_PATH=${CMAKE_PREFIX_PATH}:/opt/ros/humble /usr/bin/cmake --build /home/uninacorse/ros2_ws/build/sysmonitor_interfaces -- -j4 -l4
[1.426s] [  3%] [34m[1mGenerating C code for ROS interfaces[0m
[1.441s] [  6%] [34m[1mGenerating C++ code for ROS interfaces[0m
[1.447s] [  6%] Built target ament_cmake_python_copy_sysmonitor_interfaces
[1.689s] running egg_info
[1.689s] creating sysmonitor_interfaces.egg-info
[1.690s] writing sysmonitor_interfaces.egg-info/PKG-INFO
[1.690s] writing dependency_links to sysmonitor_interfaces.egg-info/dependency_links.txt
[1.690s] writing top-level names to sysmonitor_interfaces.egg-info/top_level.txt
[1.691s] writing manifest file 'sysmonitor_interfaces.egg-info/SOURCES.txt'
[1.694s] reading manifest file 'sysmonitor_interfaces.egg-info/SOURCES.txt'
[1.696s] writing manifest file 'sysmonitor_interfaces.egg-info/SOURCES.txt'
[1.708s] [  9%] [32mBuilding C object CMakeFiles/sysmonitor_interfaces__rosidl_generator_c.dir/rosidl_generator_c/sysmonitor_interfaces/msg/detail/sysmon__functions.c.o[0m
[1.708s] [  9%] Built target sysmonitor_interfaces__cpp
[1.719s] [ 16%] [34m[1mGenerating C++ type support dispatch for ROS interfaces[0m
[1.719s] [ 16%] [34m[1mGenerating C++ type support for eProsima Fast-RTPS[0m
[1.725s] [ 16%] Built target ament_cmake_python_build_sysmonitor_interfaces_egg
[1.736s] [ 19%] [34m[1mGenerating C++ introspection for ROS interfaces[0m
[1.794s] [ 22%] [32m[1mLinking C shared library libsysmonitor_interfaces__rosidl_generator_c.so[0m
[1.838s] [ 22%] Built target sysmonitor_interfaces__rosidl_generator_c
[1.870s] [ 25%] [34m[1mGenerating C type support for eProsima Fast-RTPS[0m
[1.942s] [ 29%] [32mBuilding CXX object CMakeFiles/sysmonitor_interfaces__rosidl_typesupport_cpp.dir/rosidl_typesupport_cpp/sysmonitor_interfaces/msg/sysmon__type_support.cpp.o[0m
[1.978s] [ 32%] [32mBuilding CXX object CMakeFiles/sysmonitor_interfaces__rosidl_typesupport_fastrtps_cpp.dir/rosidl_typesupport_fastrtps_cpp/sysmonitor_interfaces/msg/detail/dds_fastrtps/sysmon__type_support.cpp.o[0m
[1.991s] [ 35%] [32mBuilding CXX object CMakeFiles/sysmonitor_interfaces__rosidl_typesupport_introspection_cpp.dir/rosidl_typesupport_introspection_cpp/sysmonitor_interfaces/msg/detail/sysmon__type_support.cpp.o[0m
[2.129s] [ 38%] [32mBuilding CXX object CMakeFiles/sysmonitor_interfaces__rosidl_typesupport_fastrtps_c.dir/rosidl_typesupport_fastrtps_c/sysmonitor_interfaces/msg/detail/sysmon__type_support_c.cpp.o[0m
[2.209s] [ 41%] [32m[1mLinking CXX shared library libsysmonitor_interfaces__rosidl_typesupport_cpp.so[0m
[2.256s] [ 41%] Built target sysmonitor_interfaces__rosidl_typesupport_cpp
[2.267s] [ 45%] [34m[1mGenerating C introspection for ROS interfaces[0m
[2.404s] [ 48%] [32m[1mLinking CXX shared library libsysmonitor_interfaces__rosidl_typesupport_introspection_cpp.so[0m
[2.414s] [ 51%] [32m[1mLinking CXX shared library libsysmonitor_interfaces__rosidl_typesupport_fastrtps_cpp.so[0m
[2.456s] [ 51%] Built target sysmonitor_interfaces__rosidl_typesupport_introspection_cpp
[2.461s] [ 54%] [32m[1mLinking CXX shared library libsysmonitor_interfaces__rosidl_typesupport_fastrtps_c.so[0m
[2.469s] [ 58%] [34m[1mGenerating C type support dispatch for ROS interfaces[0m
[2.509s] [ 58%] Built target sysmonitor_interfaces__rosidl_typesupport_fastrtps_cpp
[2.555s] [ 58%] Built target sysmonitor_interfaces__rosidl_typesupport_fastrtps_c
[2.562s] [ 61%] [32mBuilding C object CMakeFiles/sysmonitor_interfaces__rosidl_typesupport_introspection_c.dir/rosidl_typesupport_introspection_c/sysmonitor_interfaces/msg/detail/sysmon__type_support.c.o[0m
[2.595s] [ 64%] [32m[1mLinking C shared library libsysmonitor_interfaces__rosidl_typesupport_introspection_c.so[0m
[2.625s] [ 64%] Built target sysmonitor_interfaces__rosidl_typesupport_introspection_c
[2.688s] [ 67%] [32mBuilding CXX object CMakeFiles/sysmonitor_interfaces__rosidl_typesupport_c.dir/rosidl_typesupport_c/sysmonitor_interfaces/msg/sysmon__type_support.cpp.o[0m
[2.718s] [ 70%] [32m[1mLinking CXX shared library libsysmonitor_interfaces__rosidl_typesupport_c.so[0m
[2.758s] [ 70%] Built target sysmonitor_interfaces__rosidl_typesupport_c
[2.778s] [ 70%] Built target sysmonitor_interfaces
[2.797s] [ 74%] [34m[1mGenerating Python code for ROS interfaces[0m
[3.076s] [ 74%] Built target sysmonitor_interfaces__py
[3.096s] [ 77%] [32mBuilding C object CMakeFiles/sysmonitor_interfaces__rosidl_generator_py.dir/rosidl_generator_py/sysmonitor_interfaces/msg/_sysmon_s.c.o[0m
[3.200s] [ 80%] [32m[1mLinking C shared library rosidl_generator_py/sysmonitor_interfaces/libsysmonitor_interfaces__rosidl_generator_py.so[0m
[3.238s] [ 80%] Built target sysmonitor_interfaces__rosidl_generator_py
[3.260s] [ 83%] [32mBuilding C object CMakeFiles/sysmonitor_interfaces__rosidl_typesupport_introspection_c__pyext.dir/rosidl_generator_py/sysmonitor_interfaces/_sysmonitor_interfaces_s.ep.rosidl_typesupport_introspection_c.c.o[0m
[3.260s] [ 90%] [32mBuilding C object CMakeFiles/sysmonitor_interfaces__rosidl_typesupport_c__pyext.dir/rosidl_generator_py/sysmonitor_interfaces/_sysmonitor_interfaces_s.ep.rosidl_typesupport_c.c.o[0m
[3.260s] [ 90%] [32mBuilding C object CMakeFiles/sysmonitor_interfaces__rosidl_typesupport_fastrtps_c__pyext.dir/rosidl_generator_py/sysmonitor_interfaces/_sysmonitor_interfaces_s.ep.rosidl_typesupport_fastrtps_c.c.o[0m
[3.350s] [ 93%] [32m[1mLinking C shared library rosidl_generator_py/sysmonitor_interfaces/sysmonitor_interfaces_s__rosidl_typesupport_c.cpython-310-x86_64-linux-gnu.so[0m
[3.352s] [ 96%] [32m[1mLinking C shared library rosidl_generator_py/sysmonitor_interfaces/sysmonitor_interfaces_s__rosidl_typesupport_introspection_c.cpython-310-x86_64-linux-gnu.so[0m
[3.359s] [100%] [32m[1mLinking C shared library rosidl_generator_py/sysmonitor_interfaces/sysmonitor_interfaces_s__rosidl_typesupport_fastrtps_c.cpython-310-x86_64-linux-gnu.so[0m
[3.387s] [100%] Built target sysmonitor_interfaces__rosidl_typesupport_introspection_c__pyext
[3.387s] [100%] Built target sysmonitor_interfaces__rosidl_typesupport_c__pyext
[3.392s] [100%] Built target sysmonitor_interfaces__rosidl_typesupport_fastrtps_c__pyext
[3.404s] Invoked command in '/home/uninacorse/ros2_ws/build/sysmonitor_interfaces' returned '0': CMAKE_PREFIX_PATH=${CMAKE_PREFIX_PATH}:/opt/ros/humble /usr/bin/cmake --build /home/uninacorse/ros2_ws/build/sysmonitor_interfaces -- -j4 -l4
[3.414s] Invoking command in '/home/uninacorse/ros2_ws/build/sysmonitor_interfaces': CMAKE_PREFIX_PATH=${CMAKE_PREFIX_PATH}:/opt/ros/humble /usr/bin/cmake --install /home/uninacorse/ros2_ws/build/sysmonitor_interfaces
[3.421s] -- Install configuration: ""
[3.422s] -- Installing: /home/uninacorse/ros2_ws/install/sysmonitor_interfaces/share/ament_index/resource_index/rosidl_interfaces/sysmonitor_interfaces
[3.422s] -- Installing: /home/uninacorse/ros2_ws/install/sysmonitor_interfaces/include/sysmonitor_interfaces/sysmonitor_interfaces
[3.422s] -- Installing: /home/uninacorse/ros2_ws/install/sysmonitor_interfaces/include/sysmonitor_interfaces/sysmonitor_interfaces/msg
[3.422s] -- Installing: /home/uninacorse/ros2_ws/install/sysmonitor_interfaces/include/sysmonitor_interfaces/sysmonitor_interfaces/msg/sysmon.h
[3.422s] -- Installing: /home/uninacorse/ros2_ws/install/sysmonitor_interfaces/include/sysmonitor_interfaces/sysmonitor_interfaces/msg/detail
[3.422s] -- Installing: /home/uninacorse/ros2_ws/install/sysmonitor_interfaces/include/sysmonitor_interfaces/sysmonitor_interfaces/msg/detail/sysmon__type_support.h
[3.422s] -- Installing: /home/uninacorse/ros2_ws/install/sysmonitor_interfaces/include/sysmonitor_interfaces/sysmonitor_interfaces/msg/detail/sysmon__functions.c
[3.422s] -- Installing: /home/uninacorse/ros2_ws/install/sysmonitor_interfaces/include/sysmonitor_interfaces/sysmonitor_interfaces/msg/detail/sysmon__struct.h
[3.422s] -- Installing: /home/uninacorse/ros2_ws/install/sysmonitor_interfaces/include/sysmonitor_interfaces/sysmonitor_interfaces/msg/detail/sysmon__functions.h
[3.422s] -- Installing: /home/uninacorse/ros2_ws/install/sysmonitor_interfaces/include/sysmonitor_interfaces/sysmonitor_interfaces/msg/rosidl_generator_c__visibility_control.h
[3.422s] -- Installing: /home/uninacorse/ros2_ws/install/sysmonitor_interfaces/share/sysmonitor_interfaces/environment/library_path.sh
[3.422s] -- Installing: /home/uninacorse/ros2_ws/install/sysmonitor_interfaces/share/sysmonitor_interfaces/environment/library_path.dsv
[3.422s] -- Installing: /home/uninacorse/ros2_ws/install/sysmonitor_interfaces/lib/libsysmonitor_interfaces__rosidl_generator_c.so
[3.423s] -- Set runtime path of "/home/uninacorse/ros2_ws/install/sysmonitor_interfaces/lib/libsysmonitor_interfaces__rosidl_generator_c.so" to ""
[3.423s] -- Up-to-date: /home/uninacorse/ros2_ws/install/sysmonitor_interfaces/include/sysmonitor_interfaces/sysmonitor_interfaces
[3.423s] -- Up-to-date: /home/uninacorse/ros2_ws/install/sysmonitor_interfaces/include/sysmonitor_interfaces/sysmonitor_interfaces/msg
[3.424s] -- Installing: /home/uninacorse/ros2_ws/install/sysmonitor_interfaces/include/sysmonitor_interfaces/sysmonitor_interfaces/msg/rosidl_typesupport_fastrtps_c__visibility_control.h
[3.424s] -- Up-to-date: /home/uninacorse/ros2_ws/install/sysmonitor_interfaces/include/sysmonitor_interfaces/sysmonitor_interfaces/msg/detail
[3.424s] -- Installing: /home/uninacorse/ros2_ws/install/sysmonitor_interfaces/include/sysmonitor_interfaces/sysmonitor_interfaces/msg/detail/sysmon__rosidl_typesupport_fastrtps_c.h
[3.424s] -- Installing: /home/uninacorse/ros2_ws/install/sysmonitor_interfaces/lib/libsysmonitor_interfaces__rosidl_typesupport_fastrtps_c.so
[3.424s] -- Set runtime path of "/home/uninacorse/ros2_ws/install/sysmonitor_interfaces/lib/libsysmonitor_interfaces__rosidl_typesupport_fastrtps_c.so" to ""
[3.424s] -- Up-to-date: /home/uninacorse/ros2_ws/install/sysmonitor_interfaces/include/sysmonitor_interfaces/sysmonitor_interfaces
[3.424s] -- Up-to-date: /home/uninacorse/ros2_ws/install/sysmonitor_interfaces/include/sysmonitor_interfaces/sysmonitor_interfaces/msg
[3.424s] -- Installing: /home/uninacorse/ros2_ws/install/sysmonitor_interfaces/include/sysmonitor_interfaces/sysmonitor_interfaces/msg/rosidl_typesupport_introspection_c__visibility_control.h
[3.424s] -- Up-to-date: /home/uninacorse/ros2_ws/install/sysmonitor_interfaces/include/sysmonitor_interfaces/sysmonitor_interfaces/msg/detail
[3.424s] -- Installing: /home/uninacorse/ros2_ws/install/sysmonitor_interfaces/include/sysmonitor_interfaces/sysmonitor_interfaces/msg/detail/sysmon__type_support.c
[3.424s] -- Installing: /home/uninacorse/ros2_ws/install/sysmonitor_interfaces/include/sysmonitor_interfaces/sysmonitor_interfaces/msg/detail/sysmon__rosidl_typesupport_introspection_c.h
[3.424s] -- Installing: /home/uninacorse/ros2_ws/install/sysmonitor_interfaces/lib/libsysmonitor_interfaces__rosidl_typesupport_introspection_c.so
[3.424s] -- Set runtime path of "/home/uninacorse/ros2_ws/install/sysmonitor_interfaces/lib/libsysmonitor_interfaces__rosidl_typesupport_introspection_c.so" to ""
[3.424s] -- Installing: /home/uninacorse/ros2_ws/install/sysmonitor_interfaces/lib/libsysmonitor_interfaces__rosidl_typesupport_c.so
[3.425s] -- Set runtime path of "/home/uninacorse/ros2_ws/install/sysmonitor_interfaces/lib/libsysmonitor_interfaces__rosidl_typesupport_c.so" to ""
[3.425s] -- Up-to-date: /home/uninacorse/ros2_ws/install/sysmonitor_interfaces/include/sysmonitor_interfaces/sysmonitor_interfaces
[3.425s] -- Up-to-date: /home/uninacorse/ros2_ws/install/sysmonitor_interfaces/include/sysmonitor_interfaces/sysmonitor_interfaces/msg
[3.425s] -- Installing: /home/uninacorse/ros2_ws/install/sysmonitor_interfaces/include/sysmonitor_interfaces/sysmonitor_interfaces/msg/sysmon.hpp
[3.425s] -- Installing: /home/uninacorse/ros2_ws/install/sysmonitor_interfaces/include/sysmonitor_interfaces/sysmonitor_interfaces/msg/rosidl_generator_cpp__visibility_control.hpp
[3.425s] -- Up-to-date: /home/uninacorse/ros2_ws/install/sysmonitor_interfaces/include/sysmonitor_interfaces/sysmonitor_interfaces/msg/detail
[3.425s] -- Installing: /home/uninacorse/ros2_ws/install/sysmonitor_interfaces/include/sysmonitor_interfaces/sysmonitor_interfaces/msg/detail/sysmon__type_support.hpp
[3.425s] -- Installing: /home/uninacorse/ros2_ws/install/sysmonitor_interfaces/include/sysmonitor_interfaces/sysmonitor_interfaces/msg/detail/sysmon__builder.hpp
[3.425s] -- Installing: /home/uninacorse/ros2_ws/install/sysmonitor_interfaces/include/sysmonitor_interfaces/sysmonitor_interfaces/msg/detail/sysmon__traits.hpp
[3.426s] -- Installing: /home/uninacorse/ros2_ws/install/sysmonitor_interfaces/include/sysmonitor_interfaces/sysmonitor_interfaces/msg/detail/sysmon__struct.hpp
[3.426s] -- Up-to-date: /home/uninacorse/ros2_ws/install/sysmonitor_interfaces/include/sysmonitor_interfaces/sysmonitor_interfaces
[3.426s] -- Up-to-date: /home/uninacorse/ros2_ws/install/sysmonitor_interfaces/include/sysmonitor_interfaces/sysmonitor_interfaces/msg
[3.426s] -- Installing: /home/uninacorse/ros2_ws/install/sysmonitor_interfaces/include/sysmonitor_interfaces/sysmonitor_interfaces/msg/rosidl_typesupport_fastrtps_cpp__visibility_control.h
[3.426s] -- Up-to-date: /home/uninacorse/ros2_ws/install/sysmonitor_interfaces/include/sysmonitor_interfaces/sysmonitor_interfaces/msg/detail
[3.426s] -- Installing: /home/uninacorse/ros2_ws/install/sysmonitor_interfaces/include/sysmonitor_interfaces/sysmonitor_interfaces/msg/detail/dds_fastrtps
[3.426s] -- Installing: /home/uninacorse/ros2_ws/install/sysmonitor_interfaces/include/sysmonitor_interfaces/sysmonitor_interfaces/msg/detail/sysmon__rosidl_typesupport_fastrtps_cpp.hpp
[3.426s] -- Installing: /home/uninacorse/ros2_ws/install/sysmonitor_interfaces/lib/libsysmonitor_interfaces__rosidl_typesupport_fastrtps_cpp.so
[3.427s] -- Set runtime path of "/home/uninacorse/ros2_ws/install/sysmonitor_interfaces/lib/libsysmonitor_interfaces__rosidl_typesupport_fastrtps_cpp.so" to ""
[3.427s] -- Up-to-date: /home/uninacorse/ros2_ws/install/sysmonitor_interfaces/include/sysmonitor_interfaces/sysmonitor_interfaces
[3.427s] -- Up-to-date: /home/uninacorse/ros2_ws/install/sysmonitor_interfaces/include/sysmonitor_interfaces/sysmonitor_interfaces/msg
[3.427s] -- Up-to-date: /home/uninacorse/ros2_ws/install/sysmonitor_interfaces/include/sysmonitor_interfaces/sysmonitor_interfaces/msg/detail
[3.427s] -- Installing: /home/uninacorse/ros2_ws/install/sysmonitor_interfaces/include/sysmonitor_interfaces/sysmonitor_interfaces/msg/detail/sysmon__type_support.cpp
[3.427s] -- Installing: /home/uninacorse/ros2_ws/install/sysmonitor_interfaces/include/sysmonitor_interfaces/sysmonitor_interfaces/msg/detail/sysmon__rosidl_typesupport_introspection_cpp.hpp
[3.427s] -- Installing: /home/uninacorse/ros2_ws/install/sysmonitor_interfaces/lib/libsysmonitor_interfaces__rosidl_typesupport_introspection_cpp.so
[3.427s] -- Set runtime path of "/home/uninacorse/ros2_ws/install/sysmonitor_interfaces/lib/libsysmonitor_interfaces__rosidl_typesupport_introspection_cpp.so" to ""
[3.428s] -- Installing: /home/uninacorse/ros2_ws/install/sysmonitor_interfaces/lib/libsysmonitor_interfaces__rosidl_typesupport_cpp.so
[3.428s] -- Set runtime path of "/home/uninacorse/ros2_ws/install/sysmonitor_interfaces/lib/libsysmonitor_interfaces__rosidl_typesupport_cpp.so" to ""
[3.428s] -- Installing: /home/uninacorse/ros2_ws/install/sysmonitor_interfaces/share/sysmonitor_interfaces/environment/pythonpath.sh
[3.428s] -- Installing: /home/uninacorse/ros2_ws/install/sysmonitor_interfaces/share/sysmonitor_interfaces/environment/pythonpath.dsv
[3.428s] -- Installing: /home/uninacorse/ros2_ws/install/sysmonitor_interfaces/local/lib/python3.10/dist-packages/sysmonitor_interfaces-0.0.0-py3.10.egg-info
[3.428s] -- Installing: /home/uninacorse/ros2_ws/install/sysmonitor_interfaces/local/lib/python3.10/dist-packages/sysmonitor_interfaces-0.0.0-py3.10.egg-info/PKG-INFO
[3.429s] -- Installing: /home/uninacorse/ros2_ws/install/sysmonitor_interfaces/local/lib/python3.10/dist-packages/sysmonitor_interfaces-0.0.0-py3.10.egg-info/SOURCES.txt
[3.429s] -- Installing: /home/uninacorse/ros2_ws/install/sysmonitor_interfaces/local/lib/python3.10/dist-packages/sysmonitor_interfaces-0.0.0-py3.10.egg-info/dependency_links.txt
[3.429s] -- Installing: /home/uninacorse/ros2_ws/install/sysmonitor_interfaces/local/lib/python3.10/dist-packages/sysmonitor_interfaces-0.0.0-py3.10.egg-info/top_level.txt
[3.429s] -- Installing: /home/uninacorse/ros2_ws/install/sysmonitor_interfaces/local/lib/python3.10/dist-packages/sysmonitor_interfaces
[3.429s] -- Installing: /home/uninacorse/ros2_ws/install/sysmonitor_interfaces/local/lib/python3.10/dist-packages/sysmonitor_interfaces/msg
[3.429s] -- Installing: /home/uninacorse/ros2_ws/install/sysmonitor_interfaces/local/lib/python3.10/dist-packages/sysmonitor_interfaces/msg/__init__.py
[3.429s] -- Installing: /home/uninacorse/ros2_ws/install/sysmonitor_interfaces/local/lib/python3.10/dist-packages/sysmonitor_interfaces/msg/_sysmon_s.c
[3.429s] -- Installing: /home/uninacorse/ros2_ws/install/sysmonitor_interfaces/local/lib/python3.10/dist-packages/sysmonitor_interfaces/msg/_sysmon.py
[3.429s] -- Installing: /home/uninacorse/ros2_ws/install/sysmonitor_interfaces/local/lib/python3.10/dist-packages/sysmonitor_interfaces/_sysmonitor_interfaces_s.ep.rosidl_typesupport_introspection_c.c
[3.430s] -- Installing: /home/uninacorse/ros2_ws/install/sysmonitor_interfaces/local/lib/python3.10/dist-packages/sysmonitor_interfaces/sysmonitor_interfaces_s__rosidl_typesupport_fastrtps_c.cpython-310-x86_64-linux-gnu.so
[3.430s] -- Installing: /home/uninacorse/ros2_ws/install/sysmonitor_interfaces/local/lib/python3.10/dist-packages/sysmonitor_interfaces/_sysmonitor_interfaces_s.ep.rosidl_typesupport_c.c
[3.430s] -- Installing: /home/uninacorse/ros2_ws/install/sysmonitor_interfaces/local/lib/python3.10/dist-packages/sysmonitor_interfaces/__init__.py
[3.430s] -- Installing: /home/uninacorse/ros2_ws/install/sysmonitor_interfaces/local/lib/python3.10/dist-packages/sysmonitor_interfaces/sysmonitor_interfaces_s__rosidl_typesupport_introspection_c.cpython-310-x86_64-linux-gnu.so
[3.430s] -- Installing: /home/uninacorse/ros2_ws/install/sysmonitor_interfaces/local/lib/python3.10/dist-packages/sysmonitor_interfaces/libsysmonitor_interfaces__rosidl_generator_py.so
[3.430s] -- Installing: /home/uninacorse/ros2_ws/install/sysmonitor_interfaces/local/lib/python3.10/dist-packages/sysmonitor_interfaces/_sysmonitor_interfaces_s.ep.rosidl_typesupport_fastrtps_c.c
[3.430s] -- Installing: /home/uninacorse/ros2_ws/install/sysmonitor_interfaces/local/lib/python3.10/dist-packages/sysmonitor_interfaces/sysmonitor_interfaces_s__rosidl_typesupport_c.cpython-310-x86_64-linux-gnu.so
[3.470s] Listing '/home/uninacorse/ros2_ws/install/sysmonitor_interfaces/local/lib/python3.10/dist-packages/sysmonitor_interfaces'...
[3.470s] Compiling '/home/uninacorse/ros2_ws/install/sysmonitor_interfaces/local/lib/python3.10/dist-packages/sysmonitor_interfaces/__init__.py'...
[3.470s] Listing '/home/uninacorse/ros2_ws/install/sysmonitor_interfaces/local/lib/python3.10/dist-packages/sysmonitor_interfaces/msg'...
[3.470s] Compiling '/home/uninacorse/ros2_ws/install/sysmonitor_interfaces/local/lib/python3.10/dist-packages/sysmonitor_interfaces/msg/__init__.py'...
[3.470s] Compiling '/home/uninacorse/ros2_ws/install/sysmonitor_interfaces/local/lib/python3.10/dist-packages/sysmonitor_interfaces/msg/_sysmon.py'...
[3.474s] -- Installing: /home/uninacorse/ros2_ws/install/sysmonitor_interfaces/local/lib/python3.10/dist-packages/sysmonitor_interfaces/sysmonitor_interfaces_s__rosidl_typesupport_fastrtps_c.cpython-310-x86_64-linux-gnu.so
[3.475s] -- Set runtime path of "/home/uninacorse/ros2_ws/install/sysmonitor_interfaces/local/lib/python3.10/dist-packages/sysmonitor_interfaces/sysmonitor_interfaces_s__rosidl_typesupport_fastrtps_c.cpython-310-x86_64-linux-gnu.so" to ""
[3.475s] -- Installing: /home/uninacorse/ros2_ws/install/sysmonitor_interfaces/local/lib/python3.10/dist-packages/sysmonitor_interfaces/sysmonitor_interfaces_s__rosidl_typesupport_introspection_c.cpython-310-x86_64-linux-gnu.so
[3.475s] -- Set runtime path of "/home/uninacorse/ros2_ws/install/sysmonitor_interfaces/local/lib/python3.10/dist-packages/sysmonitor_interfaces/sysmonitor_interfaces_s__rosidl_typesupport_introspection_c.cpython-310-x86_64-linux-gnu.so" to ""
[3.475s] -- Installing: /home/uninacorse/ros2_ws/install/sysmonitor_interfaces/local/lib/python3.10/dist-packages/sysmonitor_interfaces/sysmonitor_interfaces_s__rosidl_typesupport_c.cpython-310-x86_64-linux-gnu.so
[3.476s] -- Set runtime path of "/home/uninacorse/ros2_ws/install/sysmonitor_interfaces/local/lib/python3.10/dist-packages/sysmonitor_interfaces/sysmonitor_interfaces_s__rosidl_typesupport_c.cpython-310-x86_64-linux-gnu.so" to ""
[3.476s] -- Installing: /home/uninacorse/ros2_ws/install/sysmonitor_interfaces/lib/libsysmonitor_interfaces__rosidl_generator_py.so
[3.477s] -- Set runtime path of "/home/uninacorse/ros2_ws/install/sysmonitor_interfaces/lib/libsysmonitor_interfaces__rosidl_generator_py.so" to ""
[3.477s] -- Installing: /home/uninacorse/ros2_ws/install/sysmonitor_interfaces/share/sysmonitor_interfaces/msg/Sysmon.idl
[3.477s] -- Installing: /home/uninacorse/ros2_ws/install/sysmonitor_interfaces/share/sysmonitor_interfaces/msg/Sysmon.msg
[3.477s] -- Installing: /home/uninacorse/ros2_ws/install/sysmonitor_interfaces/share/ament_index/resource_index/package_run_dependencies/sysmonitor_interfaces
[3.477s] -- Installing: /home/uninacorse/ros2_ws/install/sysmonitor_interfaces/share/ament_index/resource_index/parent_prefix_path/sysmonitor_interfaces
[3.477s] -- Installing: /home/uninacorse/ros2_ws/install/sysmonitor_interfaces/share/sysmonitor_interfaces/environment/ament_prefix_path.sh
[3.478s] -- Installing: /home/uninacorse/ros2_ws/install/sysmonitor_interfaces/share/sysmonitor_interfaces/environment/ament_prefix_path.dsv
[3.478s] -- Installing: /home/uninacorse/ros2_ws/install/sysmonitor_interfaces/share/sysmonitor_interfaces/environment/path.sh
[3.478s] -- Installing: /home/uninacorse/ros2_ws/install/sysmonitor_interfaces/share/sysmonitor_interfaces/environment/path.dsv
[3.478s] -- Installing: /home/uninacorse/ros2_ws/install/sysmonitor_interfaces/share/sysmonitor_interfaces/local_setup.bash
[3.478s] -- Installing: /home/uninacorse/ros2_ws/install/sysmonitor_interfaces/share/sysmonitor_interfaces/local_setup.sh
[3.479s] -- Installing: /home/uninacorse/ros2_ws/install/sysmonitor_interfaces/share/sysmonitor_interfaces/local_setup.zsh
[3.479s] -- Installing: /home/uninacorse/ros2_ws/install/sysmonitor_interfaces/share/sysmonitor_interfaces/local_setup.dsv
[3.479s] -- Installing: /home/uninacorse/ros2_ws/install/sysmonitor_interfaces/share/sysmonitor_interfaces/package.dsv
[3.479s] -- Installing: /home/uninacorse/ros2_ws/install/sysmonitor_interfaces/share/ament_index/resource_index/packages/sysmonitor_interfaces
[3.479s] -- Installing: /home/uninacorse/ros2_ws/install/sysmonitor_interfaces/share/sysmonitor_interfaces/cmake/export_sysmonitor_interfaces__rosidl_generator_cExport.cmake
[3.480s] -- Installing: /home/uninacorse/ros2_ws/install/sysmonitor_interfaces/share/sysmonitor_interfaces/cmake/export_sysmonitor_interfaces__rosidl_generator_cExport-noconfig.cmake
[3.480s] -- Installing: /home/uninacorse/ros2_ws/install/sysmonitor_interfaces/share/sysmonitor_interfaces/cmake/export_sysmonitor_interfaces__rosidl_typesupport_fastrtps_cExport.cmake
[3.480s] -- Installing: /home/uninacorse/ros2_ws/install/sysmonitor_interfaces/share/sysmonitor_interfaces/cmake/export_sysmonitor_interfaces__rosidl_typesupport_fastrtps_cExport-noconfig.cmake
[3.480s] -- Installing: /home/uninacorse/ros2_ws/install/sysmonitor_interfaces/share/sysmonitor_interfaces/cmake/sysmonitor_interfaces__rosidl_typesupport_introspection_cExport.cmake
[3.480s] -- Installing: /home/uninacorse/ros2_ws/install/sysmonitor_interfaces/share/sysmonitor_interfaces/cmake/sysmonitor_interfaces__rosidl_typesupport_introspection_cExport-noconfig.cmake
[3.481s] -- Installing: /home/uninacorse/ros2_ws/install/sysmonitor_interfaces/share/sysmonitor_interfaces/cmake/sysmonitor_interfaces__rosidl_typesupport_cExport.cmake
[3.481s] -- Installing: /home/uninacorse/ros2_ws/install/sysmonitor_interfaces/share/sysmonitor_interfaces/cmake/sysmonitor_interfaces__rosidl_typesupport_cExport-noconfig.cmake
[3.481s] -- Installing: /home/uninacorse/ros2_ws/install/sysmonitor_interfaces/share/sysmonitor_interfaces/cmake/export_sysmonitor_interfaces__rosidl_generator_cppExport.cmake
[3.481s] -- Installing: /home/uninacorse/ros2_ws/install/sysmonitor_interfaces/share/sysmonitor_interfaces/cmake/export_sysmonitor_interfaces__rosidl_typesupport_fastrtps_cppExport.cmake
[3.482s] -- Installing: /home/uninacorse/ros2_ws/install/sysmonitor_interfaces/share/sysmonitor_interfaces/cmake/export_sysmonitor_interfaces__rosidl_typesupport_fastrtps_cppExport-noconfig.cmake
[3.482s] -- Installing: /home/uninacorse/ros2_ws/install/sysmonitor_interfaces/share/sysmonitor_interfaces/cmake/sysmonitor_interfaces__rosidl_typesupport_introspection_cppExport.cmake
[3.482s] -- Installing: /home/uninacorse/ros2_ws/install/sysmonitor_interfaces/share/sysmonitor_interfaces/cmake/sysmonitor_interfaces__rosidl_typesupport_introspection_cppExport-noconfig.cmake
[3.482s] -- Installing: /home/uninacorse/ros2_ws/install/sysmonitor_interfaces/share/sysmonitor_interfaces/cmake/sysmonitor_interfaces__rosidl_typesupport_cppExport.cmake
[3.482s] -- Installing: /home/uninacorse/ros2_ws/install/sysmonitor_interfaces/share/sysmonitor_interfaces/cmake/sysmonitor_interfaces__rosidl_typesupport_cppExport-noconfig.cmake
[3.482s] -- Installing: /home/uninacorse/ros2_ws/install/sysmonitor_interfaces/share/sysmonitor_interfaces/cmake/export_sysmonitor_interfaces__rosidl_generator_pyExport.cmake
[3.483s] -- Installing: /home/uninacorse/ros2_ws/install/sysmonitor_interfaces/share/sysmonitor_interfaces/cmake/export_sysmonitor_interfaces__rosidl_generator_pyExport-noconfig.cmake
[3.483s] -- Installing: /home/uninacorse/ros2_ws/install/sysmonitor_interfaces/share/sysmonitor_interfaces/cmake/rosidl_cmake-extras.cmake
[3.483s] -- Installing: /home/uninacorse/ros2_ws/install/sysmonitor_interfaces/share/sysmonitor_interfaces/cmake/ament_cmake_export_include_directories-extras.cmake
[3.483s] -- Installing: /home/uninacorse/ros2_ws/install/sysmonitor_interfaces/share/sysmonitor_interfaces/cmake/ament_cmake_export_libraries-extras.cmake
[3.483s] -- Installing: /home/uninacorse/ros2_ws/install/sysmonitor_interfaces/share/sysmonitor_interfaces/cmake/ament_cmake_export_targets-extras.cmake
[3.483s] -- Installing: /home/uninacorse/ros2_ws/install/sysmonitor_interfaces/share/sysmonitor_interfaces/cmake/rosidl_cmake_export_typesupport_targets-extras.cmake
[3.484s] -- Installing: /home/uninacorse/ros2_ws/install/sysmonitor_interfaces/share/sysmonitor_interfaces/cmake/ament_cmake_export_dependencies-extras.cmake
[3.484s] -- Installing: /home/uninacorse/ros2_ws/install/sysmonitor_interfaces/share/sysmonitor_interfaces/cmake/rosidl_cmake_export_typesupport_libraries-extras.cmake
[3.484s] -- Installing: /home/uninacorse/ros2_ws/install/sysmonitor_interfaces/share/sysmonitor_interfaces/cmake/sysmonitor_interfacesConfig.cmake
[3.484s] -- Installing: /home/uninacorse/ros2_ws/install/sysmonitor_interfaces/share/sysmonitor_interfaces/cmake/sysmonitor_interfacesConfig-version.cmake
[3.484s] -- Installing: /home/uninacorse/ros2_ws/install/sysmonitor_interfaces/share/sysmonitor_interfaces/package.xml
[3.487s] Invoked command in '/home/uninacorse/ros2_ws/build/sysmonitor_interfaces' returned '0': CMAKE_PREFIX_PATH=${CMAKE_PREFIX_PATH}:/opt/ros/humble /usr/bin/cmake --install /home/uninacorse/ros2_ws/build/sysmonitor_interfaces
