[0.114s] DEBUG:colcon:Command line arguments: ['/usr/bin/colcon', 'build']
[0.114s] DEBUG:colcon:Parsed command line arguments: Namespace(log_base=None, log_level=None, verb_name='build', build_base='build', install_base='install', merge_install=False, symlink_install=False, test_result_base=None, continue_on_error=False, executor='parallel', parallel_workers=4, event_handlers=None, ignore_user_meta=False, metas=['./colcon.meta'], base_paths=['.'], packages_ignore=None, packages_ignore_regex=None, paths=None, packages_up_to=None, packages_up_to_regex=None, packages_above=None, packages_above_and_dependencies=None, packages_above_depth=None, packages_select_by_dep=None, packages_skip_by_dep=None, packages_skip_up_to=None, packages_select_build_failed=False, packages_skip_build_finished=False, packages_select_test_failures=False, packages_skip_test_passed=False, packages_select=None, packages_skip=None, packages_select_regex=None, packages_skip_regex=None, packages_start=None, packages_end=None, allow_overriding=[], cmake_args=None, cmake_target=None, cmake_target_skip_unavailable=False, cmake_clean_cache=False, cmake_clean_first=False, cmake_force_configure=False, ament_cmake_args=None, catkin_cmake_args=None, catkin_skip_building_tests=False, mixin_files=None, mixin=None, verb_parser=<colcon_mixin.mixin.mixin_argument.MixinArgumentDecorator object at 0x7b8f64a1da20>, verb_extension=<colcon_core.verb.build.BuildVerb object at 0x7b8f64a1cb80>, main=<bound method BuildVerb.main of <colcon_core.verb.build.BuildVerb object at 0x7b8f64a1cb80>>, mixin_verb=('build',))
[0.275s] Level 1:colcon.colcon_core.package_discovery:discover_packages(colcon_meta) check parameters
[0.275s] Level 1:colcon.colcon_core.package_discovery:discover_packages(recursive) check parameters
[0.275s] Level 1:colcon.colcon_core.package_discovery:discover_packages(ignore) check parameters
[0.275s] Level 1:colcon.colcon_core.package_discovery:discover_packages(path) check parameters
[0.275s] Level 1:colcon.colcon_core.package_discovery:discover_packages(colcon_meta) discover
[0.275s] Level 1:colcon.colcon_core.package_discovery:discover_packages(recursive) discover
[0.275s] INFO:colcon.colcon_core.package_discovery:Crawling recursively for packages in '/home/uninacorse/ex2_ws'
[0.275s] Level 1:colcon.colcon_core.package_identification:_identify(.) by extensions ['ignore', 'ignore_ament_install']
[0.275s] Level 1:colcon.colcon_core.package_identification:_identify(.) by extension 'ignore'
[0.275s] Level 1:colcon.colcon_core.package_identification:_identify(.) by extension 'ignore_ament_install'
[0.276s] Level 1:colcon.colcon_core.package_identification:_identify(.) by extensions ['colcon_pkg']
[0.276s] Level 1:colcon.colcon_core.package_identification:_identify(.) by extension 'colcon_pkg'
[0.276s] Level 1:colcon.colcon_core.package_identification:_identify(.) by extensions ['colcon_meta']
[0.276s] Level 1:colcon.colcon_core.package_identification:_identify(.) by extension 'colcon_meta'
[0.276s] Level 1:colcon.colcon_core.package_identification:_identify(.) by extensions ['ros']
[0.276s] Level 1:colcon.colcon_core.package_identification:_identify(.) by extension 'ros'
[0.286s] Level 1:colcon.colcon_core.package_identification:_identify(.) by extensions ['cmake', 'python']
[0.286s] Level 1:colcon.colcon_core.package_identification:_identify(.) by extension 'cmake'
[0.286s] Level 1:colcon.colcon_core.package_identification:_identify(.) by extension 'python'
[0.286s] Level 1:colcon.colcon_core.package_identification:_identify(.) by extensions ['python_setup_py']
[0.286s] Level 1:colcon.colcon_core.package_identification:_identify(.) by extension 'python_setup_py'
[0.286s] Level 1:colcon.colcon_core.package_identification:_identify(build) by extensions ['ignore', 'ignore_ament_install']
[0.286s] Level 1:colcon.colcon_core.package_identification:_identify(build) by extension 'ignore'
[0.286s] Level 1:colcon.colcon_core.package_identification:_identify(build) ignored
[0.286s] Level 1:colcon.colcon_core.package_identification:_identify(install) by extensions ['ignore', 'ignore_ament_install']
[0.286s] Level 1:colcon.colcon_core.package_identification:_identify(install) by extension 'ignore'
[0.286s] Level 1:colcon.colcon_core.package_identification:_identify(install) ignored
[0.287s] Level 1:colcon.colcon_core.package_identification:_identify(log) by extensions ['ignore', 'ignore_ament_install']
[0.287s] Level 1:colcon.colcon_core.package_identification:_identify(log) by extension 'ignore'
[0.287s] Level 1:colcon.colcon_core.package_identification:_identify(log) ignored
[0.287s] Level 1:colcon.colcon_core.package_identification:_identify(src) by extensions ['ignore', 'ignore_ament_install']
[0.287s] Level 1:colcon.colcon_core.package_identification:_identify(src) by extension 'ignore'
[0.287s] Level 1:colcon.colcon_core.package_identification:_identify(src) by extension 'ignore_ament_install'
[0.287s] Level 1:colcon.colcon_core.package_identification:_identify(src) by extensions ['colcon_pkg']
[0.287s] Level 1:colcon.colcon_core.package_identification:_identify(src) by extension 'colcon_pkg'
[0.287s] Level 1:colcon.colcon_core.package_identification:_identify(src) by extensions ['colcon_meta']
[0.287s] Level 1:colcon.colcon_core.package_identification:_identify(src) by extension 'colcon_meta'
[0.287s] Level 1:colcon.colcon_core.package_identification:_identify(src) by extensions ['ros']
[0.287s] Level 1:colcon.colcon_core.package_identification:_identify(src) by extension 'ros'
[0.287s] Level 1:colcon.colcon_core.package_identification:_identify(src) by extensions ['cmake', 'python']
[0.287s] Level 1:colcon.colcon_core.package_identification:_identify(src) by extension 'cmake'
[0.287s] Level 1:colcon.colcon_core.package_identification:_identify(src) by extension 'python'
[0.287s] Level 1:colcon.colcon_core.package_identification:_identify(src) by extensions ['python_setup_py']
[0.287s] Level 1:colcon.colcon_core.package_identification:_identify(src) by extension 'python_setup_py'
[0.287s] Level 1:colcon.colcon_core.package_identification:_identify(src/EX2) by extensions ['ignore', 'ignore_ament_install']
[0.287s] Level 1:colcon.colcon_core.package_identification:_identify(src/EX2) by extension 'ignore'
[0.287s] Level 1:colcon.colcon_core.package_identification:_identify(src/EX2) by extension 'ignore_ament_install'
[0.288s] Level 1:colcon.colcon_core.package_identification:_identify(src/EX2) by extensions ['colcon_pkg']
[0.288s] Level 1:colcon.colcon_core.package_identification:_identify(src/EX2) by extension 'colcon_pkg'
[0.288s] Level 1:colcon.colcon_core.package_identification:_identify(src/EX2) by extensions ['colcon_meta']
[0.288s] Level 1:colcon.colcon_core.package_identification:_identify(src/EX2) by extension 'colcon_meta'
[0.288s] Level 1:colcon.colcon_core.package_identification:_identify(src/EX2) by extensions ['ros']
[0.288s] Level 1:colcon.colcon_core.package_identification:_identify(src/EX2) by extension 'ros'
[0.288s] Level 1:colcon.colcon_core.package_identification:_identify(src/EX2) by extensions ['cmake', 'python']
[0.288s] Level 1:colcon.colcon_core.package_identification:_identify(src/EX2) by extension 'cmake'
[0.288s] Level 1:colcon.colcon_core.package_identification:_identify(src/EX2) by extension 'python'
[0.288s] Level 1:colcon.colcon_core.package_identification:_identify(src/EX2) by extensions ['python_setup_py']
[0.288s] Level 1:colcon.colcon_core.package_identification:_identify(src/EX2) by extension 'python_setup_py'
[0.288s] Level 1:colcon.colcon_core.package_identification:_identify(src/EX2/fault_detection) by extensions ['ignore', 'ignore_ament_install']
[0.288s] Level 1:colcon.colcon_core.package_identification:_identify(src/EX2/fault_detection) by extension 'ignore'
[0.288s] Level 1:colcon.colcon_core.package_identification:_identify(src/EX2/fault_detection) by extension 'ignore_ament_install'
[0.288s] Level 1:colcon.colcon_core.package_identification:_identify(src/EX2/fault_detection) by extensions ['colcon_pkg']
[0.288s] Level 1:colcon.colcon_core.package_identification:_identify(src/EX2/fault_detection) by extension 'colcon_pkg'
[0.288s] Level 1:colcon.colcon_core.package_identification:_identify(src/EX2/fault_detection) by extensions ['colcon_meta']
[0.288s] Level 1:colcon.colcon_core.package_identification:_identify(src/EX2/fault_detection) by extension 'colcon_meta'
[0.289s] Level 1:colcon.colcon_core.package_identification:_identify(src/EX2/fault_detection) by extensions ['ros']
[0.289s] Level 1:colcon.colcon_core.package_identification:_identify(src/EX2/fault_detection) by extension 'ros'
[0.291s] DEBUG:colcon.colcon_core.package_identification:Package 'src/EX2/fault_detection' with type 'ros.ament_cmake' and name 'fault_detection'
[0.291s] Level 1:colcon.colcon_core.package_identification:_identify(src/EX2/rosbag2_2024_11_27-15_00_23) by extensions ['ignore', 'ignore_ament_install']
[0.291s] Level 1:colcon.colcon_core.package_identification:_identify(src/EX2/rosbag2_2024_11_27-15_00_23) by extension 'ignore'
[0.291s] Level 1:colcon.colcon_core.package_identification:_identify(src/EX2/rosbag2_2024_11_27-15_00_23) by extension 'ignore_ament_install'
[0.291s] Level 1:colcon.colcon_core.package_identification:_identify(src/EX2/rosbag2_2024_11_27-15_00_23) by extensions ['colcon_pkg']
[0.291s] Level 1:colcon.colcon_core.package_identification:_identify(src/EX2/rosbag2_2024_11_27-15_00_23) by extension 'colcon_pkg'
[0.292s] Level 1:colcon.colcon_core.package_identification:_identify(src/EX2/rosbag2_2024_11_27-15_00_23) by extensions ['colcon_meta']
[0.292s] Level 1:colcon.colcon_core.package_identification:_identify(src/EX2/rosbag2_2024_11_27-15_00_23) by extension 'colcon_meta'
[0.292s] Level 1:colcon.colcon_core.package_identification:_identify(src/EX2/rosbag2_2024_11_27-15_00_23) by extensions ['ros']
[0.292s] Level 1:colcon.colcon_core.package_identification:_identify(src/EX2/rosbag2_2024_11_27-15_00_23) by extension 'ros'
[0.292s] Level 1:colcon.colcon_core.package_identification:_identify(src/EX2/rosbag2_2024_11_27-15_00_23) by extensions ['cmake', 'python']
[0.292s] Level 1:colcon.colcon_core.package_identification:_identify(src/EX2/rosbag2_2024_11_27-15_00_23) by extension 'cmake'
[0.292s] Level 1:colcon.colcon_core.package_identification:_identify(src/EX2/rosbag2_2024_11_27-15_00_23) by extension 'python'
[0.292s] Level 1:colcon.colcon_core.package_identification:_identify(src/EX2/rosbag2_2024_11_27-15_00_23) by extensions ['python_setup_py']
[0.292s] Level 1:colcon.colcon_core.package_identification:_identify(src/EX2/rosbag2_2024_11_27-15_00_23) by extension 'python_setup_py'
[0.292s] Level 1:colcon.colcon_core.package_identification:_identify(src/EX2/sysmonitor_interfaces) by extensions ['ignore', 'ignore_ament_install']
[0.292s] Level 1:colcon.colcon_core.package_identification:_identify(src/EX2/sysmonitor_interfaces) by extension 'ignore'
[0.292s] Level 1:colcon.colcon_core.package_identification:_identify(src/EX2/sysmonitor_interfaces) by extension 'ignore_ament_install'
[0.292s] Level 1:colcon.colcon_core.package_identification:_identify(src/EX2/sysmonitor_interfaces) by extensions ['colcon_pkg']
[0.292s] Level 1:colcon.colcon_core.package_identification:_identify(src/EX2/sysmonitor_interfaces) by extension 'colcon_pkg'
[0.292s] Level 1:colcon.colcon_core.package_identification:_identify(src/EX2/sysmonitor_interfaces) by extensions ['colcon_meta']
[0.292s] Level 1:colcon.colcon_core.package_identification:_identify(src/EX2/sysmonitor_interfaces) by extension 'colcon_meta'
[0.292s] Level 1:colcon.colcon_core.package_identification:_identify(src/EX2/sysmonitor_interfaces) by extensions ['ros']
[0.292s] Level 1:colcon.colcon_core.package_identification:_identify(src/EX2/sysmonitor_interfaces) by extension 'ros'
[0.293s] DEBUG:colcon.colcon_core.package_identification:Package 'src/EX2/sysmonitor_interfaces' with type 'ros.ament_cmake' and name 'sysmonitor_interfaces'
[0.293s] Level 1:colcon.colcon_core.package_discovery:discover_packages(recursive) using defaults
[0.293s] Level 1:colcon.colcon_core.package_discovery:discover_packages(ignore) discover
[0.293s] Level 1:colcon.colcon_core.package_discovery:discover_packages(ignore) using defaults
[0.293s] Level 1:colcon.colcon_core.package_discovery:discover_packages(path) discover
[0.293s] Level 1:colcon.colcon_core.package_discovery:discover_packages(path) using defaults
[0.321s] Level 1:colcon.colcon_core.package_discovery:discover_packages(prefix_path) check parameters
[0.321s] Level 1:colcon.colcon_core.package_discovery:discover_packages(prefix_path) discover
[0.324s] DEBUG:colcon.colcon_installed_package_information.package_discovery:Found 327 installed packages in /opt/ros/humble
[0.326s] Level 1:colcon.colcon_core.package_discovery:discover_packages(prefix_path) using defaults
[0.369s] Level 5:colcon.colcon_core.verb:set package 'sysmonitor_interfaces' build argument 'cmake_args' from command line to 'None'
[0.369s] Level 5:colcon.colcon_core.verb:set package 'sysmonitor_interfaces' build argument 'cmake_target' from command line to 'None'
[0.369s] Level 5:colcon.colcon_core.verb:set package 'sysmonitor_interfaces' build argument 'cmake_target_skip_unavailable' from command line to 'False'
[0.369s] Level 5:colcon.colcon_core.verb:set package 'sysmonitor_interfaces' build argument 'cmake_clean_cache' from command line to 'False'
[0.369s] Level 5:colcon.colcon_core.verb:set package 'sysmonitor_interfaces' build argument 'cmake_clean_first' from command line to 'False'
[0.369s] Level 5:colcon.colcon_core.verb:set package 'sysmonitor_interfaces' build argument 'cmake_force_configure' from command line to 'False'
[0.369s] Level 5:colcon.colcon_core.verb:set package 'sysmonitor_interfaces' build argument 'ament_cmake_args' from command line to 'None'
[0.369s] Level 5:colcon.colcon_core.verb:set package 'sysmonitor_interfaces' build argument 'catkin_cmake_args' from command line to 'None'
[0.369s] Level 5:colcon.colcon_core.verb:set package 'sysmonitor_interfaces' build argument 'catkin_skip_building_tests' from command line to 'False'
[0.369s] DEBUG:colcon.colcon_core.verb:Building package 'sysmonitor_interfaces' with the following arguments: {'ament_cmake_args': None, 'build_base': '/home/uninacorse/ex2_ws/build/sysmonitor_interfaces', 'catkin_cmake_args': None, 'catkin_skip_building_tests': False, 'cmake_args': None, 'cmake_clean_cache': False, 'cmake_clean_first': False, 'cmake_force_configure': False, 'cmake_target': None, 'cmake_target_skip_unavailable': False, 'install_base': '/home/uninacorse/ex2_ws/install/sysmonitor_interfaces', 'merge_install': False, 'path': '/home/uninacorse/ex2_ws/src/EX2/sysmonitor_interfaces', 'symlink_install': False, 'test_result_base': None}
[0.370s] Level 5:colcon.colcon_core.verb:set package 'fault_detection' build argument 'cmake_args' from command line to 'None'
[0.370s] Level 5:colcon.colcon_core.verb:set package 'fault_detection' build argument 'cmake_target' from command line to 'None'
[0.370s] Level 5:colcon.colcon_core.verb:set package 'fault_detection' build argument 'cmake_target_skip_unavailable' from command line to 'False'
[0.370s] Level 5:colcon.colcon_core.verb:set package 'fault_detection' build argument 'cmake_clean_cache' from command line to 'False'
[0.370s] Level 5:colcon.colcon_core.verb:set package 'fault_detection' build argument 'cmake_clean_first' from command line to 'False'
[0.370s] Level 5:colcon.colcon_core.verb:set package 'fault_detection' build argument 'cmake_force_configure' from command line to 'False'
[0.370s] Level 5:colcon.colcon_core.verb:set package 'fault_detection' build argument 'ament_cmake_args' from command line to 'None'
[0.370s] Level 5:colcon.colcon_core.verb:set package 'fault_detection' build argument 'catkin_cmake_args' from command line to 'None'
[0.370s] Level 5:colcon.colcon_core.verb:set package 'fault_detection' build argument 'catkin_skip_building_tests' from command line to 'False'
[0.370s] DEBUG:colcon.colcon_core.verb:Building package 'fault_detection' with the following arguments: {'ament_cmake_args': None, 'build_base': '/home/uninacorse/ex2_ws/build/fault_detection', 'catkin_cmake_args': None, 'catkin_skip_building_tests': False, 'cmake_args': None, 'cmake_clean_cache': False, 'cmake_clean_first': False, 'cmake_force_configure': False, 'cmake_target': None, 'cmake_target_skip_unavailable': False, 'install_base': '/home/uninacorse/ex2_ws/install/fault_detection', 'merge_install': False, 'path': '/home/uninacorse/ex2_ws/src/EX2/fault_detection', 'symlink_install': False, 'test_result_base': None}
[0.370s] INFO:colcon.colcon_core.executor:Executing jobs using 'parallel' executor
[0.371s] DEBUG:colcon.colcon_parallel_executor.executor.parallel:run_until_complete
[0.371s] INFO:colcon.colcon_ros.task.ament_cmake.build:Building ROS package in '/home/uninacorse/ex2_ws/src/EX2/sysmonitor_interfaces' with build type 'ament_cmake'
[0.371s] INFO:colcon.colcon_cmake.task.cmake.build:Building CMake package in '/home/uninacorse/ex2_ws/src/EX2/sysmonitor_interfaces'
[0.373s] INFO:colcon.colcon_core.plugin_system:Skipping extension 'colcon_core.shell.bat': Not used on non-Windows systems
[0.373s] INFO:colcon.colcon_core.shell:Skip shell extension 'powershell' for command environment: Not usable outside of PowerShell
[0.373s] DEBUG:colcon.colcon_core.shell:Skip shell extension 'dsv' for command environment
[0.381s] DEBUG:colcon.colcon_core.event_handler.log_command:Invoking command in '/home/uninacorse/ex2_ws/build/sysmonitor_interfaces': CMAKE_PREFIX_PATH=/opt/ros/humble /usr/bin/cmake --build /home/uninacorse/ex2_ws/build/sysmonitor_interfaces -- -j4 -l4
[0.791s] DEBUG:colcon.colcon_core.event_handler.log_command:Invoked command in '/home/uninacorse/ex2_ws/build/sysmonitor_interfaces' returned '0': CMAKE_PREFIX_PATH=/opt/ros/humble /usr/bin/cmake --build /home/uninacorse/ex2_ws/build/sysmonitor_interfaces -- -j4 -l4
[0.801s] DEBUG:colcon.colcon_core.event_handler.log_command:Invoking command in '/home/uninacorse/ex2_ws/build/sysmonitor_interfaces': CMAKE_PREFIX_PATH=/opt/ros/humble /usr/bin/cmake --install /home/uninacorse/ex2_ws/build/sysmonitor_interfaces
[0.858s] Level 1:colcon.colcon_core.environment:create_environment_scripts_only(sysmonitor_interfaces)
[0.859s] DEBUG:colcon.colcon_core.event_handler.log_command:Invoked command in '/home/uninacorse/ex2_ws/build/sysmonitor_interfaces' returned '0': CMAKE_PREFIX_PATH=/opt/ros/humble /usr/bin/cmake --install /home/uninacorse/ex2_ws/build/sysmonitor_interfaces
[0.861s] Level 1:colcon.colcon_core.environment:checking '/home/uninacorse/ex2_ws/install/sysmonitor_interfaces' for CMake module files
[0.861s] Level 1:colcon.colcon_core.environment:checking '/home/uninacorse/ex2_ws/install/sysmonitor_interfaces' for CMake config files
[0.862s] Level 1:colcon.colcon_core.shell:create_environment_hook('sysmonitor_interfaces', 'cmake_prefix_path')
[0.862s] INFO:colcon.colcon_core.shell:Creating environment hook '/home/uninacorse/ex2_ws/install/sysmonitor_interfaces/share/sysmonitor_interfaces/hook/cmake_prefix_path.ps1'
[0.862s] INFO:colcon.colcon_core.shell:Creating environment descriptor '/home/uninacorse/ex2_ws/install/sysmonitor_interfaces/share/sysmonitor_interfaces/hook/cmake_prefix_path.dsv'
[0.863s] INFO:colcon.colcon_core.shell:Creating environment hook '/home/uninacorse/ex2_ws/install/sysmonitor_interfaces/share/sysmonitor_interfaces/hook/cmake_prefix_path.sh'
[0.864s] Level 1:colcon.colcon_core.environment:checking '/home/uninacorse/ex2_ws/install/sysmonitor_interfaces/lib'
[0.864s] Level 1:colcon.colcon_core.shell:create_environment_hook('sysmonitor_interfaces', 'ld_library_path_lib')
[0.864s] INFO:colcon.colcon_core.shell:Creating environment hook '/home/uninacorse/ex2_ws/install/sysmonitor_interfaces/share/sysmonitor_interfaces/hook/ld_library_path_lib.ps1'
[0.864s] INFO:colcon.colcon_core.shell:Creating environment descriptor '/home/uninacorse/ex2_ws/install/sysmonitor_interfaces/share/sysmonitor_interfaces/hook/ld_library_path_lib.dsv'
[0.865s] INFO:colcon.colcon_core.shell:Creating environment hook '/home/uninacorse/ex2_ws/install/sysmonitor_interfaces/share/sysmonitor_interfaces/hook/ld_library_path_lib.sh'
[0.865s] Level 1:colcon.colcon_core.environment:checking '/home/uninacorse/ex2_ws/install/sysmonitor_interfaces/bin'
[0.865s] Level 1:colcon.colcon_core.environment:checking '/home/uninacorse/ex2_ws/install/sysmonitor_interfaces/lib/pkgconfig/sysmonitor_interfaces.pc'
[0.865s] Level 1:colcon.colcon_core.environment:checking '/home/uninacorse/ex2_ws/install/sysmonitor_interfaces/lib/python3.10/site-packages'
[0.866s] Level 1:colcon.colcon_core.environment:checking '/home/uninacorse/ex2_ws/install/sysmonitor_interfaces/bin'
[0.866s] INFO:colcon.colcon_core.shell:Creating package script '/home/uninacorse/ex2_ws/install/sysmonitor_interfaces/share/sysmonitor_interfaces/package.ps1'
[0.867s] INFO:colcon.colcon_core.shell:Creating package descriptor '/home/uninacorse/ex2_ws/install/sysmonitor_interfaces/share/sysmonitor_interfaces/package.dsv'
[0.867s] INFO:colcon.colcon_core.shell:Creating package script '/home/uninacorse/ex2_ws/install/sysmonitor_interfaces/share/sysmonitor_interfaces/package.sh'
[0.868s] INFO:colcon.colcon_core.shell:Creating package script '/home/uninacorse/ex2_ws/install/sysmonitor_interfaces/share/sysmonitor_interfaces/package.bash'
[0.869s] INFO:colcon.colcon_core.shell:Creating package script '/home/uninacorse/ex2_ws/install/sysmonitor_interfaces/share/sysmonitor_interfaces/package.zsh'
[0.870s] Level 1:colcon.colcon_core.environment:create_file_with_runtime_dependencies(/home/uninacorse/ex2_ws/install/sysmonitor_interfaces/share/colcon-core/packages/sysmonitor_interfaces)
[0.871s] Level 1:colcon.colcon_core.environment:create_environment_scripts_only(sysmonitor_interfaces)
[0.871s] Level 1:colcon.colcon_core.environment:checking '/home/uninacorse/ex2_ws/install/sysmonitor_interfaces' for CMake module files
[0.871s] Level 1:colcon.colcon_core.environment:checking '/home/uninacorse/ex2_ws/install/sysmonitor_interfaces' for CMake config files
[0.872s] Level 1:colcon.colcon_core.shell:create_environment_hook('sysmonitor_interfaces', 'cmake_prefix_path')
[0.872s] INFO:colcon.colcon_core.shell:Creating environment hook '/home/uninacorse/ex2_ws/install/sysmonitor_interfaces/share/sysmonitor_interfaces/hook/cmake_prefix_path.ps1'
[0.872s] INFO:colcon.colcon_core.shell:Creating environment descriptor '/home/uninacorse/ex2_ws/install/sysmonitor_interfaces/share/sysmonitor_interfaces/hook/cmake_prefix_path.dsv'
[0.873s] INFO:colcon.colcon_core.shell:Creating environment hook '/home/uninacorse/ex2_ws/install/sysmonitor_interfaces/share/sysmonitor_interfaces/hook/cmake_prefix_path.sh'
[0.873s] Level 1:colcon.colcon_core.environment:checking '/home/uninacorse/ex2_ws/install/sysmonitor_interfaces/lib'
[0.873s] Level 1:colcon.colcon_core.shell:create_environment_hook('sysmonitor_interfaces', 'ld_library_path_lib')
[0.874s] INFO:colcon.colcon_core.shell:Creating environment hook '/home/uninacorse/ex2_ws/install/sysmonitor_interfaces/share/sysmonitor_interfaces/hook/ld_library_path_lib.ps1'
[0.874s] INFO:colcon.colcon_core.shell:Creating environment descriptor '/home/uninacorse/ex2_ws/install/sysmonitor_interfaces/share/sysmonitor_interfaces/hook/ld_library_path_lib.dsv'
[0.874s] INFO:colcon.colcon_core.shell:Creating environment hook '/home/uninacorse/ex2_ws/install/sysmonitor_interfaces/share/sysmonitor_interfaces/hook/ld_library_path_lib.sh'
[0.875s] Level 1:colcon.colcon_core.environment:checking '/home/uninacorse/ex2_ws/install/sysmonitor_interfaces/bin'
[0.875s] Level 1:colcon.colcon_core.environment:checking '/home/uninacorse/ex2_ws/install/sysmonitor_interfaces/lib/pkgconfig/sysmonitor_interfaces.pc'
[0.875s] Level 1:colcon.colcon_core.environment:checking '/home/uninacorse/ex2_ws/install/sysmonitor_interfaces/lib/python3.10/site-packages'
[0.875s] Level 1:colcon.colcon_core.environment:checking '/home/uninacorse/ex2_ws/install/sysmonitor_interfaces/bin'
[0.876s] INFO:colcon.colcon_core.shell:Creating package script '/home/uninacorse/ex2_ws/install/sysmonitor_interfaces/share/sysmonitor_interfaces/package.ps1'
[0.876s] INFO:colcon.colcon_core.shell:Creating package descriptor '/home/uninacorse/ex2_ws/install/sysmonitor_interfaces/share/sysmonitor_interfaces/package.dsv'
[0.877s] INFO:colcon.colcon_core.shell:Creating package script '/home/uninacorse/ex2_ws/install/sysmonitor_interfaces/share/sysmonitor_interfaces/package.sh'
[0.877s] INFO:colcon.colcon_core.shell:Creating package script '/home/uninacorse/ex2_ws/install/sysmonitor_interfaces/share/sysmonitor_interfaces/package.bash'
[0.877s] INFO:colcon.colcon_core.shell:Creating package script '/home/uninacorse/ex2_ws/install/sysmonitor_interfaces/share/sysmonitor_interfaces/package.zsh'
[0.878s] Level 1:colcon.colcon_core.environment:create_file_with_runtime_dependencies(/home/uninacorse/ex2_ws/install/sysmonitor_interfaces/share/colcon-core/packages/sysmonitor_interfaces)
[0.878s] INFO:colcon.colcon_ros.task.ament_cmake.build:Building ROS package in '/home/uninacorse/ex2_ws/src/EX2/fault_detection' with build type 'ament_cmake'
[0.878s] INFO:colcon.colcon_cmake.task.cmake.build:Building CMake package in '/home/uninacorse/ex2_ws/src/EX2/fault_detection'
[0.878s] INFO:colcon.colcon_core.shell:Skip shell extension 'powershell' for command environment: Not usable outside of PowerShell
[0.879s] DEBUG:colcon.colcon_core.shell:Skip shell extension 'dsv' for command environment
[0.889s] DEBUG:colcon.colcon_core.event_handler.log_command:Invoking command in '/home/uninacorse/ex2_ws/build/fault_detection': AMENT_PREFIX_PATH=/home/uninacorse/ex2_ws/install/sysmonitor_interfaces:${AMENT_PREFIX_PATH} CMAKE_PREFIX_PATH=/home/uninacorse/ex2_ws/install/sysmonitor_interfaces:/opt/ros/humble LD_LIBRARY_PATH=/home/uninacorse/ex2_ws/install/sysmonitor_interfaces/lib:${LD_LIBRARY_PATH} PYTHONPATH=/home/uninacorse/ex2_ws/install/sysmonitor_interfaces/local/lib/python3.10/dist-packages:${PYTHONPATH} /usr/bin/cmake /home/uninacorse/ex2_ws/src/EX2/fault_detection -DCMAKE_INSTALL_PREFIX=/home/uninacorse/ex2_ws/install/fault_detection
[1.383s] DEBUG:colcon.colcon_core.event_handler.log_command:Invoked command in '/home/uninacorse/ex2_ws/build/fault_detection' returned '0': AMENT_PREFIX_PATH=/home/uninacorse/ex2_ws/install/sysmonitor_interfaces:${AMENT_PREFIX_PATH} CMAKE_PREFIX_PATH=/home/uninacorse/ex2_ws/install/sysmonitor_interfaces:/opt/ros/humble LD_LIBRARY_PATH=/home/uninacorse/ex2_ws/install/sysmonitor_interfaces/lib:${LD_LIBRARY_PATH} PYTHONPATH=/home/uninacorse/ex2_ws/install/sysmonitor_interfaces/local/lib/python3.10/dist-packages:${PYTHONPATH} /usr/bin/cmake /home/uninacorse/ex2_ws/src/EX2/fault_detection -DCMAKE_INSTALL_PREFIX=/home/uninacorse/ex2_ws/install/fault_detection
[1.385s] DEBUG:colcon.colcon_core.event_handler.log_command:Invoking command in '/home/uninacorse/ex2_ws/build/fault_detection': AMENT_PREFIX_PATH=/home/uninacorse/ex2_ws/install/sysmonitor_interfaces:${AMENT_PREFIX_PATH} CMAKE_PREFIX_PATH=/home/uninacorse/ex2_ws/install/sysmonitor_interfaces:/opt/ros/humble LD_LIBRARY_PATH=/home/uninacorse/ex2_ws/install/sysmonitor_interfaces/lib:${LD_LIBRARY_PATH} PYTHONPATH=/home/uninacorse/ex2_ws/install/sysmonitor_interfaces/local/lib/python3.10/dist-packages:${PYTHONPATH} /usr/bin/cmake --build /home/uninacorse/ex2_ws/build/fault_detection -- -j4 -l4
[4.389s] DEBUG:colcon.colcon_core.event_handler.log_command:Invoked command in '/home/uninacorse/ex2_ws/build/fault_detection' returned '2': AMENT_PREFIX_PATH=/home/uninacorse/ex2_ws/install/sysmonitor_interfaces:${AMENT_PREFIX_PATH} CMAKE_PREFIX_PATH=/home/uninacorse/ex2_ws/install/sysmonitor_interfaces:/opt/ros/humble LD_LIBRARY_PATH=/home/uninacorse/ex2_ws/install/sysmonitor_interfaces/lib:${LD_LIBRARY_PATH} PYTHONPATH=/home/uninacorse/ex2_ws/install/sysmonitor_interfaces/local/lib/python3.10/dist-packages:${PYTHONPATH} /usr/bin/cmake --build /home/uninacorse/ex2_ws/build/fault_detection -- -j4 -l4
[4.390s] Level 1:colcon.colcon_core.environment:create_environment_scripts_only(fault_detection)
[4.390s] Level 1:colcon.colcon_core.environment:checking '/home/uninacorse/ex2_ws/install/fault_detection' for CMake module files
[4.390s] Level 1:colcon.colcon_core.environment:checking '/home/uninacorse/ex2_ws/install/fault_detection' for CMake config files
[4.390s] Level 1:colcon.colcon_core.environment:checking '/home/uninacorse/ex2_ws/install/fault_detection/bin'
[4.390s] Level 1:colcon.colcon_core.environment:checking '/home/uninacorse/ex2_ws/install/fault_detection/lib/pkgconfig/fault_detection.pc'
[4.391s] Level 1:colcon.colcon_core.environment:checking '/home/uninacorse/ex2_ws/install/fault_detection/lib/python3.10/site-packages'
[4.391s] Level 1:colcon.colcon_core.environment:checking '/home/uninacorse/ex2_ws/install/fault_detection/bin'
[4.391s] INFO:colcon.colcon_core.shell:Creating package script '/home/uninacorse/ex2_ws/install/fault_detection/share/fault_detection/package.ps1'
[4.392s] INFO:colcon.colcon_core.shell:Creating package descriptor '/home/uninacorse/ex2_ws/install/fault_detection/share/fault_detection/package.dsv'
[4.392s] INFO:colcon.colcon_core.shell:Creating package script '/home/uninacorse/ex2_ws/install/fault_detection/share/fault_detection/package.sh'
[4.392s] INFO:colcon.colcon_core.shell:Creating package script '/home/uninacorse/ex2_ws/install/fault_detection/share/fault_detection/package.bash'
[4.393s] INFO:colcon.colcon_core.shell:Creating package script '/home/uninacorse/ex2_ws/install/fault_detection/share/fault_detection/package.zsh'
[4.393s] Level 1:colcon.colcon_core.environment:create_file_with_runtime_dependencies(/home/uninacorse/ex2_ws/install/fault_detection/share/colcon-core/packages/fault_detection)
[4.404s] DEBUG:colcon.colcon_parallel_executor.executor.parallel:closing loop
[4.404s] DEBUG:colcon.colcon_parallel_executor.executor.parallel:loop closed
[4.404s] DEBUG:colcon.colcon_parallel_executor.executor.parallel:run_until_complete finished with '2'
[4.404s] DEBUG:colcon.colcon_core.event_reactor:joining thread
[4.409s] INFO:colcon.colcon_core.plugin_system:Skipping extension 'colcon_notification.desktop_notification.terminal_notifier': Not used on non-Darwin systems
[4.409s] INFO:colcon.colcon_core.plugin_system:Skipping extension 'colcon_notification.desktop_notification.win32': Not used on non-Windows systems
[4.409s] INFO:colcon.colcon_notification.desktop_notification:Sending desktop notification using 'notify2'
[4.426s] DEBUG:colcon.colcon_core.event_reactor:joined thread
[4.427s] INFO:colcon.colcon_core.shell:Creating prefix script '/home/uninacorse/ex2_ws/install/local_setup.ps1'
[4.428s] INFO:colcon.colcon_core.shell:Creating prefix util module '/home/uninacorse/ex2_ws/install/_local_setup_util_ps1.py'
[4.429s] INFO:colcon.colcon_core.shell:Creating prefix chain script '/home/uninacorse/ex2_ws/install/setup.ps1'
[4.431s] INFO:colcon.colcon_core.shell:Creating prefix script '/home/uninacorse/ex2_ws/install/local_setup.sh'
[4.432s] INFO:colcon.colcon_core.shell:Creating prefix util module '/home/uninacorse/ex2_ws/install/_local_setup_util_sh.py'
[4.433s] INFO:colcon.colcon_core.shell:Creating prefix chain script '/home/uninacorse/ex2_ws/install/setup.sh'
[4.434s] INFO:colcon.colcon_core.shell:Creating prefix script '/home/uninacorse/ex2_ws/install/local_setup.bash'
[4.434s] INFO:colcon.colcon_core.shell:Creating prefix chain script '/home/uninacorse/ex2_ws/install/setup.bash'
[4.435s] INFO:colcon.colcon_core.shell:Creating prefix script '/home/uninacorse/ex2_ws/install/local_setup.zsh'
[4.436s] INFO:colcon.colcon_core.shell:Creating prefix chain script '/home/uninacorse/ex2_ws/install/setup.zsh'
