[0.105s] DEBUG:colcon:Command line arguments: ['/usr/bin/colcon', 'build']
[0.105s] DEBUG:colcon:Parsed command line arguments: Namespace(log_base=None, log_level=None, verb_name='build', build_base='build', install_base='install', merge_install=False, symlink_install=False, test_result_base=None, continue_on_error=False, executor='parallel', parallel_workers=4, event_handlers=None, ignore_user_meta=False, metas=['./colcon.meta'], base_paths=['.'], packages_ignore=None, packages_ignore_regex=None, paths=None, packages_up_to=None, packages_up_to_regex=None, packages_above=None, packages_above_and_dependencies=None, packages_above_depth=None, packages_select_by_dep=None, packages_skip_by_dep=None, packages_skip_up_to=None, packages_select_build_failed=False, packages_skip_build_finished=False, packages_select_test_failures=False, packages_skip_test_passed=False, packages_select=None, packages_skip=None, packages_select_regex=None, packages_skip_regex=None, packages_start=None, packages_end=None, allow_overriding=[], cmake_args=None, cmake_target=None, cmake_target_skip_unavailable=False, cmake_clean_cache=False, cmake_clean_first=False, cmake_force_configure=False, ament_cmake_args=None, catkin_cmake_args=None, catkin_skip_building_tests=False, mixin_files=None, mixin=None, verb_parser=<colcon_mixin.mixin.mixin_argument.MixinArgumentDecorator object at 0x701261e3dc60>, verb_extension=<colcon_core.verb.build.BuildVerb object at 0x701261e3cdc0>, main=<bound method BuildVerb.main of <colcon_core.verb.build.BuildVerb object at 0x701261e3cdc0>>, mixin_verb=('build',))
[0.259s] Level 1:colcon.colcon_core.package_discovery:discover_packages(colcon_meta) check parameters
[0.259s] Level 1:colcon.colcon_core.package_discovery:discover_packages(recursive) check parameters
[0.260s] Level 1:colcon.colcon_core.package_discovery:discover_packages(ignore) check parameters
[0.260s] Level 1:colcon.colcon_core.package_discovery:discover_packages(path) check parameters
[0.260s] Level 1:colcon.colcon_core.package_discovery:discover_packages(colcon_meta) discover
[0.260s] Level 1:colcon.colcon_core.package_discovery:discover_packages(recursive) discover
[0.260s] INFO:colcon.colcon_core.package_discovery:Crawling recursively for packages in '/home/uninacorse/ros2_ws'
[0.260s] Level 1:colcon.colcon_core.package_identification:_identify(.) by extensions ['ignore', 'ignore_ament_install']
[0.260s] Level 1:colcon.colcon_core.package_identification:_identify(.) by extension 'ignore'
[0.260s] Level 1:colcon.colcon_core.package_identification:_identify(.) by extension 'ignore_ament_install'
[0.260s] Level 1:colcon.colcon_core.package_identification:_identify(.) by extensions ['colcon_pkg']
[0.260s] Level 1:colcon.colcon_core.package_identification:_identify(.) by extension 'colcon_pkg'
[0.260s] Level 1:colcon.colcon_core.package_identification:_identify(.) by extensions ['colcon_meta']
[0.260s] Level 1:colcon.colcon_core.package_identification:_identify(.) by extension 'colcon_meta'
[0.260s] Level 1:colcon.colcon_core.package_identification:_identify(.) by extensions ['ros']
[0.260s] Level 1:colcon.colcon_core.package_identification:_identify(.) by extension 'ros'
[0.270s] Level 1:colcon.colcon_core.package_identification:_identify(.) by extensions ['cmake', 'python']
[0.270s] Level 1:colcon.colcon_core.package_identification:_identify(.) by extension 'cmake'
[0.270s] Level 1:colcon.colcon_core.package_identification:_identify(.) by extension 'python'
[0.270s] Level 1:colcon.colcon_core.package_identification:_identify(.) by extensions ['python_setup_py']
[0.270s] Level 1:colcon.colcon_core.package_identification:_identify(.) by extension 'python_setup_py'
[0.270s] Level 1:colcon.colcon_core.package_identification:_identify(build) by extensions ['ignore', 'ignore_ament_install']
[0.270s] Level 1:colcon.colcon_core.package_identification:_identify(build) by extension 'ignore'
[0.270s] Level 1:colcon.colcon_core.package_identification:_identify(build) ignored
[0.270s] Level 1:colcon.colcon_core.package_identification:_identify(install) by extensions ['ignore', 'ignore_ament_install']
[0.271s] Level 1:colcon.colcon_core.package_identification:_identify(install) by extension 'ignore'
[0.271s] Level 1:colcon.colcon_core.package_identification:_identify(install) ignored
[0.271s] Level 1:colcon.colcon_core.package_identification:_identify(log) by extensions ['ignore', 'ignore_ament_install']
[0.271s] Level 1:colcon.colcon_core.package_identification:_identify(log) by extension 'ignore'
[0.271s] Level 1:colcon.colcon_core.package_identification:_identify(log) ignored
[0.271s] Level 1:colcon.colcon_core.package_identification:_identify(src) by extensions ['ignore', 'ignore_ament_install']
[0.271s] Level 1:colcon.colcon_core.package_identification:_identify(src) by extension 'ignore'
[0.271s] Level 1:colcon.colcon_core.package_identification:_identify(src) by extension 'ignore_ament_install'
[0.271s] Level 1:colcon.colcon_core.package_identification:_identify(src) by extensions ['colcon_pkg']
[0.271s] Level 1:colcon.colcon_core.package_identification:_identify(src) by extension 'colcon_pkg'
[0.271s] Level 1:colcon.colcon_core.package_identification:_identify(src) by extensions ['colcon_meta']
[0.271s] Level 1:colcon.colcon_core.package_identification:_identify(src) by extension 'colcon_meta'
[0.271s] Level 1:colcon.colcon_core.package_identification:_identify(src) by extensions ['ros']
[0.271s] Level 1:colcon.colcon_core.package_identification:_identify(src) by extension 'ros'
[0.271s] Level 1:colcon.colcon_core.package_identification:_identify(src) by extensions ['cmake', 'python']
[0.271s] Level 1:colcon.colcon_core.package_identification:_identify(src) by extension 'cmake'
[0.271s] Level 1:colcon.colcon_core.package_identification:_identify(src) by extension 'python'
[0.271s] Level 1:colcon.colcon_core.package_identification:_identify(src) by extensions ['python_setup_py']
[0.271s] Level 1:colcon.colcon_core.package_identification:_identify(src) by extension 'python_setup_py'
[0.271s] Level 1:colcon.colcon_core.package_identification:_identify(src/EX1) by extensions ['ignore', 'ignore_ament_install']
[0.272s] Level 1:colcon.colcon_core.package_identification:_identify(src/EX1) by extension 'ignore'
[0.272s] Level 1:colcon.colcon_core.package_identification:_identify(src/EX1) by extension 'ignore_ament_install'
[0.272s] Level 1:colcon.colcon_core.package_identification:_identify(src/EX1) by extensions ['colcon_pkg']
[0.272s] Level 1:colcon.colcon_core.package_identification:_identify(src/EX1) by extension 'colcon_pkg'
[0.272s] Level 1:colcon.colcon_core.package_identification:_identify(src/EX1) by extensions ['colcon_meta']
[0.272s] Level 1:colcon.colcon_core.package_identification:_identify(src/EX1) by extension 'colcon_meta'
[0.272s] Level 1:colcon.colcon_core.package_identification:_identify(src/EX1) by extensions ['ros']
[0.272s] Level 1:colcon.colcon_core.package_identification:_identify(src/EX1) by extension 'ros'
[0.272s] Level 1:colcon.colcon_core.package_identification:_identify(src/EX1) by extensions ['cmake', 'python']
[0.272s] Level 1:colcon.colcon_core.package_identification:_identify(src/EX1) by extension 'cmake'
[0.272s] Level 1:colcon.colcon_core.package_identification:_identify(src/EX1) by extension 'python'
[0.272s] Level 1:colcon.colcon_core.package_identification:_identify(src/EX1) by extensions ['python_setup_py']
[0.272s] Level 1:colcon.colcon_core.package_identification:_identify(src/EX1) by extension 'python_setup_py'
[0.272s] Level 1:colcon.colcon_core.package_identification:_identify(src/EX1/rosbag2_2024_11_22-00_32_31) by extensions ['ignore', 'ignore_ament_install']
[0.272s] Level 1:colcon.colcon_core.package_identification:_identify(src/EX1/rosbag2_2024_11_22-00_32_31) by extension 'ignore'
[0.272s] Level 1:colcon.colcon_core.package_identification:_identify(src/EX1/rosbag2_2024_11_22-00_32_31) by extension 'ignore_ament_install'
[0.272s] Level 1:colcon.colcon_core.package_identification:_identify(src/EX1/rosbag2_2024_11_22-00_32_31) by extensions ['colcon_pkg']
[0.272s] Level 1:colcon.colcon_core.package_identification:_identify(src/EX1/rosbag2_2024_11_22-00_32_31) by extension 'colcon_pkg'
[0.272s] Level 1:colcon.colcon_core.package_identification:_identify(src/EX1/rosbag2_2024_11_22-00_32_31) by extensions ['colcon_meta']
[0.272s] Level 1:colcon.colcon_core.package_identification:_identify(src/EX1/rosbag2_2024_11_22-00_32_31) by extension 'colcon_meta'
[0.272s] Level 1:colcon.colcon_core.package_identification:_identify(src/EX1/rosbag2_2024_11_22-00_32_31) by extensions ['ros']
[0.272s] Level 1:colcon.colcon_core.package_identification:_identify(src/EX1/rosbag2_2024_11_22-00_32_31) by extension 'ros'
[0.272s] Level 1:colcon.colcon_core.package_identification:_identify(src/EX1/rosbag2_2024_11_22-00_32_31) by extensions ['cmake', 'python']
[0.272s] Level 1:colcon.colcon_core.package_identification:_identify(src/EX1/rosbag2_2024_11_22-00_32_31) by extension 'cmake'
[0.273s] Level 1:colcon.colcon_core.package_identification:_identify(src/EX1/rosbag2_2024_11_22-00_32_31) by extension 'python'
[0.273s] Level 1:colcon.colcon_core.package_identification:_identify(src/EX1/rosbag2_2024_11_22-00_32_31) by extensions ['python_setup_py']
[0.273s] Level 1:colcon.colcon_core.package_identification:_identify(src/EX1/rosbag2_2024_11_22-00_32_31) by extension 'python_setup_py'
[0.273s] Level 1:colcon.colcon_core.package_identification:_identify(src/EX1/sysmonitor_interfaces) by extensions ['ignore', 'ignore_ament_install']
[0.273s] Level 1:colcon.colcon_core.package_identification:_identify(src/EX1/sysmonitor_interfaces) by extension 'ignore'
[0.273s] Level 1:colcon.colcon_core.package_identification:_identify(src/EX1/sysmonitor_interfaces) by extension 'ignore_ament_install'
[0.273s] Level 1:colcon.colcon_core.package_identification:_identify(src/EX1/sysmonitor_interfaces) by extensions ['colcon_pkg']
[0.273s] Level 1:colcon.colcon_core.package_identification:_identify(src/EX1/sysmonitor_interfaces) by extension 'colcon_pkg'
[0.273s] Level 1:colcon.colcon_core.package_identification:_identify(src/EX1/sysmonitor_interfaces) by extensions ['colcon_meta']
[0.273s] Level 1:colcon.colcon_core.package_identification:_identify(src/EX1/sysmonitor_interfaces) by extension 'colcon_meta'
[0.273s] Level 1:colcon.colcon_core.package_identification:_identify(src/EX1/sysmonitor_interfaces) by extensions ['ros']
[0.273s] Level 1:colcon.colcon_core.package_identification:_identify(src/EX1/sysmonitor_interfaces) by extension 'ros'
[0.275s] DEBUG:colcon.colcon_core.package_identification:Package 'src/EX1/sysmonitor_interfaces' with type 'ros.ament_cmake' and name 'sysmonitor_interfaces'
[0.275s] Level 1:colcon.colcon_core.package_identification:_identify(src/sysmon_trigger_cpp) by extensions ['ignore', 'ignore_ament_install']
[0.275s] Level 1:colcon.colcon_core.package_identification:_identify(src/sysmon_trigger_cpp) by extension 'ignore'
[0.275s] Level 1:colcon.colcon_core.package_identification:_identify(src/sysmon_trigger_cpp) by extension 'ignore_ament_install'
[0.276s] Level 1:colcon.colcon_core.package_identification:_identify(src/sysmon_trigger_cpp) by extensions ['colcon_pkg']
[0.276s] Level 1:colcon.colcon_core.package_identification:_identify(src/sysmon_trigger_cpp) by extension 'colcon_pkg'
[0.276s] Level 1:colcon.colcon_core.package_identification:_identify(src/sysmon_trigger_cpp) by extensions ['colcon_meta']
[0.276s] Level 1:colcon.colcon_core.package_identification:_identify(src/sysmon_trigger_cpp) by extension 'colcon_meta'
[0.276s] Level 1:colcon.colcon_core.package_identification:_identify(src/sysmon_trigger_cpp) by extensions ['ros']
[0.276s] Level 1:colcon.colcon_core.package_identification:_identify(src/sysmon_trigger_cpp) by extension 'ros'
[0.276s] DEBUG:colcon.colcon_core.package_identification:Package 'src/sysmon_trigger_cpp' with type 'ros.ament_cmake' and name 'sysmon_trigger_cpp'
[0.276s] Level 1:colcon.colcon_core.package_discovery:discover_packages(recursive) using defaults
[0.276s] Level 1:colcon.colcon_core.package_discovery:discover_packages(ignore) discover
[0.276s] Level 1:colcon.colcon_core.package_discovery:discover_packages(ignore) using defaults
[0.276s] Level 1:colcon.colcon_core.package_discovery:discover_packages(path) discover
[0.277s] Level 1:colcon.colcon_core.package_discovery:discover_packages(path) using defaults
[0.304s] Level 1:colcon.colcon_core.package_discovery:discover_packages(prefix_path) check parameters
[0.304s] Level 1:colcon.colcon_core.package_discovery:discover_packages(prefix_path) discover
[0.306s] DEBUG:colcon.colcon_installed_package_information.package_discovery:Found 2 installed packages in /home/uninacorse/ros2_ws/install
[0.307s] DEBUG:colcon.colcon_installed_package_information.package_discovery:Found 327 installed packages in /opt/ros/humble
[0.309s] Level 1:colcon.colcon_core.package_discovery:discover_packages(prefix_path) using defaults
[0.348s] Level 5:colcon.colcon_core.verb:set package 'sysmonitor_interfaces' build argument 'cmake_args' from command line to 'None'
[0.349s] Level 5:colcon.colcon_core.verb:set package 'sysmonitor_interfaces' build argument 'cmake_target' from command line to 'None'
[0.349s] Level 5:colcon.colcon_core.verb:set package 'sysmonitor_interfaces' build argument 'cmake_target_skip_unavailable' from command line to 'False'
[0.349s] Level 5:colcon.colcon_core.verb:set package 'sysmonitor_interfaces' build argument 'cmake_clean_cache' from command line to 'False'
[0.349s] Level 5:colcon.colcon_core.verb:set package 'sysmonitor_interfaces' build argument 'cmake_clean_first' from command line to 'False'
[0.349s] Level 5:colcon.colcon_core.verb:set package 'sysmonitor_interfaces' build argument 'cmake_force_configure' from command line to 'False'
[0.349s] Level 5:colcon.colcon_core.verb:set package 'sysmonitor_interfaces' build argument 'ament_cmake_args' from command line to 'None'
[0.349s] Level 5:colcon.colcon_core.verb:set package 'sysmonitor_interfaces' build argument 'catkin_cmake_args' from command line to 'None'
[0.349s] Level 5:colcon.colcon_core.verb:set package 'sysmonitor_interfaces' build argument 'catkin_skip_building_tests' from command line to 'False'
[0.349s] DEBUG:colcon.colcon_core.verb:Building package 'sysmonitor_interfaces' with the following arguments: {'ament_cmake_args': None, 'build_base': '/home/uninacorse/ros2_ws/build/sysmonitor_interfaces', 'catkin_cmake_args': None, 'catkin_skip_building_tests': False, 'cmake_args': None, 'cmake_clean_cache': False, 'cmake_clean_first': False, 'cmake_force_configure': False, 'cmake_target': None, 'cmake_target_skip_unavailable': False, 'install_base': '/home/uninacorse/ros2_ws/install/sysmonitor_interfaces', 'merge_install': False, 'path': '/home/uninacorse/ros2_ws/src/EX1/sysmonitor_interfaces', 'symlink_install': False, 'test_result_base': None}
[0.349s] Level 5:colcon.colcon_core.verb:set package 'sysmon_trigger_cpp' build argument 'cmake_args' from command line to 'None'
[0.349s] Level 5:colcon.colcon_core.verb:set package 'sysmon_trigger_cpp' build argument 'cmake_target' from command line to 'None'
[0.349s] Level 5:colcon.colcon_core.verb:set package 'sysmon_trigger_cpp' build argument 'cmake_target_skip_unavailable' from command line to 'False'
[0.349s] Level 5:colcon.colcon_core.verb:set package 'sysmon_trigger_cpp' build argument 'cmake_clean_cache' from command line to 'False'
[0.349s] Level 5:colcon.colcon_core.verb:set package 'sysmon_trigger_cpp' build argument 'cmake_clean_first' from command line to 'False'
[0.349s] Level 5:colcon.colcon_core.verb:set package 'sysmon_trigger_cpp' build argument 'cmake_force_configure' from command line to 'False'
[0.349s] Level 5:colcon.colcon_core.verb:set package 'sysmon_trigger_cpp' build argument 'ament_cmake_args' from command line to 'None'
[0.349s] Level 5:colcon.colcon_core.verb:set package 'sysmon_trigger_cpp' build argument 'catkin_cmake_args' from command line to 'None'
[0.349s] Level 5:colcon.colcon_core.verb:set package 'sysmon_trigger_cpp' build argument 'catkin_skip_building_tests' from command line to 'False'
[0.349s] DEBUG:colcon.colcon_core.verb:Building package 'sysmon_trigger_cpp' with the following arguments: {'ament_cmake_args': None, 'build_base': '/home/uninacorse/ros2_ws/build/sysmon_trigger_cpp', 'catkin_cmake_args': None, 'catkin_skip_building_tests': False, 'cmake_args': None, 'cmake_clean_cache': False, 'cmake_clean_first': False, 'cmake_force_configure': False, 'cmake_target': None, 'cmake_target_skip_unavailable': False, 'install_base': '/home/uninacorse/ros2_ws/install/sysmon_trigger_cpp', 'merge_install': False, 'path': '/home/uninacorse/ros2_ws/src/sysmon_trigger_cpp', 'symlink_install': False, 'test_result_base': None}
[0.349s] INFO:colcon.colcon_core.executor:Executing jobs using 'parallel' executor
[0.350s] DEBUG:colcon.colcon_parallel_executor.executor.parallel:run_until_complete
[0.350s] INFO:colcon.colcon_ros.task.ament_cmake.build:Building ROS package in '/home/uninacorse/ros2_ws/src/EX1/sysmonitor_interfaces' with build type 'ament_cmake'
[0.351s] INFO:colcon.colcon_cmake.task.cmake.build:Building CMake package in '/home/uninacorse/ros2_ws/src/EX1/sysmonitor_interfaces'
[0.353s] INFO:colcon.colcon_core.plugin_system:Skipping extension 'colcon_core.shell.bat': Not used on non-Windows systems
[0.353s] INFO:colcon.colcon_core.shell:Skip shell extension 'powershell' for command environment: Not usable outside of PowerShell
[0.353s] DEBUG:colcon.colcon_core.shell:Skip shell extension 'dsv' for command environment
[0.362s] DEBUG:colcon.colcon_core.event_handler.log_command:Invoking command in '/home/uninacorse/ros2_ws/build/sysmonitor_interfaces': CMAKE_PREFIX_PATH=${CMAKE_PREFIX_PATH}:/opt/ros/humble /usr/bin/cmake --build /home/uninacorse/ros2_ws/build/sysmonitor_interfaces -- -j4 -l4
[0.731s] DEBUG:colcon.colcon_core.event_handler.log_command:Invoked command in '/home/uninacorse/ros2_ws/build/sysmonitor_interfaces' returned '0': CMAKE_PREFIX_PATH=${CMAKE_PREFIX_PATH}:/opt/ros/humble /usr/bin/cmake --build /home/uninacorse/ros2_ws/build/sysmonitor_interfaces -- -j4 -l4
[0.741s] DEBUG:colcon.colcon_core.event_handler.log_command:Invoking command in '/home/uninacorse/ros2_ws/build/sysmonitor_interfaces': CMAKE_PREFIX_PATH=${CMAKE_PREFIX_PATH}:/opt/ros/humble /usr/bin/cmake --install /home/uninacorse/ros2_ws/build/sysmonitor_interfaces
[0.794s] Level 1:colcon.colcon_core.environment:create_environment_scripts_only(sysmonitor_interfaces)
[0.794s] DEBUG:colcon.colcon_core.event_handler.log_command:Invoked command in '/home/uninacorse/ros2_ws/build/sysmonitor_interfaces' returned '0': CMAKE_PREFIX_PATH=${CMAKE_PREFIX_PATH}:/opt/ros/humble /usr/bin/cmake --install /home/uninacorse/ros2_ws/build/sysmonitor_interfaces
[0.796s] Level 1:colcon.colcon_core.environment:checking '/home/uninacorse/ros2_ws/install/sysmonitor_interfaces' for CMake module files
[0.797s] Level 1:colcon.colcon_core.environment:checking '/home/uninacorse/ros2_ws/install/sysmonitor_interfaces' for CMake config files
[0.797s] Level 1:colcon.colcon_core.shell:create_environment_hook('sysmonitor_interfaces', 'cmake_prefix_path')
[0.798s] INFO:colcon.colcon_core.shell:Creating environment hook '/home/uninacorse/ros2_ws/install/sysmonitor_interfaces/share/sysmonitor_interfaces/hook/cmake_prefix_path.ps1'
[0.798s] INFO:colcon.colcon_core.shell:Creating environment descriptor '/home/uninacorse/ros2_ws/install/sysmonitor_interfaces/share/sysmonitor_interfaces/hook/cmake_prefix_path.dsv'
[0.799s] INFO:colcon.colcon_core.shell:Creating environment hook '/home/uninacorse/ros2_ws/install/sysmonitor_interfaces/share/sysmonitor_interfaces/hook/cmake_prefix_path.sh'
[0.800s] Level 1:colcon.colcon_core.environment:checking '/home/uninacorse/ros2_ws/install/sysmonitor_interfaces/lib'
[0.800s] Level 1:colcon.colcon_core.shell:create_environment_hook('sysmonitor_interfaces', 'ld_library_path_lib')
[0.800s] INFO:colcon.colcon_core.shell:Creating environment hook '/home/uninacorse/ros2_ws/install/sysmonitor_interfaces/share/sysmonitor_interfaces/hook/ld_library_path_lib.ps1'
[0.800s] INFO:colcon.colcon_core.shell:Creating environment descriptor '/home/uninacorse/ros2_ws/install/sysmonitor_interfaces/share/sysmonitor_interfaces/hook/ld_library_path_lib.dsv'
[0.801s] INFO:colcon.colcon_core.shell:Creating environment hook '/home/uninacorse/ros2_ws/install/sysmonitor_interfaces/share/sysmonitor_interfaces/hook/ld_library_path_lib.sh'
[0.801s] Level 1:colcon.colcon_core.environment:checking '/home/uninacorse/ros2_ws/install/sysmonitor_interfaces/bin'
[0.802s] Level 1:colcon.colcon_core.environment:checking '/home/uninacorse/ros2_ws/install/sysmonitor_interfaces/lib/pkgconfig/sysmonitor_interfaces.pc'
[0.802s] Level 1:colcon.colcon_core.environment:checking '/home/uninacorse/ros2_ws/install/sysmonitor_interfaces/lib/python3.10/site-packages'
[0.802s] Level 1:colcon.colcon_core.environment:checking '/home/uninacorse/ros2_ws/install/sysmonitor_interfaces/bin'
[0.802s] INFO:colcon.colcon_core.shell:Creating package script '/home/uninacorse/ros2_ws/install/sysmonitor_interfaces/share/sysmonitor_interfaces/package.ps1'
[0.803s] INFO:colcon.colcon_core.shell:Creating package descriptor '/home/uninacorse/ros2_ws/install/sysmonitor_interfaces/share/sysmonitor_interfaces/package.dsv'
[0.804s] INFO:colcon.colcon_core.shell:Creating package script '/home/uninacorse/ros2_ws/install/sysmonitor_interfaces/share/sysmonitor_interfaces/package.sh'
[0.804s] INFO:colcon.colcon_core.shell:Creating package script '/home/uninacorse/ros2_ws/install/sysmonitor_interfaces/share/sysmonitor_interfaces/package.bash'
[0.805s] INFO:colcon.colcon_core.shell:Creating package script '/home/uninacorse/ros2_ws/install/sysmonitor_interfaces/share/sysmonitor_interfaces/package.zsh'
[0.806s] Level 1:colcon.colcon_core.environment:create_file_with_runtime_dependencies(/home/uninacorse/ros2_ws/install/sysmonitor_interfaces/share/colcon-core/packages/sysmonitor_interfaces)
[0.806s] Level 1:colcon.colcon_core.environment:create_environment_scripts_only(sysmonitor_interfaces)
[0.806s] Level 1:colcon.colcon_core.environment:checking '/home/uninacorse/ros2_ws/install/sysmonitor_interfaces' for CMake module files
[0.807s] Level 1:colcon.colcon_core.environment:checking '/home/uninacorse/ros2_ws/install/sysmonitor_interfaces' for CMake config files
[0.807s] Level 1:colcon.colcon_core.shell:create_environment_hook('sysmonitor_interfaces', 'cmake_prefix_path')
[0.808s] INFO:colcon.colcon_core.shell:Creating environment hook '/home/uninacorse/ros2_ws/install/sysmonitor_interfaces/share/sysmonitor_interfaces/hook/cmake_prefix_path.ps1'
[0.808s] INFO:colcon.colcon_core.shell:Creating environment descriptor '/home/uninacorse/ros2_ws/install/sysmonitor_interfaces/share/sysmonitor_interfaces/hook/cmake_prefix_path.dsv'
[0.808s] INFO:colcon.colcon_core.shell:Creating environment hook '/home/uninacorse/ros2_ws/install/sysmonitor_interfaces/share/sysmonitor_interfaces/hook/cmake_prefix_path.sh'
[0.809s] Level 1:colcon.colcon_core.environment:checking '/home/uninacorse/ros2_ws/install/sysmonitor_interfaces/lib'
[0.809s] Level 1:colcon.colcon_core.shell:create_environment_hook('sysmonitor_interfaces', 'ld_library_path_lib')
[0.809s] INFO:colcon.colcon_core.shell:Creating environment hook '/home/uninacorse/ros2_ws/install/sysmonitor_interfaces/share/sysmonitor_interfaces/hook/ld_library_path_lib.ps1'
[0.809s] INFO:colcon.colcon_core.shell:Creating environment descriptor '/home/uninacorse/ros2_ws/install/sysmonitor_interfaces/share/sysmonitor_interfaces/hook/ld_library_path_lib.dsv'
[0.810s] INFO:colcon.colcon_core.shell:Creating environment hook '/home/uninacorse/ros2_ws/install/sysmonitor_interfaces/share/sysmonitor_interfaces/hook/ld_library_path_lib.sh'
[0.810s] Level 1:colcon.colcon_core.environment:checking '/home/uninacorse/ros2_ws/install/sysmonitor_interfaces/bin'
[0.810s] Level 1:colcon.colcon_core.environment:checking '/home/uninacorse/ros2_ws/install/sysmonitor_interfaces/lib/pkgconfig/sysmonitor_interfaces.pc'
[0.810s] Level 1:colcon.colcon_core.environment:checking '/home/uninacorse/ros2_ws/install/sysmonitor_interfaces/lib/python3.10/site-packages'
[0.811s] Level 1:colcon.colcon_core.environment:checking '/home/uninacorse/ros2_ws/install/sysmonitor_interfaces/bin'
[0.811s] INFO:colcon.colcon_core.shell:Creating package script '/home/uninacorse/ros2_ws/install/sysmonitor_interfaces/share/sysmonitor_interfaces/package.ps1'
[0.811s] INFO:colcon.colcon_core.shell:Creating package descriptor '/home/uninacorse/ros2_ws/install/sysmonitor_interfaces/share/sysmonitor_interfaces/package.dsv'
[0.812s] INFO:colcon.colcon_core.shell:Creating package script '/home/uninacorse/ros2_ws/install/sysmonitor_interfaces/share/sysmonitor_interfaces/package.sh'
[0.812s] INFO:colcon.colcon_core.shell:Creating package script '/home/uninacorse/ros2_ws/install/sysmonitor_interfaces/share/sysmonitor_interfaces/package.bash'
[0.813s] INFO:colcon.colcon_core.shell:Creating package script '/home/uninacorse/ros2_ws/install/sysmonitor_interfaces/share/sysmonitor_interfaces/package.zsh'
[0.813s] Level 1:colcon.colcon_core.environment:create_file_with_runtime_dependencies(/home/uninacorse/ros2_ws/install/sysmonitor_interfaces/share/colcon-core/packages/sysmonitor_interfaces)
[0.813s] INFO:colcon.colcon_ros.task.ament_cmake.build:Building ROS package in '/home/uninacorse/ros2_ws/src/sysmon_trigger_cpp' with build type 'ament_cmake'
[0.813s] INFO:colcon.colcon_cmake.task.cmake.build:Building CMake package in '/home/uninacorse/ros2_ws/src/sysmon_trigger_cpp'
[0.814s] INFO:colcon.colcon_core.shell:Skip shell extension 'powershell' for command environment: Not usable outside of PowerShell
[0.814s] DEBUG:colcon.colcon_core.shell:Skip shell extension 'dsv' for command environment
[0.823s] DEBUG:colcon.colcon_core.event_handler.log_command:Invoking command in '/home/uninacorse/ros2_ws/build/sysmon_trigger_cpp': CMAKE_PREFIX_PATH=/home/uninacorse/ros2_ws/install/sysmonitor_interfaces:/home/uninacorse/ros2_ws/install/sysmon_trigger_cpp:/opt/ros/humble /usr/bin/cmake --build /home/uninacorse/ros2_ws/build/sysmon_trigger_cpp -- -j4 -l4
[0.900s] DEBUG:colcon.colcon_core.event_handler.log_command:Invoked command in '/home/uninacorse/ros2_ws/build/sysmon_trigger_cpp' returned '0': CMAKE_PREFIX_PATH=/home/uninacorse/ros2_ws/install/sysmonitor_interfaces:/home/uninacorse/ros2_ws/install/sysmon_trigger_cpp:/opt/ros/humble /usr/bin/cmake --build /home/uninacorse/ros2_ws/build/sysmon_trigger_cpp -- -j4 -l4
[0.902s] DEBUG:colcon.colcon_core.event_handler.log_command:Invoking command in '/home/uninacorse/ros2_ws/build/sysmon_trigger_cpp': CMAKE_PREFIX_PATH=/home/uninacorse/ros2_ws/install/sysmonitor_interfaces:/home/uninacorse/ros2_ws/install/sysmon_trigger_cpp:/opt/ros/humble /usr/bin/cmake --install /home/uninacorse/ros2_ws/build/sysmon_trigger_cpp
[0.912s] Level 1:colcon.colcon_core.environment:create_environment_scripts_only(sysmon_trigger_cpp)
[0.912s] Level 1:colcon.colcon_core.environment:checking '/home/uninacorse/ros2_ws/install/sysmon_trigger_cpp' for CMake module files
[0.912s] DEBUG:colcon.colcon_core.event_handler.log_command:Invoked command in '/home/uninacorse/ros2_ws/build/sysmon_trigger_cpp' returned '0': CMAKE_PREFIX_PATH=/home/uninacorse/ros2_ws/install/sysmonitor_interfaces:/home/uninacorse/ros2_ws/install/sysmon_trigger_cpp:/opt/ros/humble /usr/bin/cmake --install /home/uninacorse/ros2_ws/build/sysmon_trigger_cpp
[0.913s] Level 1:colcon.colcon_core.environment:checking '/home/uninacorse/ros2_ws/install/sysmon_trigger_cpp' for CMake config files
[0.913s] Level 1:colcon.colcon_core.shell:create_environment_hook('sysmon_trigger_cpp', 'cmake_prefix_path')
[0.913s] INFO:colcon.colcon_core.shell:Creating environment hook '/home/uninacorse/ros2_ws/install/sysmon_trigger_cpp/share/sysmon_trigger_cpp/hook/cmake_prefix_path.ps1'
[0.914s] INFO:colcon.colcon_core.shell:Creating environment descriptor '/home/uninacorse/ros2_ws/install/sysmon_trigger_cpp/share/sysmon_trigger_cpp/hook/cmake_prefix_path.dsv'
[0.914s] INFO:colcon.colcon_core.shell:Creating environment hook '/home/uninacorse/ros2_ws/install/sysmon_trigger_cpp/share/sysmon_trigger_cpp/hook/cmake_prefix_path.sh'
[0.916s] Level 1:colcon.colcon_core.environment:checking '/home/uninacorse/ros2_ws/install/sysmon_trigger_cpp/lib'
[0.916s] Level 1:colcon.colcon_core.environment:checking '/home/uninacorse/ros2_ws/install/sysmon_trigger_cpp/bin'
[0.916s] Level 1:colcon.colcon_core.environment:checking '/home/uninacorse/ros2_ws/install/sysmon_trigger_cpp/lib/pkgconfig/sysmon_trigger_cpp.pc'
[0.916s] Level 1:colcon.colcon_core.environment:checking '/home/uninacorse/ros2_ws/install/sysmon_trigger_cpp/lib/python3.10/site-packages'
[0.916s] Level 1:colcon.colcon_core.environment:checking '/home/uninacorse/ros2_ws/install/sysmon_trigger_cpp/bin'
[0.916s] INFO:colcon.colcon_core.shell:Creating package script '/home/uninacorse/ros2_ws/install/sysmon_trigger_cpp/share/sysmon_trigger_cpp/package.ps1'
[0.917s] INFO:colcon.colcon_core.shell:Creating package descriptor '/home/uninacorse/ros2_ws/install/sysmon_trigger_cpp/share/sysmon_trigger_cpp/package.dsv'
[0.917s] INFO:colcon.colcon_core.shell:Creating package script '/home/uninacorse/ros2_ws/install/sysmon_trigger_cpp/share/sysmon_trigger_cpp/package.sh'
[0.918s] INFO:colcon.colcon_core.shell:Creating package script '/home/uninacorse/ros2_ws/install/sysmon_trigger_cpp/share/sysmon_trigger_cpp/package.bash'
[0.918s] INFO:colcon.colcon_core.shell:Creating package script '/home/uninacorse/ros2_ws/install/sysmon_trigger_cpp/share/sysmon_trigger_cpp/package.zsh'
[0.918s] Level 1:colcon.colcon_core.environment:create_file_with_runtime_dependencies(/home/uninacorse/ros2_ws/install/sysmon_trigger_cpp/share/colcon-core/packages/sysmon_trigger_cpp)
[0.919s] Level 1:colcon.colcon_core.environment:create_environment_scripts_only(sysmon_trigger_cpp)
[0.919s] Level 1:colcon.colcon_core.environment:checking '/home/uninacorse/ros2_ws/install/sysmon_trigger_cpp' for CMake module files
[0.919s] Level 1:colcon.colcon_core.environment:checking '/home/uninacorse/ros2_ws/install/sysmon_trigger_cpp' for CMake config files
[0.920s] Level 1:colcon.colcon_core.shell:create_environment_hook('sysmon_trigger_cpp', 'cmake_prefix_path')
[0.920s] INFO:colcon.colcon_core.shell:Creating environment hook '/home/uninacorse/ros2_ws/install/sysmon_trigger_cpp/share/sysmon_trigger_cpp/hook/cmake_prefix_path.ps1'
[0.920s] INFO:colcon.colcon_core.shell:Creating environment descriptor '/home/uninacorse/ros2_ws/install/sysmon_trigger_cpp/share/sysmon_trigger_cpp/hook/cmake_prefix_path.dsv'
[0.920s] INFO:colcon.colcon_core.shell:Creating environment hook '/home/uninacorse/ros2_ws/install/sysmon_trigger_cpp/share/sysmon_trigger_cpp/hook/cmake_prefix_path.sh'
[0.921s] Level 1:colcon.colcon_core.environment:checking '/home/uninacorse/ros2_ws/install/sysmon_trigger_cpp/lib'
[0.921s] Level 1:colcon.colcon_core.environment:checking '/home/uninacorse/ros2_ws/install/sysmon_trigger_cpp/bin'
[0.921s] Level 1:colcon.colcon_core.environment:checking '/home/uninacorse/ros2_ws/install/sysmon_trigger_cpp/lib/pkgconfig/sysmon_trigger_cpp.pc'
[0.921s] Level 1:colcon.colcon_core.environment:checking '/home/uninacorse/ros2_ws/install/sysmon_trigger_cpp/lib/python3.10/site-packages'
[0.922s] Level 1:colcon.colcon_core.environment:checking '/home/uninacorse/ros2_ws/install/sysmon_trigger_cpp/bin'
[0.922s] INFO:colcon.colcon_core.shell:Creating package script '/home/uninacorse/ros2_ws/install/sysmon_trigger_cpp/share/sysmon_trigger_cpp/package.ps1'
[0.922s] INFO:colcon.colcon_core.shell:Creating package descriptor '/home/uninacorse/ros2_ws/install/sysmon_trigger_cpp/share/sysmon_trigger_cpp/package.dsv'
[0.923s] INFO:colcon.colcon_core.shell:Creating package script '/home/uninacorse/ros2_ws/install/sysmon_trigger_cpp/share/sysmon_trigger_cpp/package.sh'
[0.923s] INFO:colcon.colcon_core.shell:Creating package script '/home/uninacorse/ros2_ws/install/sysmon_trigger_cpp/share/sysmon_trigger_cpp/package.bash'
[0.923s] INFO:colcon.colcon_core.shell:Creating package script '/home/uninacorse/ros2_ws/install/sysmon_trigger_cpp/share/sysmon_trigger_cpp/package.zsh'
[0.924s] Level 1:colcon.colcon_core.environment:create_file_with_runtime_dependencies(/home/uninacorse/ros2_ws/install/sysmon_trigger_cpp/share/colcon-core/packages/sysmon_trigger_cpp)
[0.924s] DEBUG:colcon.colcon_parallel_executor.executor.parallel:closing loop
[0.924s] DEBUG:colcon.colcon_parallel_executor.executor.parallel:loop closed
[0.924s] DEBUG:colcon.colcon_parallel_executor.executor.parallel:run_until_complete finished with '0'
[0.924s] DEBUG:colcon.colcon_core.event_reactor:joining thread
[0.929s] INFO:colcon.colcon_core.plugin_system:Skipping extension 'colcon_notification.desktop_notification.terminal_notifier': Not used on non-Darwin systems
[0.930s] INFO:colcon.colcon_core.plugin_system:Skipping extension 'colcon_notification.desktop_notification.win32': Not used on non-Windows systems
[0.930s] INFO:colcon.colcon_notification.desktop_notification:Sending desktop notification using 'notify2'
[0.943s] DEBUG:colcon.colcon_core.event_reactor:joined thread
[0.943s] INFO:colcon.colcon_core.shell:Creating prefix script '/home/uninacorse/ros2_ws/install/local_setup.ps1'
[0.944s] INFO:colcon.colcon_core.shell:Creating prefix util module '/home/uninacorse/ros2_ws/install/_local_setup_util_ps1.py'
[0.946s] INFO:colcon.colcon_core.shell:Creating prefix chain script '/home/uninacorse/ros2_ws/install/setup.ps1'
[0.947s] INFO:colcon.colcon_core.shell:Creating prefix script '/home/uninacorse/ros2_ws/install/local_setup.sh'
[0.948s] INFO:colcon.colcon_core.shell:Creating prefix util module '/home/uninacorse/ros2_ws/install/_local_setup_util_sh.py'
[0.948s] INFO:colcon.colcon_core.shell:Creating prefix chain script '/home/uninacorse/ros2_ws/install/setup.sh'
[0.949s] INFO:colcon.colcon_core.shell:Creating prefix script '/home/uninacorse/ros2_ws/install/local_setup.bash'
[0.950s] INFO:colcon.colcon_core.shell:Creating prefix chain script '/home/uninacorse/ros2_ws/install/setup.bash'
[0.951s] INFO:colcon.colcon_core.shell:Creating prefix script '/home/uninacorse/ros2_ws/install/local_setup.zsh'
[0.951s] INFO:colcon.colcon_core.shell:Creating prefix chain script '/home/uninacorse/ros2_ws/install/setup.zsh'
