[0.010s] Invoking command in '/home/uninacorse/ex2_ws/build/sysmonitor_interfaces': CMAKE_PREFIX_PATH=/opt/ros/humble /usr/bin/cmake /home/uninacorse/ex2_ws/src/EX2/sysmonitor_interfaces -DCMAKE_INSTALL_PREFIX=/home/uninacorse/ex2_ws/install/sysmonitor_interfaces
[0.299s] -- The C compiler identification is GNU 11.4.0
[0.476s] -- The CXX compiler identification is GNU 11.4.0
[0.491s] -- Detecting C compiler ABI info
[0.574s] -- Detecting C compiler ABI info - done
[0.580s] -- Check for working C compiler: /usr/bin/cc - skipped
[0.581s] -- Detecting C compile features
[0.582s] -- Detecting C compile features - done
[0.592s] -- Detecting CXX compiler ABI info
[0.681s] -- Detecting CXX compiler ABI info - done
[0.686s] -- Check for working CXX compiler: /usr/bin/c++ - skipped
[0.686s] -- Detecting CXX compile features
[0.687s] -- Detecting CXX compile features - done
[0.694s] -- Found ament_cmake: 1.3.12 (/opt/ros/humble/share/ament_cmake/cmake)
[0.844s] -- Found Python3: /usr/bin/python3 (found version "3.10.12") found components: Interpreter 
[0.960s] -- Found rosidl_default_generators: 1.2.0 (/opt/ros/humble/share/rosidl_default_generators/cmake)
[0.965s] -- Using all available rosidl_typesupport_c: rosidl_typesupport_fastrtps_c;rosidl_typesupport_introspection_c
[0.977s] -- Found rosidl_adapter: 3.1.7 (/opt/ros/humble/share/rosidl_adapter/cmake)
[1.051s] -- Using all available rosidl_typesupport_cpp: rosidl_typesupport_fastrtps_cpp;rosidl_typesupport_introspection_cpp
[1.343s] -- Found ament_cmake_ros: 0.10.0 (/opt/ros/humble/share/ament_cmake_ros/cmake)
[1.526s] -- Using all available rosidl_typesupport_c: rosidl_typesupport_fastrtps_c;rosidl_typesupport_introspection_c
[1.759s] -- Using all available rosidl_typesupport_cpp: rosidl_typesupport_fastrtps_cpp;rosidl_typesupport_introspection_cpp
[1.780s] -- Found PythonInterp: /usr/bin/python3 (found suitable version "3.10.12", minimum required is "3.6") 
[1.783s] -- Found python_cmake_module: 0.10.0 (/opt/ros/humble/share/python_cmake_module/cmake)
[1.809s] -- Found PythonLibs: /usr/lib/x86_64-linux-gnu/libpython3.10.so (found suitable version "3.10.12", minimum required is "3.5") 
[1.809s] -- Using PYTHON_EXECUTABLE: /usr/bin/python3
[1.809s] -- Using PYTHON_INCLUDE_DIRS: /usr/include/python3.10
[1.809s] -- Using PYTHON_LIBRARIES: /usr/lib/x86_64-linux-gnu/libpython3.10.so
[1.829s] -- Found PythonExtra: .so  
[1.866s] -- Found ament_lint_auto: 0.12.14 (/opt/ros/humble/share/ament_lint_auto/cmake)
[1.904s] -- Added test 'copyright' to check source files copyright and LICENSE
[1.907s] -- Added test 'lint_cmake' to check CMake code style
[1.909s] -- Added test 'xmllint' to check XML markup files
[1.912s] -- Configuring done
[1.949s] -- Generating done
[1.961s] -- Build files have been written to: /home/uninacorse/ex2_ws/build/sysmonitor_interfaces
[1.966s] Invoked command in '/home/uninacorse/ex2_ws/build/sysmonitor_interfaces' returned '0': CMAKE_PREFIX_PATH=/opt/ros/humble /usr/bin/cmake /home/uninacorse/ex2_ws/src/EX2/sysmonitor_interfaces -DCMAKE_INSTALL_PREFIX=/home/uninacorse/ex2_ws/install/sysmonitor_interfaces
[1.968s] Invoking command in '/home/uninacorse/ex2_ws/build/sysmonitor_interfaces': CMAKE_PREFIX_PATH=/opt/ros/humble /usr/bin/cmake --build /home/uninacorse/ex2_ws/build/sysmonitor_interfaces -- -j4 -l4
[2.007s] [  3%] [34m[1mGenerating C code for ROS interfaces[0m
[2.017s] [  6%] [34m[1mGenerating C++ code for ROS interfaces[0m
[2.031s] [  6%] Built target ament_cmake_python_copy_sysmonitor_interfaces
[2.323s] running egg_info
[2.323s] creating sysmonitor_interfaces.egg-info
[2.324s] writing sysmonitor_interfaces.egg-info/PKG-INFO
[2.324s] writing dependency_links to sysmonitor_interfaces.egg-info/dependency_links.txt
[2.324s] writing top-level names to sysmonitor_interfaces.egg-info/top_level.txt
[2.325s] writing manifest file 'sysmonitor_interfaces.egg-info/SOURCES.txt'
[2.328s] reading manifest file 'sysmonitor_interfaces.egg-info/SOURCES.txt'
[2.328s] writing manifest file 'sysmonitor_interfaces.egg-info/SOURCES.txt'
[2.333s] [  6%] Built target sysmonitor_interfaces__cpp
[2.345s] [  9%] [34m[1mGenerating C++ type support dispatch for ROS interfaces[0m
[2.350s] [ 12%] [34m[1mGenerating C++ type support for eProsima Fast-RTPS[0m
[2.365s] [ 16%] [32mBuilding C object CMakeFiles/sysmonitor_interfaces__rosidl_generator_c.dir/rosidl_generator_c/sysmonitor_interfaces/msg/detail/sysmon__functions.c.o[0m
[2.370s] [ 16%] Built target ament_cmake_python_build_sysmonitor_interfaces_egg
[2.388s] [ 19%] [34m[1mGenerating C++ introspection for ROS interfaces[0m
[2.492s] [ 22%] [32m[1mLinking C shared library libsysmonitor_interfaces__rosidl_generator_c.so[0m
[2.532s] [ 22%] Built target sysmonitor_interfaces__rosidl_generator_c
[2.552s] [ 25%] [34m[1mGenerating C type support for eProsima Fast-RTPS[0m
[2.600s] [ 29%] [32mBuilding CXX object CMakeFiles/sysmonitor_interfaces__rosidl_typesupport_cpp.dir/rosidl_typesupport_cpp/sysmonitor_interfaces/msg/sysmon__type_support.cpp.o[0m
[2.666s] [ 32%] [32mBuilding CXX object CMakeFiles/sysmonitor_interfaces__rosidl_typesupport_fastrtps_cpp.dir/rosidl_typesupport_fastrtps_cpp/sysmonitor_interfaces/msg/detail/dds_fastrtps/sysmon__type_support.cpp.o[0m
[2.729s] [ 35%] [32mBuilding CXX object CMakeFiles/sysmonitor_interfaces__rosidl_typesupport_introspection_cpp.dir/rosidl_typesupport_introspection_cpp/sysmonitor_interfaces/msg/detail/sysmon__type_support.cpp.o[0m
[2.881s] [ 38%] [32mBuilding CXX object CMakeFiles/sysmonitor_interfaces__rosidl_typesupport_fastrtps_c.dir/rosidl_typesupport_fastrtps_c/sysmonitor_interfaces/msg/detail/sysmon__type_support_c.cpp.o[0m
[3.084s] [ 41%] [32m[1mLinking CXX shared library libsysmonitor_interfaces__rosidl_typesupport_cpp.so[0m
[3.132s] [ 41%] Built target sysmonitor_interfaces__rosidl_typesupport_cpp
[3.154s] [ 45%] [34m[1mGenerating C introspection for ROS interfaces[0m
[3.235s] [ 48%] [32m[1mLinking CXX shared library libsysmonitor_interfaces__rosidl_typesupport_introspection_cpp.so[0m
[3.283s] [ 51%] [32m[1mLinking CXX shared library libsysmonitor_interfaces__rosidl_typesupport_fastrtps_cpp.so[0m
[3.314s] [ 51%] Built target sysmonitor_interfaces__rosidl_typesupport_introspection_cpp
[3.326s] [ 54%] [34m[1mGenerating C type support dispatch for ROS interfaces[0m
[3.340s] [ 58%] [32m[1mLinking CXX shared library libsysmonitor_interfaces__rosidl_typesupport_fastrtps_c.so[0m
[3.417s] [ 58%] Built target sysmonitor_interfaces__rosidl_typesupport_fastrtps_cpp
[3.454s] [ 58%] Built target sysmonitor_interfaces__rosidl_typesupport_fastrtps_c
[3.480s] [ 61%] [32mBuilding C object CMakeFiles/sysmonitor_interfaces__rosidl_typesupport_introspection_c.dir/rosidl_typesupport_introspection_c/sysmonitor_interfaces/msg/detail/sysmon__type_support.c.o[0m
[3.519s] [ 64%] [32m[1mLinking C shared library libsysmonitor_interfaces__rosidl_typesupport_introspection_c.so[0m
[3.559s] [ 64%] Built target sysmonitor_interfaces__rosidl_typesupport_introspection_c
[3.581s] [ 67%] [32mBuilding CXX object CMakeFiles/sysmonitor_interfaces__rosidl_typesupport_c.dir/rosidl_typesupport_c/sysmonitor_interfaces/msg/sysmon__type_support.cpp.o[0m
[3.611s] [ 70%] [32m[1mLinking CXX shared library libsysmonitor_interfaces__rosidl_typesupport_c.so[0m
[3.651s] [ 70%] Built target sysmonitor_interfaces__rosidl_typesupport_c
[3.672s] [ 70%] Built target sysmonitor_interfaces
[3.693s] [ 74%] [34m[1mGenerating Python code for ROS interfaces[0m
[3.994s] [ 74%] Built target sysmonitor_interfaces__py
[4.016s] [ 77%] [32mBuilding C object CMakeFiles/sysmonitor_interfaces__rosidl_generator_py.dir/rosidl_generator_py/sysmonitor_interfaces/msg/_sysmon_s.c.o[0m
[4.253s] [ 80%] [32m[1mLinking C shared library rosidl_generator_py/sysmonitor_interfaces/libsysmonitor_interfaces__rosidl_generator_py.so[0m
[4.295s] [ 80%] Built target sysmonitor_interfaces__rosidl_generator_py
[4.318s] [ 87%] [32mBuilding C object CMakeFiles/sysmonitor_interfaces__rosidl_typesupport_fastrtps_c__pyext.dir/rosidl_generator_py/sysmonitor_interfaces/_sysmonitor_interfaces_s.ep.rosidl_typesupport_fastrtps_c.c.o[0m
[4.318s] [ 87%] [32mBuilding C object CMakeFiles/sysmonitor_interfaces__rosidl_typesupport_c__pyext.dir/rosidl_generator_py/sysmonitor_interfaces/_sysmonitor_interfaces_s.ep.rosidl_typesupport_c.c.o[0m
[4.322s] [ 90%] [32mBuilding C object CMakeFiles/sysmonitor_interfaces__rosidl_typesupport_introspection_c__pyext.dir/rosidl_generator_py/sysmonitor_interfaces/_sysmonitor_interfaces_s.ep.rosidl_typesupport_introspection_c.c.o[0m
[4.425s] [ 93%] [32m[1mLinking C shared library rosidl_generator_py/sysmonitor_interfaces/sysmonitor_interfaces_s__rosidl_typesupport_c.cpython-310-x86_64-linux-gnu.so[0m
[4.428s] [ 96%] [32m[1mLinking C shared library rosidl_generator_py/sysmonitor_interfaces/sysmonitor_interfaces_s__rosidl_typesupport_introspection_c.cpython-310-x86_64-linux-gnu.so[0m
[4.432s] [100%] [32m[1mLinking C shared library rosidl_generator_py/sysmonitor_interfaces/sysmonitor_interfaces_s__rosidl_typesupport_fastrtps_c.cpython-310-x86_64-linux-gnu.so[0m
[4.469s] [100%] Built target sysmonitor_interfaces__rosidl_typesupport_introspection_c__pyext
[4.470s] [100%] Built target sysmonitor_interfaces__rosidl_typesupport_c__pyext
[4.485s] [100%] Built target sysmonitor_interfaces__rosidl_typesupport_fastrtps_c__pyext
[4.499s] Invoked command in '/home/uninacorse/ex2_ws/build/sysmonitor_interfaces' returned '0': CMAKE_PREFIX_PATH=/opt/ros/humble /usr/bin/cmake --build /home/uninacorse/ex2_ws/build/sysmonitor_interfaces -- -j4 -l4
[4.509s] Invoking command in '/home/uninacorse/ex2_ws/build/sysmonitor_interfaces': CMAKE_PREFIX_PATH=/opt/ros/humble /usr/bin/cmake --install /home/uninacorse/ex2_ws/build/sysmonitor_interfaces
[4.516s] -- Install configuration: ""
[4.516s] -- Installing: /home/uninacorse/ex2_ws/install/sysmonitor_interfaces/share/ament_index/resource_index/rosidl_interfaces/sysmonitor_interfaces
[4.517s] -- Installing: /home/uninacorse/ex2_ws/install/sysmonitor_interfaces/include/sysmonitor_interfaces/sysmonitor_interfaces
[4.517s] -- Installing: /home/uninacorse/ex2_ws/install/sysmonitor_interfaces/include/sysmonitor_interfaces/sysmonitor_interfaces/msg
[4.517s] -- Installing: /home/uninacorse/ex2_ws/install/sysmonitor_interfaces/include/sysmonitor_interfaces/sysmonitor_interfaces/msg/sysmon.h
[4.517s] -- Installing: /home/uninacorse/ex2_ws/install/sysmonitor_interfaces/include/sysmonitor_interfaces/sysmonitor_interfaces/msg/detail
[4.517s] -- Installing: /home/uninacorse/ex2_ws/install/sysmonitor_interfaces/include/sysmonitor_interfaces/sysmonitor_interfaces/msg/detail/sysmon__type_support.h
[4.517s] -- Installing: /home/uninacorse/ex2_ws/install/sysmonitor_interfaces/include/sysmonitor_interfaces/sysmonitor_interfaces/msg/detail/sysmon__functions.c
[4.517s] -- Installing: /home/uninacorse/ex2_ws/install/sysmonitor_interfaces/include/sysmonitor_interfaces/sysmonitor_interfaces/msg/detail/sysmon__struct.h
[4.517s] -- Installing: /home/uninacorse/ex2_ws/install/sysmonitor_interfaces/include/sysmonitor_interfaces/sysmonitor_interfaces/msg/detail/sysmon__functions.h
[4.517s] -- Installing: /home/uninacorse/ex2_ws/install/sysmonitor_interfaces/include/sysmonitor_interfaces/sysmonitor_interfaces/msg/rosidl_generator_c__visibility_control.h
[4.517s] -- Installing: /home/uninacorse/ex2_ws/install/sysmonitor_interfaces/share/sysmonitor_interfaces/environment/library_path.sh
[4.517s] -- Installing: /home/uninacorse/ex2_ws/install/sysmonitor_interfaces/share/sysmonitor_interfaces/environment/library_path.dsv
[4.517s] -- Installing: /home/uninacorse/ex2_ws/install/sysmonitor_interfaces/lib/libsysmonitor_interfaces__rosidl_generator_c.so
[4.517s] -- Set runtime path of "/home/uninacorse/ex2_ws/install/sysmonitor_interfaces/lib/libsysmonitor_interfaces__rosidl_generator_c.so" to ""
[4.518s] -- Up-to-date: /home/uninacorse/ex2_ws/install/sysmonitor_interfaces/include/sysmonitor_interfaces/sysmonitor_interfaces
[4.518s] -- Up-to-date: /home/uninacorse/ex2_ws/install/sysmonitor_interfaces/include/sysmonitor_interfaces/sysmonitor_interfaces/msg
[4.518s] -- Installing: /home/uninacorse/ex2_ws/install/sysmonitor_interfaces/include/sysmonitor_interfaces/sysmonitor_interfaces/msg/rosidl_typesupport_fastrtps_c__visibility_control.h
[4.518s] -- Up-to-date: /home/uninacorse/ex2_ws/install/sysmonitor_interfaces/include/sysmonitor_interfaces/sysmonitor_interfaces/msg/detail
[4.518s] -- Installing: /home/uninacorse/ex2_ws/install/sysmonitor_interfaces/include/sysmonitor_interfaces/sysmonitor_interfaces/msg/detail/sysmon__rosidl_typesupport_fastrtps_c.h
[4.518s] -- Installing: /home/uninacorse/ex2_ws/install/sysmonitor_interfaces/lib/libsysmonitor_interfaces__rosidl_typesupport_fastrtps_c.so
[4.519s] -- Set runtime path of "/home/uninacorse/ex2_ws/install/sysmonitor_interfaces/lib/libsysmonitor_interfaces__rosidl_typesupport_fastrtps_c.so" to ""
[4.519s] -- Up-to-date: /home/uninacorse/ex2_ws/install/sysmonitor_interfaces/include/sysmonitor_interfaces/sysmonitor_interfaces
[4.519s] -- Up-to-date: /home/uninacorse/ex2_ws/install/sysmonitor_interfaces/include/sysmonitor_interfaces/sysmonitor_interfaces/msg
[4.519s] -- Installing: /home/uninacorse/ex2_ws/install/sysmonitor_interfaces/include/sysmonitor_interfaces/sysmonitor_interfaces/msg/rosidl_typesupport_introspection_c__visibility_control.h
[4.519s] -- Up-to-date: /home/uninacorse/ex2_ws/install/sysmonitor_interfaces/include/sysmonitor_interfaces/sysmonitor_interfaces/msg/detail
[4.519s] -- Installing: /home/uninacorse/ex2_ws/install/sysmonitor_interfaces/include/sysmonitor_interfaces/sysmonitor_interfaces/msg/detail/sysmon__type_support.c
[4.519s] -- Installing: /home/uninacorse/ex2_ws/install/sysmonitor_interfaces/include/sysmonitor_interfaces/sysmonitor_interfaces/msg/detail/sysmon__rosidl_typesupport_introspection_c.h
[4.519s] -- Installing: /home/uninacorse/ex2_ws/install/sysmonitor_interfaces/lib/libsysmonitor_interfaces__rosidl_typesupport_introspection_c.so
[4.519s] -- Set runtime path of "/home/uninacorse/ex2_ws/install/sysmonitor_interfaces/lib/libsysmonitor_interfaces__rosidl_typesupport_introspection_c.so" to ""
[4.520s] -- Installing: /home/uninacorse/ex2_ws/install/sysmonitor_interfaces/lib/libsysmonitor_interfaces__rosidl_typesupport_c.so
[4.520s] -- Set runtime path of "/home/uninacorse/ex2_ws/install/sysmonitor_interfaces/lib/libsysmonitor_interfaces__rosidl_typesupport_c.so" to ""
[4.520s] -- Up-to-date: /home/uninacorse/ex2_ws/install/sysmonitor_interfaces/include/sysmonitor_interfaces/sysmonitor_interfaces
[4.520s] -- Up-to-date: /home/uninacorse/ex2_ws/install/sysmonitor_interfaces/include/sysmonitor_interfaces/sysmonitor_interfaces/msg
[4.520s] -- Installing: /home/uninacorse/ex2_ws/install/sysmonitor_interfaces/include/sysmonitor_interfaces/sysmonitor_interfaces/msg/sysmon.hpp
[4.520s] -- Installing: /home/uninacorse/ex2_ws/install/sysmonitor_interfaces/include/sysmonitor_interfaces/sysmonitor_interfaces/msg/rosidl_generator_cpp__visibility_control.hpp
[4.521s] -- Up-to-date: /home/uninacorse/ex2_ws/install/sysmonitor_interfaces/include/sysmonitor_interfaces/sysmonitor_interfaces/msg/detail
[4.521s] -- Installing: /home/uninacorse/ex2_ws/install/sysmonitor_interfaces/include/sysmonitor_interfaces/sysmonitor_interfaces/msg/detail/sysmon__type_support.hpp
[4.521s] -- Installing: /home/uninacorse/ex2_ws/install/sysmonitor_interfaces/include/sysmonitor_interfaces/sysmonitor_interfaces/msg/detail/sysmon__builder.hpp
[4.521s] -- Installing: /home/uninacorse/ex2_ws/install/sysmonitor_interfaces/include/sysmonitor_interfaces/sysmonitor_interfaces/msg/detail/sysmon__traits.hpp
[4.521s] -- Installing: /home/uninacorse/ex2_ws/install/sysmonitor_interfaces/include/sysmonitor_interfaces/sysmonitor_interfaces/msg/detail/sysmon__struct.hpp
[4.521s] -- Up-to-date: /home/uninacorse/ex2_ws/install/sysmonitor_interfaces/include/sysmonitor_interfaces/sysmonitor_interfaces
[4.521s] -- Up-to-date: /home/uninacorse/ex2_ws/install/sysmonitor_interfaces/include/sysmonitor_interfaces/sysmonitor_interfaces/msg
[4.522s] -- Installing: /home/uninacorse/ex2_ws/install/sysmonitor_interfaces/include/sysmonitor_interfaces/sysmonitor_interfaces/msg/rosidl_typesupport_fastrtps_cpp__visibility_control.h
[4.522s] -- Up-to-date: /home/uninacorse/ex2_ws/install/sysmonitor_interfaces/include/sysmonitor_interfaces/sysmonitor_interfaces/msg/detail
[4.522s] -- Installing: /home/uninacorse/ex2_ws/install/sysmonitor_interfaces/include/sysmonitor_interfaces/sysmonitor_interfaces/msg/detail/dds_fastrtps
[4.522s] -- Installing: /home/uninacorse/ex2_ws/install/sysmonitor_interfaces/include/sysmonitor_interfaces/sysmonitor_interfaces/msg/detail/sysmon__rosidl_typesupport_fastrtps_cpp.hpp
[4.522s] -- Installing: /home/uninacorse/ex2_ws/install/sysmonitor_interfaces/lib/libsysmonitor_interfaces__rosidl_typesupport_fastrtps_cpp.so
[4.522s] -- Set runtime path of "/home/uninacorse/ex2_ws/install/sysmonitor_interfaces/lib/libsysmonitor_interfaces__rosidl_typesupport_fastrtps_cpp.so" to ""
[4.523s] -- Up-to-date: /home/uninacorse/ex2_ws/install/sysmonitor_interfaces/include/sysmonitor_interfaces/sysmonitor_interfaces
[4.523s] -- Up-to-date: /home/uninacorse/ex2_ws/install/sysmonitor_interfaces/include/sysmonitor_interfaces/sysmonitor_interfaces/msg
[4.523s] -- Up-to-date: /home/uninacorse/ex2_ws/install/sysmonitor_interfaces/include/sysmonitor_interfaces/sysmonitor_interfaces/msg/detail
[4.523s] -- Installing: /home/uninacorse/ex2_ws/install/sysmonitor_interfaces/include/sysmonitor_interfaces/sysmonitor_interfaces/msg/detail/sysmon__type_support.cpp
[4.523s] -- Installing: /home/uninacorse/ex2_ws/install/sysmonitor_interfaces/include/sysmonitor_interfaces/sysmonitor_interfaces/msg/detail/sysmon__rosidl_typesupport_introspection_cpp.hpp
[4.523s] -- Installing: /home/uninacorse/ex2_ws/install/sysmonitor_interfaces/lib/libsysmonitor_interfaces__rosidl_typesupport_introspection_cpp.so
[4.523s] -- Set runtime path of "/home/uninacorse/ex2_ws/install/sysmonitor_interfaces/lib/libsysmonitor_interfaces__rosidl_typesupport_introspection_cpp.so" to ""
[4.523s] -- Installing: /home/uninacorse/ex2_ws/install/sysmonitor_interfaces/lib/libsysmonitor_interfaces__rosidl_typesupport_cpp.so
[4.523s] -- Set runtime path of "/home/uninacorse/ex2_ws/install/sysmonitor_interfaces/lib/libsysmonitor_interfaces__rosidl_typesupport_cpp.so" to ""
[4.523s] -- Installing: /home/uninacorse/ex2_ws/install/sysmonitor_interfaces/share/sysmonitor_interfaces/environment/pythonpath.sh
[4.523s] -- Installing: /home/uninacorse/ex2_ws/install/sysmonitor_interfaces/share/sysmonitor_interfaces/environment/pythonpath.dsv
[4.523s] -- Installing: /home/uninacorse/ex2_ws/install/sysmonitor_interfaces/local/lib/python3.10/dist-packages/sysmonitor_interfaces-0.0.0-py3.10.egg-info
[4.524s] -- Installing: /home/uninacorse/ex2_ws/install/sysmonitor_interfaces/local/lib/python3.10/dist-packages/sysmonitor_interfaces-0.0.0-py3.10.egg-info/PKG-INFO
[4.524s] -- Installing: /home/uninacorse/ex2_ws/install/sysmonitor_interfaces/local/lib/python3.10/dist-packages/sysmonitor_interfaces-0.0.0-py3.10.egg-info/SOURCES.txt
[4.524s] -- Installing: /home/uninacorse/ex2_ws/install/sysmonitor_interfaces/local/lib/python3.10/dist-packages/sysmonitor_interfaces-0.0.0-py3.10.egg-info/dependency_links.txt
[4.524s] -- Installing: /home/uninacorse/ex2_ws/install/sysmonitor_interfaces/local/lib/python3.10/dist-packages/sysmonitor_interfaces-0.0.0-py3.10.egg-info/top_level.txt
[4.524s] -- Installing: /home/uninacorse/ex2_ws/install/sysmonitor_interfaces/local/lib/python3.10/dist-packages/sysmonitor_interfaces
[4.524s] -- Installing: /home/uninacorse/ex2_ws/install/sysmonitor_interfaces/local/lib/python3.10/dist-packages/sysmonitor_interfaces/msg
[4.524s] -- Installing: /home/uninacorse/ex2_ws/install/sysmonitor_interfaces/local/lib/python3.10/dist-packages/sysmonitor_interfaces/msg/__init__.py
[4.524s] -- Installing: /home/uninacorse/ex2_ws/install/sysmonitor_interfaces/local/lib/python3.10/dist-packages/sysmonitor_interfaces/msg/_sysmon_s.c
[4.525s] -- Installing: /home/uninacorse/ex2_ws/install/sysmonitor_interfaces/local/lib/python3.10/dist-packages/sysmonitor_interfaces/msg/_sysmon.py
[4.525s] -- Installing: /home/uninacorse/ex2_ws/install/sysmonitor_interfaces/local/lib/python3.10/dist-packages/sysmonitor_interfaces/_sysmonitor_interfaces_s.ep.rosidl_typesupport_introspection_c.c
[4.525s] -- Installing: /home/uninacorse/ex2_ws/install/sysmonitor_interfaces/local/lib/python3.10/dist-packages/sysmonitor_interfaces/sysmonitor_interfaces_s__rosidl_typesupport_fastrtps_c.cpython-310-x86_64-linux-gnu.so
[4.525s] -- Installing: /home/uninacorse/ex2_ws/install/sysmonitor_interfaces/local/lib/python3.10/dist-packages/sysmonitor_interfaces/_sysmonitor_interfaces_s.ep.rosidl_typesupport_c.c
[4.525s] -- Installing: /home/uninacorse/ex2_ws/install/sysmonitor_interfaces/local/lib/python3.10/dist-packages/sysmonitor_interfaces/__init__.py
[4.525s] -- Installing: /home/uninacorse/ex2_ws/install/sysmonitor_interfaces/local/lib/python3.10/dist-packages/sysmonitor_interfaces/sysmonitor_interfaces_s__rosidl_typesupport_introspection_c.cpython-310-x86_64-linux-gnu.so
[4.525s] -- Installing: /home/uninacorse/ex2_ws/install/sysmonitor_interfaces/local/lib/python3.10/dist-packages/sysmonitor_interfaces/libsysmonitor_interfaces__rosidl_generator_py.so
[4.525s] -- Installing: /home/uninacorse/ex2_ws/install/sysmonitor_interfaces/local/lib/python3.10/dist-packages/sysmonitor_interfaces/_sysmonitor_interfaces_s.ep.rosidl_typesupport_fastrtps_c.c
[4.525s] -- Installing: /home/uninacorse/ex2_ws/install/sysmonitor_interfaces/local/lib/python3.10/dist-packages/sysmonitor_interfaces/sysmonitor_interfaces_s__rosidl_typesupport_c.cpython-310-x86_64-linux-gnu.so
[4.561s] Listing '/home/uninacorse/ex2_ws/install/sysmonitor_interfaces/local/lib/python3.10/dist-packages/sysmonitor_interfaces'...
[4.561s] Compiling '/home/uninacorse/ex2_ws/install/sysmonitor_interfaces/local/lib/python3.10/dist-packages/sysmonitor_interfaces/__init__.py'...
[4.562s] Listing '/home/uninacorse/ex2_ws/install/sysmonitor_interfaces/local/lib/python3.10/dist-packages/sysmonitor_interfaces/msg'...
[4.562s] Compiling '/home/uninacorse/ex2_ws/install/sysmonitor_interfaces/local/lib/python3.10/dist-packages/sysmonitor_interfaces/msg/__init__.py'...
[4.562s] Compiling '/home/uninacorse/ex2_ws/install/sysmonitor_interfaces/local/lib/python3.10/dist-packages/sysmonitor_interfaces/msg/_sysmon.py'...
[4.568s] -- Installing: /home/uninacorse/ex2_ws/install/sysmonitor_interfaces/local/lib/python3.10/dist-packages/sysmonitor_interfaces/sysmonitor_interfaces_s__rosidl_typesupport_fastrtps_c.cpython-310-x86_64-linux-gnu.so
[4.568s] -- Set runtime path of "/home/uninacorse/ex2_ws/install/sysmonitor_interfaces/local/lib/python3.10/dist-packages/sysmonitor_interfaces/sysmonitor_interfaces_s__rosidl_typesupport_fastrtps_c.cpython-310-x86_64-linux-gnu.so" to ""
[4.568s] -- Installing: /home/uninacorse/ex2_ws/install/sysmonitor_interfaces/local/lib/python3.10/dist-packages/sysmonitor_interfaces/sysmonitor_interfaces_s__rosidl_typesupport_introspection_c.cpython-310-x86_64-linux-gnu.so
[4.569s] -- Set runtime path of "/home/uninacorse/ex2_ws/install/sysmonitor_interfaces/local/lib/python3.10/dist-packages/sysmonitor_interfaces/sysmonitor_interfaces_s__rosidl_typesupport_introspection_c.cpython-310-x86_64-linux-gnu.so" to ""
[4.569s] -- Installing: /home/uninacorse/ex2_ws/install/sysmonitor_interfaces/local/lib/python3.10/dist-packages/sysmonitor_interfaces/sysmonitor_interfaces_s__rosidl_typesupport_c.cpython-310-x86_64-linux-gnu.so
[4.570s] -- Set runtime path of "/home/uninacorse/ex2_ws/install/sysmonitor_interfaces/local/lib/python3.10/dist-packages/sysmonitor_interfaces/sysmonitor_interfaces_s__rosidl_typesupport_c.cpython-310-x86_64-linux-gnu.so" to ""
[4.570s] -- Installing: /home/uninacorse/ex2_ws/install/sysmonitor_interfaces/lib/libsysmonitor_interfaces__rosidl_generator_py.so
[4.573s] -- Set runtime path of "/home/uninacorse/ex2_ws/install/sysmonitor_interfaces/lib/libsysmonitor_interfaces__rosidl_generator_py.so" to ""
[4.573s] -- Installing: /home/uninacorse/ex2_ws/install/sysmonitor_interfaces/share/sysmonitor_interfaces/msg/Sysmon.idl
[4.573s] -- Installing: /home/uninacorse/ex2_ws/install/sysmonitor_interfaces/share/sysmonitor_interfaces/msg/Sysmon.msg
[4.574s] -- Installing: /home/uninacorse/ex2_ws/install/sysmonitor_interfaces/share/ament_index/resource_index/package_run_dependencies/sysmonitor_interfaces
[4.574s] -- Installing: /home/uninacorse/ex2_ws/install/sysmonitor_interfaces/share/ament_index/resource_index/parent_prefix_path/sysmonitor_interfaces
[4.574s] -- Installing: /home/uninacorse/ex2_ws/install/sysmonitor_interfaces/share/sysmonitor_interfaces/environment/ament_prefix_path.sh
[4.575s] -- Installing: /home/uninacorse/ex2_ws/install/sysmonitor_interfaces/share/sysmonitor_interfaces/environment/ament_prefix_path.dsv
[4.575s] -- Installing: /home/uninacorse/ex2_ws/install/sysmonitor_interfaces/share/sysmonitor_interfaces/environment/path.sh
[4.575s] -- Installing: /home/uninacorse/ex2_ws/install/sysmonitor_interfaces/share/sysmonitor_interfaces/environment/path.dsv
[4.575s] -- Installing: /home/uninacorse/ex2_ws/install/sysmonitor_interfaces/share/sysmonitor_interfaces/local_setup.bash
[4.575s] -- Installing: /home/uninacorse/ex2_ws/install/sysmonitor_interfaces/share/sysmonitor_interfaces/local_setup.sh
[4.575s] -- Installing: /home/uninacorse/ex2_ws/install/sysmonitor_interfaces/share/sysmonitor_interfaces/local_setup.zsh
[4.575s] -- Installing: /home/uninacorse/ex2_ws/install/sysmonitor_interfaces/share/sysmonitor_interfaces/local_setup.dsv
[4.575s] -- Installing: /home/uninacorse/ex2_ws/install/sysmonitor_interfaces/share/sysmonitor_interfaces/package.dsv
[4.575s] -- Installing: /home/uninacorse/ex2_ws/install/sysmonitor_interfaces/share/ament_index/resource_index/packages/sysmonitor_interfaces
[4.575s] -- Installing: /home/uninacorse/ex2_ws/install/sysmonitor_interfaces/share/sysmonitor_interfaces/cmake/export_sysmonitor_interfaces__rosidl_generator_cExport.cmake
[4.575s] -- Installing: /home/uninacorse/ex2_ws/install/sysmonitor_interfaces/share/sysmonitor_interfaces/cmake/export_sysmonitor_interfaces__rosidl_generator_cExport-noconfig.cmake
[4.575s] -- Installing: /home/uninacorse/ex2_ws/install/sysmonitor_interfaces/share/sysmonitor_interfaces/cmake/export_sysmonitor_interfaces__rosidl_typesupport_fastrtps_cExport.cmake
[4.575s] -- Installing: /home/uninacorse/ex2_ws/install/sysmonitor_interfaces/share/sysmonitor_interfaces/cmake/export_sysmonitor_interfaces__rosidl_typesupport_fastrtps_cExport-noconfig.cmake
[4.575s] -- Installing: /home/uninacorse/ex2_ws/install/sysmonitor_interfaces/share/sysmonitor_interfaces/cmake/sysmonitor_interfaces__rosidl_typesupport_introspection_cExport.cmake
[4.576s] -- Installing: /home/uninacorse/ex2_ws/install/sysmonitor_interfaces/share/sysmonitor_interfaces/cmake/sysmonitor_interfaces__rosidl_typesupport_introspection_cExport-noconfig.cmake
[4.576s] -- Installing: /home/uninacorse/ex2_ws/install/sysmonitor_interfaces/share/sysmonitor_interfaces/cmake/sysmonitor_interfaces__rosidl_typesupport_cExport.cmake
[4.576s] -- Installing: /home/uninacorse/ex2_ws/install/sysmonitor_interfaces/share/sysmonitor_interfaces/cmake/sysmonitor_interfaces__rosidl_typesupport_cExport-noconfig.cmake
[4.576s] -- Installing: /home/uninacorse/ex2_ws/install/sysmonitor_interfaces/share/sysmonitor_interfaces/cmake/export_sysmonitor_interfaces__rosidl_generator_cppExport.cmake
[4.576s] -- Installing: /home/uninacorse/ex2_ws/install/sysmonitor_interfaces/share/sysmonitor_interfaces/cmake/export_sysmonitor_interfaces__rosidl_typesupport_fastrtps_cppExport.cmake
[4.576s] -- Installing: /home/uninacorse/ex2_ws/install/sysmonitor_interfaces/share/sysmonitor_interfaces/cmake/export_sysmonitor_interfaces__rosidl_typesupport_fastrtps_cppExport-noconfig.cmake
[4.577s] -- Installing: /home/uninacorse/ex2_ws/install/sysmonitor_interfaces/share/sysmonitor_interfaces/cmake/sysmonitor_interfaces__rosidl_typesupport_introspection_cppExport.cmake
[4.577s] -- Installing: /home/uninacorse/ex2_ws/install/sysmonitor_interfaces/share/sysmonitor_interfaces/cmake/sysmonitor_interfaces__rosidl_typesupport_introspection_cppExport-noconfig.cmake
[4.577s] -- Installing: /home/uninacorse/ex2_ws/install/sysmonitor_interfaces/share/sysmonitor_interfaces/cmake/sysmonitor_interfaces__rosidl_typesupport_cppExport.cmake
[4.577s] -- Installing: /home/uninacorse/ex2_ws/install/sysmonitor_interfaces/share/sysmonitor_interfaces/cmake/sysmonitor_interfaces__rosidl_typesupport_cppExport-noconfig.cmake
[4.577s] -- Installing: /home/uninacorse/ex2_ws/install/sysmonitor_interfaces/share/sysmonitor_interfaces/cmake/export_sysmonitor_interfaces__rosidl_generator_pyExport.cmake
[4.577s] -- Installing: /home/uninacorse/ex2_ws/install/sysmonitor_interfaces/share/sysmonitor_interfaces/cmake/export_sysmonitor_interfaces__rosidl_generator_pyExport-noconfig.cmake
[4.577s] -- Installing: /home/uninacorse/ex2_ws/install/sysmonitor_interfaces/share/sysmonitor_interfaces/cmake/rosidl_cmake-extras.cmake
[4.578s] -- Installing: /home/uninacorse/ex2_ws/install/sysmonitor_interfaces/share/sysmonitor_interfaces/cmake/ament_cmake_export_include_directories-extras.cmake
[4.578s] -- Installing: /home/uninacorse/ex2_ws/install/sysmonitor_interfaces/share/sysmonitor_interfaces/cmake/ament_cmake_export_libraries-extras.cmake
[4.578s] -- Installing: /home/uninacorse/ex2_ws/install/sysmonitor_interfaces/share/sysmonitor_interfaces/cmake/ament_cmake_export_targets-extras.cmake
[4.578s] -- Installing: /home/uninacorse/ex2_ws/install/sysmonitor_interfaces/share/sysmonitor_interfaces/cmake/rosidl_cmake_export_typesupport_targets-extras.cmake
[4.578s] -- Installing: /home/uninacorse/ex2_ws/install/sysmonitor_interfaces/share/sysmonitor_interfaces/cmake/ament_cmake_export_dependencies-extras.cmake
[4.578s] -- Installing: /home/uninacorse/ex2_ws/install/sysmonitor_interfaces/share/sysmonitor_interfaces/cmake/rosidl_cmake_export_typesupport_libraries-extras.cmake
[4.578s] -- Installing: /home/uninacorse/ex2_ws/install/sysmonitor_interfaces/share/sysmonitor_interfaces/cmake/sysmonitor_interfacesConfig.cmake
[4.579s] -- Installing: /home/uninacorse/ex2_ws/install/sysmonitor_interfaces/share/sysmonitor_interfaces/cmake/sysmonitor_interfacesConfig-version.cmake
[4.579s] -- Installing: /home/uninacorse/ex2_ws/install/sysmonitor_interfaces/share/sysmonitor_interfaces/package.xml
[4.581s] Invoked command in '/home/uninacorse/ex2_ws/build/sysmonitor_interfaces' returned '0': CMAKE_PREFIX_PATH=/opt/ros/humble /usr/bin/cmake --install /home/uninacorse/ex2_ws/build/sysmonitor_interfaces
