[0.008s] Invoking command in '/home/uninacorse/ex2_ws/build/fault_detection': AMENT_PREFIX_PATH=/home/uninacorse/ex2_ws/install/sysmonitor_interfaces:${AMENT_PREFIX_PATH} CMAKE_PREFIX_PATH=/home/uninacorse/ex2_ws/install/sysmonitor_interfaces:/opt/ros/humble LD_LIBRARY_PATH=/home/uninacorse/ex2_ws/install/sysmonitor_interfaces/lib:${LD_LIBRARY_PATH} PYTHONPATH=/home/uninacorse/ex2_ws/install/sysmonitor_interfaces/local/lib/python3.10/dist-packages:${PYTHONPATH} /usr/bin/cmake /home/uninacorse/ex2_ws/src/EX2/fault_detection -DCMAKE_INSTALL_PREFIX=/home/uninacorse/ex2_ws/install/fault_detection
[0.065s] -- The C compiler identification is GNU 11.4.0
[0.119s] -- The CXX compiler identification is GNU 11.4.0
[0.129s] -- Detecting C compiler ABI info
[0.200s] -- Detecting C compiler ABI info - done
[0.206s] -- Check for working C compiler: /usr/bin/cc - skipped
[0.206s] -- Detecting C compile features
[0.206s] -- Detecting C compile features - done
[0.209s] -- Detecting CXX compiler ABI info
[0.293s] -- Detecting CXX compiler ABI info - done
[0.300s] -- Check for working CXX compiler: /usr/bin/c++ - skipped
[0.300s] -- Detecting CXX compile features
[0.301s] -- Detecting CXX compile features - done
[0.303s] -- Found ament_cmake: 1.3.12 (/opt/ros/humble/share/ament_cmake/cmake)
[0.453s] -- Found Python3: /usr/bin/python3 (found version "3.10.12") found components: Interpreter 
[0.544s] -- Found rclcpp: 16.0.16 (/opt/ros/humble/share/rclcpp/cmake)
[0.598s] -- Found rosidl_generator_c: 3.1.7 (/opt/ros/humble/share/rosidl_generator_c/cmake)
[0.603s] -- Found rosidl_adapter: 3.1.7 (/opt/ros/humble/share/rosidl_adapter/cmake)
[0.610s] -- Found rosidl_generator_cpp: 3.1.7 (/opt/ros/humble/share/rosidl_generator_cpp/cmake)
[0.622s] -- Using all available rosidl_typesupport_c: rosidl_typesupport_fastrtps_c;rosidl_typesupport_introspection_c
[0.637s] -- Using all available rosidl_typesupport_cpp: rosidl_typesupport_fastrtps_cpp;rosidl_typesupport_introspection_cpp
[0.708s] -- Found rmw_implementation_cmake: 6.1.2 (/opt/ros/humble/share/rmw_implementation_cmake/cmake)
[0.713s] -- Found rmw_fastrtps_cpp: 6.2.9 (/opt/ros/humble/share/rmw_fastrtps_cpp/cmake)
[0.827s] -- Found OpenSSL: /usr/lib/x86_64-linux-gnu/libcrypto.so (found version "3.0.2")  
[0.855s] -- Found FastRTPS: /opt/ros/humble/include  
[0.894s] -- Using RMW implementation 'rmw_fastrtps_cpp' as default
[0.913s] -- Looking for pthread.h
[0.996s] -- Looking for pthread.h - found
[0.996s] -- Performing Test CMAKE_HAVE_LIBC_PTHREAD
[1.072s] -- Performing Test CMAKE_HAVE_LIBC_PTHREAD - Success
[1.073s] -- Found Threads: TRUE  
[1.154s] [31mCMake Error at /opt/ros/humble/share/ament_cmake_target_dependencies/cmake/ament_target_dependencies.cmake:77 (message):
[1.154s]   ament_target_dependencies() the passed package name 'sysmonitor_interfaces'
[1.154s]   was not found before
[1.154s] Call Stack (most recent call first):
[1.154s]   CMakeLists.txt:21 (ament_target_dependencies)
[1.154s] 
[1.155s] [0m
[1.155s] -- Configuring incomplete, errors occurred!
[1.155s] See also "/home/uninacorse/ex2_ws/build/fault_detection/CMakeFiles/CMakeOutput.log".
[1.164s] Invoked command in '/home/uninacorse/ex2_ws/build/fault_detection' returned '1': AMENT_PREFIX_PATH=/home/uninacorse/ex2_ws/install/sysmonitor_interfaces:${AMENT_PREFIX_PATH} CMAKE_PREFIX_PATH=/home/uninacorse/ex2_ws/install/sysmonitor_interfaces:/opt/ros/humble LD_LIBRARY_PATH=/home/uninacorse/ex2_ws/install/sysmonitor_interfaces/lib:${LD_LIBRARY_PATH} PYTHONPATH=/home/uninacorse/ex2_ws/install/sysmonitor_interfaces/local/lib/python3.10/dist-packages:${PYTHONPATH} /usr/bin/cmake /home/uninacorse/ex2_ws/src/EX2/fault_detection -DCMAKE_INSTALL_PREFIX=/home/uninacorse/ex2_ws/install/fault_detection
