[0.010s] Invoking command in '/home/uninacorse/ros2_ws/build/sysmonitor_interfaces': CMAKE_PREFIX_PATH=${CMAKE_PREFIX_PATH}:/opt/ros/humble /usr/bin/cmake --build /home/uninacorse/ros2_ws/build/sysmonitor_interfaces -- -j4 -l4
[0.055s] [35m[1mConsolidate compiler generated dependencies of target sysmonitor_interfaces__rosidl_generator_c[0m
[0.067s] [  9%] Built target sysmonitor_interfaces__rosidl_generator_c
[0.070s] [ 12%] Built target sysmonitor_interfaces__cpp
[0.078s] [35m[1mConsolidate compiler generated dependencies of target sysmonitor_interfaces__rosidl_typesupport_introspection_c[0m
[0.078s] [35m[1mConsolidate compiler generated dependencies of target sysmonitor_interfaces__rosidl_typesupport_fastrtps_c[0m
[0.080s] [ 12%] Built target ament_cmake_python_copy_sysmonitor_interfaces
[0.085s] [35m[1mConsolidate compiler generated dependencies of target sysmonitor_interfaces__rosidl_typesupport_c[0m
[0.090s] [ 22%] Built target sysmonitor_interfaces__rosidl_typesupport_introspection_c
[0.090s] [ 32%] Built target sysmonitor_interfaces__rosidl_typesupport_fastrtps_c
[0.091s] [35m[1mConsolidate compiler generated dependencies of target sysmonitor_interfaces__rosidl_typesupport_fastrtps_cpp[0m
[0.095s] [ 41%] Built target sysmonitor_interfaces__rosidl_typesupport_c
[0.100s] [35m[1mConsolidate compiler generated dependencies of target sysmonitor_interfaces__rosidl_typesupport_introspection_cpp[0m
[0.105s] [ 51%] Built target sysmonitor_interfaces__rosidl_typesupport_fastrtps_cpp
[0.105s] [35m[1mConsolidate compiler generated dependencies of target sysmonitor_interfaces__rosidl_typesupport_cpp[0m
[0.116s] [ 61%] Built target sysmonitor_interfaces__rosidl_typesupport_introspection_cpp
[0.122s] [ 70%] Built target sysmonitor_interfaces__rosidl_typesupport_cpp
[0.146s] [ 70%] Built target sysmonitor_interfaces
[0.176s] [ 74%] Built target sysmonitor_interfaces__py
[0.186s] [35m[1mConsolidate compiler generated dependencies of target sysmonitor_interfaces__rosidl_generator_py[0m
[0.201s] [ 80%] Built target sysmonitor_interfaces__rosidl_generator_py
[0.212s] [35m[1mConsolidate compiler generated dependencies of target sysmonitor_interfaces__rosidl_typesupport_introspection_c__pyext[0m
[0.215s] [35m[1mConsolidate compiler generated dependencies of target sysmonitor_interfaces__rosidl_typesupport_c__pyext[0m
[0.215s] [35m[1mConsolidate compiler generated dependencies of target sysmonitor_interfaces__rosidl_typesupport_fastrtps_c__pyext[0m
[0.226s] [ 96%] Built target sysmonitor_interfaces__rosidl_typesupport_c__pyext
[0.226s] [ 96%] Built target sysmonitor_interfaces__rosidl_typesupport_introspection_c__pyext
[0.226s] [100%] Built target sysmonitor_interfaces__rosidl_typesupport_fastrtps_c__pyext
[0.338s] running egg_info
[0.339s] writing sysmonitor_interfaces.egg-info/PKG-INFO
[0.339s] writing dependency_links to sysmonitor_interfaces.egg-info/dependency_links.txt
[0.340s] writing top-level names to sysmonitor_interfaces.egg-info/top_level.txt
[0.342s] reading manifest file 'sysmonitor_interfaces.egg-info/SOURCES.txt'
[0.342s] writing manifest file 'sysmonitor_interfaces.egg-info/SOURCES.txt'
[0.369s] [100%] Built target ament_cmake_python_build_sysmonitor_interfaces_egg
[0.380s] Invoked command in '/home/uninacorse/ros2_ws/build/sysmonitor_interfaces' returned '0': CMAKE_PREFIX_PATH=${CMAKE_PREFIX_PATH}:/opt/ros/humble /usr/bin/cmake --build /home/uninacorse/ros2_ws/build/sysmonitor_interfaces -- -j4 -l4
[0.390s] Invoking command in '/home/uninacorse/ros2_ws/build/sysmonitor_interfaces': CMAKE_PREFIX_PATH=${CMAKE_PREFIX_PATH}:/opt/ros/humble /usr/bin/cmake --install /home/uninacorse/ros2_ws/build/sysmonitor_interfaces
[0.397s] -- Install configuration: ""
[0.398s] -- Up-to-date: /home/uninacorse/ros2_ws/install/sysmonitor_interfaces/share/ament_index/resource_index/rosidl_interfaces/sysmonitor_interfaces
[0.398s] -- Up-to-date: /home/uninacorse/ros2_ws/install/sysmonitor_interfaces/include/sysmonitor_interfaces/sysmonitor_interfaces
[0.398s] -- Up-to-date: /home/uninacorse/ros2_ws/install/sysmonitor_interfaces/include/sysmonitor_interfaces/sysmonitor_interfaces/msg
[0.398s] -- Up-to-date: /home/uninacorse/ros2_ws/install/sysmonitor_interfaces/include/sysmonitor_interfaces/sysmonitor_interfaces/msg/sysmon.h
[0.398s] -- Up-to-date: /home/uninacorse/ros2_ws/install/sysmonitor_interfaces/include/sysmonitor_interfaces/sysmonitor_interfaces/msg/detail
[0.398s] -- Up-to-date: /home/uninacorse/ros2_ws/install/sysmonitor_interfaces/include/sysmonitor_interfaces/sysmonitor_interfaces/msg/detail/sysmon__type_support.h
[0.398s] -- Up-to-date: /home/uninacorse/ros2_ws/install/sysmonitor_interfaces/include/sysmonitor_interfaces/sysmonitor_interfaces/msg/detail/sysmon__functions.c
[0.398s] -- Up-to-date: /home/uninacorse/ros2_ws/install/sysmonitor_interfaces/include/sysmonitor_interfaces/sysmonitor_interfaces/msg/detail/sysmon__struct.h
[0.398s] -- Up-to-date: /home/uninacorse/ros2_ws/install/sysmonitor_interfaces/include/sysmonitor_interfaces/sysmonitor_interfaces/msg/detail/sysmon__functions.h
[0.398s] -- Up-to-date: /home/uninacorse/ros2_ws/install/sysmonitor_interfaces/include/sysmonitor_interfaces/sysmonitor_interfaces/msg/rosidl_generator_c__visibility_control.h
[0.398s] -- Up-to-date: /home/uninacorse/ros2_ws/install/sysmonitor_interfaces/share/sysmonitor_interfaces/environment/library_path.sh
[0.398s] -- Up-to-date: /home/uninacorse/ros2_ws/install/sysmonitor_interfaces/share/sysmonitor_interfaces/environment/library_path.dsv
[0.398s] -- Up-to-date: /home/uninacorse/ros2_ws/install/sysmonitor_interfaces/lib/libsysmonitor_interfaces__rosidl_generator_c.so
[0.398s] -- Up-to-date: /home/uninacorse/ros2_ws/install/sysmonitor_interfaces/include/sysmonitor_interfaces/sysmonitor_interfaces
[0.398s] -- Up-to-date: /home/uninacorse/ros2_ws/install/sysmonitor_interfaces/include/sysmonitor_interfaces/sysmonitor_interfaces/msg
[0.398s] -- Up-to-date: /home/uninacorse/ros2_ws/install/sysmonitor_interfaces/include/sysmonitor_interfaces/sysmonitor_interfaces/msg/rosidl_typesupport_fastrtps_c__visibility_control.h
[0.399s] -- Up-to-date: /home/uninacorse/ros2_ws/install/sysmonitor_interfaces/include/sysmonitor_interfaces/sysmonitor_interfaces/msg/detail
[0.399s] -- Up-to-date: /home/uninacorse/ros2_ws/install/sysmonitor_interfaces/include/sysmonitor_interfaces/sysmonitor_interfaces/msg/detail/sysmon__rosidl_typesupport_fastrtps_c.h
[0.399s] -- Up-to-date: /home/uninacorse/ros2_ws/install/sysmonitor_interfaces/lib/libsysmonitor_interfaces__rosidl_typesupport_fastrtps_c.so
[0.399s] -- Up-to-date: /home/uninacorse/ros2_ws/install/sysmonitor_interfaces/include/sysmonitor_interfaces/sysmonitor_interfaces
[0.399s] -- Up-to-date: /home/uninacorse/ros2_ws/install/sysmonitor_interfaces/include/sysmonitor_interfaces/sysmonitor_interfaces/msg
[0.399s] -- Up-to-date: /home/uninacorse/ros2_ws/install/sysmonitor_interfaces/include/sysmonitor_interfaces/sysmonitor_interfaces/msg/rosidl_typesupport_introspection_c__visibility_control.h
[0.399s] -- Up-to-date: /home/uninacorse/ros2_ws/install/sysmonitor_interfaces/include/sysmonitor_interfaces/sysmonitor_interfaces/msg/detail
[0.399s] -- Up-to-date: /home/uninacorse/ros2_ws/install/sysmonitor_interfaces/include/sysmonitor_interfaces/sysmonitor_interfaces/msg/detail/sysmon__type_support.c
[0.399s] -- Up-to-date: /home/uninacorse/ros2_ws/install/sysmonitor_interfaces/include/sysmonitor_interfaces/sysmonitor_interfaces/msg/detail/sysmon__rosidl_typesupport_introspection_c.h
[0.399s] -- Up-to-date: /home/uninacorse/ros2_ws/install/sysmonitor_interfaces/lib/libsysmonitor_interfaces__rosidl_typesupport_introspection_c.so
[0.399s] -- Up-to-date: /home/uninacorse/ros2_ws/install/sysmonitor_interfaces/lib/libsysmonitor_interfaces__rosidl_typesupport_c.so
[0.400s] -- Up-to-date: /home/uninacorse/ros2_ws/install/sysmonitor_interfaces/include/sysmonitor_interfaces/sysmonitor_interfaces
[0.400s] -- Up-to-date: /home/uninacorse/ros2_ws/install/sysmonitor_interfaces/include/sysmonitor_interfaces/sysmonitor_interfaces/msg
[0.400s] -- Up-to-date: /home/uninacorse/ros2_ws/install/sysmonitor_interfaces/include/sysmonitor_interfaces/sysmonitor_interfaces/msg/sysmon.hpp
[0.400s] -- Up-to-date: /home/uninacorse/ros2_ws/install/sysmonitor_interfaces/include/sysmonitor_interfaces/sysmonitor_interfaces/msg/rosidl_generator_cpp__visibility_control.hpp
[0.400s] -- Up-to-date: /home/uninacorse/ros2_ws/install/sysmonitor_interfaces/include/sysmonitor_interfaces/sysmonitor_interfaces/msg/detail
[0.400s] -- Up-to-date: /home/uninacorse/ros2_ws/install/sysmonitor_interfaces/include/sysmonitor_interfaces/sysmonitor_interfaces/msg/detail/sysmon__type_support.hpp
[0.400s] -- Up-to-date: /home/uninacorse/ros2_ws/install/sysmonitor_interfaces/include/sysmonitor_interfaces/sysmonitor_interfaces/msg/detail/sysmon__builder.hpp
[0.400s] -- Up-to-date: /home/uninacorse/ros2_ws/install/sysmonitor_interfaces/include/sysmonitor_interfaces/sysmonitor_interfaces/msg/detail/sysmon__traits.hpp
[0.400s] -- Up-to-date: /home/uninacorse/ros2_ws/install/sysmonitor_interfaces/include/sysmonitor_interfaces/sysmonitor_interfaces/msg/detail/sysmon__struct.hpp
[0.400s] -- Up-to-date: /home/uninacorse/ros2_ws/install/sysmonitor_interfaces/include/sysmonitor_interfaces/sysmonitor_interfaces
[0.400s] -- Up-to-date: /home/uninacorse/ros2_ws/install/sysmonitor_interfaces/include/sysmonitor_interfaces/sysmonitor_interfaces/msg
[0.400s] -- Up-to-date: /home/uninacorse/ros2_ws/install/sysmonitor_interfaces/include/sysmonitor_interfaces/sysmonitor_interfaces/msg/rosidl_typesupport_fastrtps_cpp__visibility_control.h
[0.400s] -- Up-to-date: /home/uninacorse/ros2_ws/install/sysmonitor_interfaces/include/sysmonitor_interfaces/sysmonitor_interfaces/msg/detail
[0.401s] -- Up-to-date: /home/uninacorse/ros2_ws/install/sysmonitor_interfaces/include/sysmonitor_interfaces/sysmonitor_interfaces/msg/detail/dds_fastrtps
[0.401s] -- Up-to-date: /home/uninacorse/ros2_ws/install/sysmonitor_interfaces/include/sysmonitor_interfaces/sysmonitor_interfaces/msg/detail/sysmon__rosidl_typesupport_fastrtps_cpp.hpp
[0.401s] -- Up-to-date: /home/uninacorse/ros2_ws/install/sysmonitor_interfaces/lib/libsysmonitor_interfaces__rosidl_typesupport_fastrtps_cpp.so
[0.401s] -- Up-to-date: /home/uninacorse/ros2_ws/install/sysmonitor_interfaces/include/sysmonitor_interfaces/sysmonitor_interfaces
[0.401s] -- Up-to-date: /home/uninacorse/ros2_ws/install/sysmonitor_interfaces/include/sysmonitor_interfaces/sysmonitor_interfaces/msg
[0.401s] -- Up-to-date: /home/uninacorse/ros2_ws/install/sysmonitor_interfaces/include/sysmonitor_interfaces/sysmonitor_interfaces/msg/detail
[0.401s] -- Up-to-date: /home/uninacorse/ros2_ws/install/sysmonitor_interfaces/include/sysmonitor_interfaces/sysmonitor_interfaces/msg/detail/sysmon__type_support.cpp
[0.401s] -- Up-to-date: /home/uninacorse/ros2_ws/install/sysmonitor_interfaces/include/sysmonitor_interfaces/sysmonitor_interfaces/msg/detail/sysmon__rosidl_typesupport_introspection_cpp.hpp
[0.401s] -- Up-to-date: /home/uninacorse/ros2_ws/install/sysmonitor_interfaces/lib/libsysmonitor_interfaces__rosidl_typesupport_introspection_cpp.so
[0.401s] -- Up-to-date: /home/uninacorse/ros2_ws/install/sysmonitor_interfaces/lib/libsysmonitor_interfaces__rosidl_typesupport_cpp.so
[0.401s] -- Up-to-date: /home/uninacorse/ros2_ws/install/sysmonitor_interfaces/share/sysmonitor_interfaces/environment/pythonpath.sh
[0.402s] -- Up-to-date: /home/uninacorse/ros2_ws/install/sysmonitor_interfaces/share/sysmonitor_interfaces/environment/pythonpath.dsv
[0.402s] -- Up-to-date: /home/uninacorse/ros2_ws/install/sysmonitor_interfaces/local/lib/python3.10/dist-packages/sysmonitor_interfaces-0.0.0-py3.10.egg-info
[0.402s] -- Installing: /home/uninacorse/ros2_ws/install/sysmonitor_interfaces/local/lib/python3.10/dist-packages/sysmonitor_interfaces-0.0.0-py3.10.egg-info/PKG-INFO
[0.402s] -- Installing: /home/uninacorse/ros2_ws/install/sysmonitor_interfaces/local/lib/python3.10/dist-packages/sysmonitor_interfaces-0.0.0-py3.10.egg-info/SOURCES.txt
[0.402s] -- Installing: /home/uninacorse/ros2_ws/install/sysmonitor_interfaces/local/lib/python3.10/dist-packages/sysmonitor_interfaces-0.0.0-py3.10.egg-info/dependency_links.txt
[0.402s] -- Installing: /home/uninacorse/ros2_ws/install/sysmonitor_interfaces/local/lib/python3.10/dist-packages/sysmonitor_interfaces-0.0.0-py3.10.egg-info/top_level.txt
[0.402s] -- Up-to-date: /home/uninacorse/ros2_ws/install/sysmonitor_interfaces/local/lib/python3.10/dist-packages/sysmonitor_interfaces
[0.402s] -- Up-to-date: /home/uninacorse/ros2_ws/install/sysmonitor_interfaces/local/lib/python3.10/dist-packages/sysmonitor_interfaces/msg
[0.403s] -- Up-to-date: /home/uninacorse/ros2_ws/install/sysmonitor_interfaces/local/lib/python3.10/dist-packages/sysmonitor_interfaces/msg/__init__.py
[0.403s] -- Up-to-date: /home/uninacorse/ros2_ws/install/sysmonitor_interfaces/local/lib/python3.10/dist-packages/sysmonitor_interfaces/msg/_sysmon_s.c
[0.403s] -- Up-to-date: /home/uninacorse/ros2_ws/install/sysmonitor_interfaces/local/lib/python3.10/dist-packages/sysmonitor_interfaces/msg/_sysmon.py
[0.403s] -- Up-to-date: /home/uninacorse/ros2_ws/install/sysmonitor_interfaces/local/lib/python3.10/dist-packages/sysmonitor_interfaces/_sysmonitor_interfaces_s.ep.rosidl_typesupport_introspection_c.c
[0.403s] -- Up-to-date: /home/uninacorse/ros2_ws/install/sysmonitor_interfaces/local/lib/python3.10/dist-packages/sysmonitor_interfaces/sysmonitor_interfaces_s__rosidl_typesupport_fastrtps_c.cpython-310-x86_64-linux-gnu.so
[0.403s] -- Up-to-date: /home/uninacorse/ros2_ws/install/sysmonitor_interfaces/local/lib/python3.10/dist-packages/sysmonitor_interfaces/_sysmonitor_interfaces_s.ep.rosidl_typesupport_c.c
[0.403s] -- Up-to-date: /home/uninacorse/ros2_ws/install/sysmonitor_interfaces/local/lib/python3.10/dist-packages/sysmonitor_interfaces/__init__.py
[0.403s] -- Up-to-date: /home/uninacorse/ros2_ws/install/sysmonitor_interfaces/local/lib/python3.10/dist-packages/sysmonitor_interfaces/sysmonitor_interfaces_s__rosidl_typesupport_introspection_c.cpython-310-x86_64-linux-gnu.so
[0.403s] -- Up-to-date: /home/uninacorse/ros2_ws/install/sysmonitor_interfaces/local/lib/python3.10/dist-packages/sysmonitor_interfaces/libsysmonitor_interfaces__rosidl_generator_py.so
[0.403s] -- Up-to-date: /home/uninacorse/ros2_ws/install/sysmonitor_interfaces/local/lib/python3.10/dist-packages/sysmonitor_interfaces/_sysmonitor_interfaces_s.ep.rosidl_typesupport_fastrtps_c.c
[0.403s] -- Up-to-date: /home/uninacorse/ros2_ws/install/sysmonitor_interfaces/local/lib/python3.10/dist-packages/sysmonitor_interfaces/sysmonitor_interfaces_s__rosidl_typesupport_c.cpython-310-x86_64-linux-gnu.so
[0.433s] Listing '/home/uninacorse/ros2_ws/install/sysmonitor_interfaces/local/lib/python3.10/dist-packages/sysmonitor_interfaces'...
[0.433s] Listing '/home/uninacorse/ros2_ws/install/sysmonitor_interfaces/local/lib/python3.10/dist-packages/sysmonitor_interfaces/msg'...
[0.438s] -- Up-to-date: /home/uninacorse/ros2_ws/install/sysmonitor_interfaces/local/lib/python3.10/dist-packages/sysmonitor_interfaces/sysmonitor_interfaces_s__rosidl_typesupport_fastrtps_c.cpython-310-x86_64-linux-gnu.so
[0.439s] -- Up-to-date: /home/uninacorse/ros2_ws/install/sysmonitor_interfaces/local/lib/python3.10/dist-packages/sysmonitor_interfaces/sysmonitor_interfaces_s__rosidl_typesupport_introspection_c.cpython-310-x86_64-linux-gnu.so
[0.439s] -- Up-to-date: /home/uninacorse/ros2_ws/install/sysmonitor_interfaces/local/lib/python3.10/dist-packages/sysmonitor_interfaces/sysmonitor_interfaces_s__rosidl_typesupport_c.cpython-310-x86_64-linux-gnu.so
[0.439s] -- Up-to-date: /home/uninacorse/ros2_ws/install/sysmonitor_interfaces/lib/libsysmonitor_interfaces__rosidl_generator_py.so
[0.439s] -- Up-to-date: /home/uninacorse/ros2_ws/install/sysmonitor_interfaces/share/sysmonitor_interfaces/msg/Sysmon.idl
[0.440s] -- Up-to-date: /home/uninacorse/ros2_ws/install/sysmonitor_interfaces/share/sysmonitor_interfaces/msg/Sysmon.msg
[0.440s] -- Up-to-date: /home/uninacorse/ros2_ws/install/sysmonitor_interfaces/share/ament_index/resource_index/package_run_dependencies/sysmonitor_interfaces
[0.440s] -- Up-to-date: /home/uninacorse/ros2_ws/install/sysmonitor_interfaces/share/ament_index/resource_index/parent_prefix_path/sysmonitor_interfaces
[0.440s] -- Up-to-date: /home/uninacorse/ros2_ws/install/sysmonitor_interfaces/share/sysmonitor_interfaces/environment/ament_prefix_path.sh
[0.440s] -- Up-to-date: /home/uninacorse/ros2_ws/install/sysmonitor_interfaces/share/sysmonitor_interfaces/environment/ament_prefix_path.dsv
[0.440s] -- Up-to-date: /home/uninacorse/ros2_ws/install/sysmonitor_interfaces/share/sysmonitor_interfaces/environment/path.sh
[0.440s] -- Up-to-date: /home/uninacorse/ros2_ws/install/sysmonitor_interfaces/share/sysmonitor_interfaces/environment/path.dsv
[0.440s] -- Up-to-date: /home/uninacorse/ros2_ws/install/sysmonitor_interfaces/share/sysmonitor_interfaces/local_setup.bash
[0.440s] -- Up-to-date: /home/uninacorse/ros2_ws/install/sysmonitor_interfaces/share/sysmonitor_interfaces/local_setup.sh
[0.440s] -- Up-to-date: /home/uninacorse/ros2_ws/install/sysmonitor_interfaces/share/sysmonitor_interfaces/local_setup.zsh
[0.440s] -- Up-to-date: /home/uninacorse/ros2_ws/install/sysmonitor_interfaces/share/sysmonitor_interfaces/local_setup.dsv
[0.440s] -- Installing: /home/uninacorse/ros2_ws/install/sysmonitor_interfaces/share/sysmonitor_interfaces/package.dsv
[0.440s] -- Up-to-date: /home/uninacorse/ros2_ws/install/sysmonitor_interfaces/share/ament_index/resource_index/packages/sysmonitor_interfaces
[0.441s] -- Up-to-date: /home/uninacorse/ros2_ws/install/sysmonitor_interfaces/share/sysmonitor_interfaces/cmake/export_sysmonitor_interfaces__rosidl_generator_cExport.cmake
[0.441s] -- Up-to-date: /home/uninacorse/ros2_ws/install/sysmonitor_interfaces/share/sysmonitor_interfaces/cmake/export_sysmonitor_interfaces__rosidl_generator_cExport-noconfig.cmake
[0.441s] -- Up-to-date: /home/uninacorse/ros2_ws/install/sysmonitor_interfaces/share/sysmonitor_interfaces/cmake/export_sysmonitor_interfaces__rosidl_typesupport_fastrtps_cExport.cmake
[0.441s] -- Up-to-date: /home/uninacorse/ros2_ws/install/sysmonitor_interfaces/share/sysmonitor_interfaces/cmake/export_sysmonitor_interfaces__rosidl_typesupport_fastrtps_cExport-noconfig.cmake
[0.441s] -- Up-to-date: /home/uninacorse/ros2_ws/install/sysmonitor_interfaces/share/sysmonitor_interfaces/cmake/sysmonitor_interfaces__rosidl_typesupport_introspection_cExport.cmake
[0.441s] -- Up-to-date: /home/uninacorse/ros2_ws/install/sysmonitor_interfaces/share/sysmonitor_interfaces/cmake/sysmonitor_interfaces__rosidl_typesupport_introspection_cExport-noconfig.cmake
[0.441s] -- Up-to-date: /home/uninacorse/ros2_ws/install/sysmonitor_interfaces/share/sysmonitor_interfaces/cmake/sysmonitor_interfaces__rosidl_typesupport_cExport.cmake
[0.441s] -- Up-to-date: /home/uninacorse/ros2_ws/install/sysmonitor_interfaces/share/sysmonitor_interfaces/cmake/sysmonitor_interfaces__rosidl_typesupport_cExport-noconfig.cmake
[0.441s] -- Up-to-date: /home/uninacorse/ros2_ws/install/sysmonitor_interfaces/share/sysmonitor_interfaces/cmake/export_sysmonitor_interfaces__rosidl_generator_cppExport.cmake
[0.441s] -- Up-to-date: /home/uninacorse/ros2_ws/install/sysmonitor_interfaces/share/sysmonitor_interfaces/cmake/export_sysmonitor_interfaces__rosidl_typesupport_fastrtps_cppExport.cmake
[0.441s] -- Up-to-date: /home/uninacorse/ros2_ws/install/sysmonitor_interfaces/share/sysmonitor_interfaces/cmake/export_sysmonitor_interfaces__rosidl_typesupport_fastrtps_cppExport-noconfig.cmake
[0.441s] -- Up-to-date: /home/uninacorse/ros2_ws/install/sysmonitor_interfaces/share/sysmonitor_interfaces/cmake/sysmonitor_interfaces__rosidl_typesupport_introspection_cppExport.cmake
[0.441s] -- Up-to-date: /home/uninacorse/ros2_ws/install/sysmonitor_interfaces/share/sysmonitor_interfaces/cmake/sysmonitor_interfaces__rosidl_typesupport_introspection_cppExport-noconfig.cmake
[0.441s] -- Up-to-date: /home/uninacorse/ros2_ws/install/sysmonitor_interfaces/share/sysmonitor_interfaces/cmake/sysmonitor_interfaces__rosidl_typesupport_cppExport.cmake
[0.442s] -- Up-to-date: /home/uninacorse/ros2_ws/install/sysmonitor_interfaces/share/sysmonitor_interfaces/cmake/sysmonitor_interfaces__rosidl_typesupport_cppExport-noconfig.cmake
[0.442s] -- Up-to-date: /home/uninacorse/ros2_ws/install/sysmonitor_interfaces/share/sysmonitor_interfaces/cmake/export_sysmonitor_interfaces__rosidl_generator_pyExport.cmake
[0.442s] -- Up-to-date: /home/uninacorse/ros2_ws/install/sysmonitor_interfaces/share/sysmonitor_interfaces/cmake/export_sysmonitor_interfaces__rosidl_generator_pyExport-noconfig.cmake
[0.442s] -- Up-to-date: /home/uninacorse/ros2_ws/install/sysmonitor_interfaces/share/sysmonitor_interfaces/cmake/rosidl_cmake-extras.cmake
[0.442s] -- Up-to-date: /home/uninacorse/ros2_ws/install/sysmonitor_interfaces/share/sysmonitor_interfaces/cmake/ament_cmake_export_include_directories-extras.cmake
[0.442s] -- Up-to-date: /home/uninacorse/ros2_ws/install/sysmonitor_interfaces/share/sysmonitor_interfaces/cmake/ament_cmake_export_libraries-extras.cmake
[0.442s] -- Up-to-date: /home/uninacorse/ros2_ws/install/sysmonitor_interfaces/share/sysmonitor_interfaces/cmake/ament_cmake_export_targets-extras.cmake
[0.442s] -- Up-to-date: /home/uninacorse/ros2_ws/install/sysmonitor_interfaces/share/sysmonitor_interfaces/cmake/rosidl_cmake_export_typesupport_targets-extras.cmake
[0.442s] -- Up-to-date: /home/uninacorse/ros2_ws/install/sysmonitor_interfaces/share/sysmonitor_interfaces/cmake/ament_cmake_export_dependencies-extras.cmake
[0.442s] -- Up-to-date: /home/uninacorse/ros2_ws/install/sysmonitor_interfaces/share/sysmonitor_interfaces/cmake/rosidl_cmake_export_typesupport_libraries-extras.cmake
[0.442s] -- Up-to-date: /home/uninacorse/ros2_ws/install/sysmonitor_interfaces/share/sysmonitor_interfaces/cmake/sysmonitor_interfacesConfig.cmake
[0.442s] -- Up-to-date: /home/uninacorse/ros2_ws/install/sysmonitor_interfaces/share/sysmonitor_interfaces/cmake/sysmonitor_interfacesConfig-version.cmake
[0.442s] -- Up-to-date: /home/uninacorse/ros2_ws/install/sysmonitor_interfaces/share/sysmonitor_interfaces/package.xml
[0.444s] Invoked command in '/home/uninacorse/ros2_ws/build/sysmonitor_interfaces' returned '0': CMAKE_PREFIX_PATH=${CMAKE_PREFIX_PATH}:/opt/ros/humble /usr/bin/cmake --install /home/uninacorse/ros2_ws/build/sysmonitor_interfaces
