[0.375s] DEBUG:colcon:Command line arguments: ['/usr/bin/colcon', 'build']
[0.375s] DEBUG:colcon:Parsed command line arguments: Namespace(log_base=None, log_level=None, verb_name='build', build_base='build', install_base='install', merge_install=False, symlink_install=False, test_result_base=None, continue_on_error=False, executor='parallel', parallel_workers=4, event_handlers=None, ignore_user_meta=False, metas=['./colcon.meta'], base_paths=['.'], packages_ignore=None, packages_ignore_regex=None, paths=None, packages_up_to=None, packages_up_to_regex=None, packages_above=None, packages_above_and_dependencies=None, packages_above_depth=None, packages_select_by_dep=None, packages_skip_by_dep=None, packages_skip_up_to=None, packages_select_build_failed=False, packages_skip_build_finished=False, packages_select_test_failures=False, packages_skip_test_passed=False, packages_select=None, packages_skip=None, packages_select_regex=None, packages_skip_regex=None, packages_start=None, packages_end=None, allow_overriding=[], cmake_args=None, cmake_target=None, cmake_target_skip_unavailable=False, cmake_clean_cache=False, cmake_clean_first=False, cmake_force_configure=False, ament_cmake_args=None, catkin_cmake_args=None, catkin_skip_building_tests=False, mixin_files=None, mixin=None, verb_parser=<colcon_mixin.mixin.mixin_argument.MixinArgumentDecorator object at 0x729341fd5a20>, verb_extension=<colcon_core.verb.build.BuildVerb object at 0x729341fd4b80>, main=<bound method BuildVerb.main of <colcon_core.verb.build.BuildVerb object at 0x729341fd4b80>>, mixin_verb=('build',))
[0.723s] Level 1:colcon.colcon_core.package_discovery:discover_packages(colcon_meta) check parameters
[0.723s] Level 1:colcon.colcon_core.package_discovery:discover_packages(recursive) check parameters
[0.723s] Level 1:colcon.colcon_core.package_discovery:discover_packages(ignore) check parameters
[0.723s] Level 1:colcon.colcon_core.package_discovery:discover_packages(path) check parameters
[0.723s] Level 1:colcon.colcon_core.package_discovery:discover_packages(colcon_meta) discover
[0.723s] Level 1:colcon.colcon_core.package_discovery:discover_packages(recursive) discover
[0.723s] INFO:colcon.colcon_core.package_discovery:Crawling recursively for packages in '/home/uninacorse/ex2_ws'
[0.723s] Level 1:colcon.colcon_core.package_identification:_identify(.) by extensions ['ignore', 'ignore_ament_install']
[0.723s] Level 1:colcon.colcon_core.package_identification:_identify(.) by extension 'ignore'
[0.723s] Level 1:colcon.colcon_core.package_identification:_identify(.) by extension 'ignore_ament_install'
[0.723s] Level 1:colcon.colcon_core.package_identification:_identify(.) by extensions ['colcon_pkg']
[0.723s] Level 1:colcon.colcon_core.package_identification:_identify(.) by extension 'colcon_pkg'
[0.723s] Level 1:colcon.colcon_core.package_identification:_identify(.) by extensions ['colcon_meta']
[0.723s] Level 1:colcon.colcon_core.package_identification:_identify(.) by extension 'colcon_meta'
[0.724s] Level 1:colcon.colcon_core.package_identification:_identify(.) by extensions ['ros']
[0.724s] Level 1:colcon.colcon_core.package_identification:_identify(.) by extension 'ros'
[0.739s] Level 1:colcon.colcon_core.package_identification:_identify(.) by extensions ['cmake', 'python']
[0.739s] Level 1:colcon.colcon_core.package_identification:_identify(.) by extension 'cmake'
[0.739s] Level 1:colcon.colcon_core.package_identification:_identify(.) by extension 'python'
[0.739s] Level 1:colcon.colcon_core.package_identification:_identify(.) by extensions ['python_setup_py']
[0.739s] Level 1:colcon.colcon_core.package_identification:_identify(.) by extension 'python_setup_py'
[0.739s] Level 1:colcon.colcon_core.package_identification:_identify(build) by extensions ['ignore', 'ignore_ament_install']
[0.739s] Level 1:colcon.colcon_core.package_identification:_identify(build) by extension 'ignore'
[0.739s] Level 1:colcon.colcon_core.package_identification:_identify(build) ignored
[0.740s] Level 1:colcon.colcon_core.package_identification:_identify(install) by extensions ['ignore', 'ignore_ament_install']
[0.740s] Level 1:colcon.colcon_core.package_identification:_identify(install) by extension 'ignore'
[0.740s] Level 1:colcon.colcon_core.package_identification:_identify(install) ignored
[0.740s] Level 1:colcon.colcon_core.package_identification:_identify(log) by extensions ['ignore', 'ignore_ament_install']
[0.740s] Level 1:colcon.colcon_core.package_identification:_identify(log) by extension 'ignore'
[0.740s] Level 1:colcon.colcon_core.package_identification:_identify(log) ignored
[0.740s] Level 1:colcon.colcon_core.package_identification:_identify(src) by extensions ['ignore', 'ignore_ament_install']
[0.740s] Level 1:colcon.colcon_core.package_identification:_identify(src) by extension 'ignore'
[0.740s] Level 1:colcon.colcon_core.package_identification:_identify(src) by extension 'ignore_ament_install'
[0.740s] Level 1:colcon.colcon_core.package_identification:_identify(src) by extensions ['colcon_pkg']
[0.740s] Level 1:colcon.colcon_core.package_identification:_identify(src) by extension 'colcon_pkg'
[0.740s] Level 1:colcon.colcon_core.package_identification:_identify(src) by extensions ['colcon_meta']
[0.740s] Level 1:colcon.colcon_core.package_identification:_identify(src) by extension 'colcon_meta'
[0.740s] Level 1:colcon.colcon_core.package_identification:_identify(src) by extensions ['ros']
[0.740s] Level 1:colcon.colcon_core.package_identification:_identify(src) by extension 'ros'
[0.740s] Level 1:colcon.colcon_core.package_identification:_identify(src) by extensions ['cmake', 'python']
[0.740s] Level 1:colcon.colcon_core.package_identification:_identify(src) by extension 'cmake'
[0.740s] Level 1:colcon.colcon_core.package_identification:_identify(src) by extension 'python'
[0.741s] Level 1:colcon.colcon_core.package_identification:_identify(src) by extensions ['python_setup_py']
[0.741s] Level 1:colcon.colcon_core.package_identification:_identify(src) by extension 'python_setup_py'
[0.741s] Level 1:colcon.colcon_core.package_identification:_identify(src/EX2) by extensions ['ignore', 'ignore_ament_install']
[0.741s] Level 1:colcon.colcon_core.package_identification:_identify(src/EX2) by extension 'ignore'
[0.741s] Level 1:colcon.colcon_core.package_identification:_identify(src/EX2) by extension 'ignore_ament_install'
[0.741s] Level 1:colcon.colcon_core.package_identification:_identify(src/EX2) by extensions ['colcon_pkg']
[0.741s] Level 1:colcon.colcon_core.package_identification:_identify(src/EX2) by extension 'colcon_pkg'
[0.741s] Level 1:colcon.colcon_core.package_identification:_identify(src/EX2) by extensions ['colcon_meta']
[0.741s] Level 1:colcon.colcon_core.package_identification:_identify(src/EX2) by extension 'colcon_meta'
[0.741s] Level 1:colcon.colcon_core.package_identification:_identify(src/EX2) by extensions ['ros']
[0.741s] Level 1:colcon.colcon_core.package_identification:_identify(src/EX2) by extension 'ros'
[0.741s] Level 1:colcon.colcon_core.package_identification:_identify(src/EX2) by extensions ['cmake', 'python']
[0.741s] Level 1:colcon.colcon_core.package_identification:_identify(src/EX2) by extension 'cmake'
[0.741s] Level 1:colcon.colcon_core.package_identification:_identify(src/EX2) by extension 'python'
[0.741s] Level 1:colcon.colcon_core.package_identification:_identify(src/EX2) by extensions ['python_setup_py']
[0.741s] Level 1:colcon.colcon_core.package_identification:_identify(src/EX2) by extension 'python_setup_py'
[0.741s] Level 1:colcon.colcon_core.package_identification:_identify(src/EX2/fault_detection) by extensions ['ignore', 'ignore_ament_install']
[0.741s] Level 1:colcon.colcon_core.package_identification:_identify(src/EX2/fault_detection) by extension 'ignore'
[0.741s] Level 1:colcon.colcon_core.package_identification:_identify(src/EX2/fault_detection) by extension 'ignore_ament_install'
[0.742s] Level 1:colcon.colcon_core.package_identification:_identify(src/EX2/fault_detection) by extensions ['colcon_pkg']
[0.742s] Level 1:colcon.colcon_core.package_identification:_identify(src/EX2/fault_detection) by extension 'colcon_pkg'
[0.742s] Level 1:colcon.colcon_core.package_identification:_identify(src/EX2/fault_detection) by extensions ['colcon_meta']
[0.742s] Level 1:colcon.colcon_core.package_identification:_identify(src/EX2/fault_detection) by extension 'colcon_meta'
[0.742s] Level 1:colcon.colcon_core.package_identification:_identify(src/EX2/fault_detection) by extensions ['ros']
[0.742s] Level 1:colcon.colcon_core.package_identification:_identify(src/EX2/fault_detection) by extension 'ros'
[0.746s] DEBUG:colcon.colcon_core.package_identification:Package 'src/EX2/fault_detection' with type 'ros.ament_cmake' and name 'fault_detection'
[0.746s] Level 1:colcon.colcon_core.package_identification:_identify(src/EX2/rosbag2_2024_11_27-15_00_23) by extensions ['ignore', 'ignore_ament_install']
[0.746s] Level 1:colcon.colcon_core.package_identification:_identify(src/EX2/rosbag2_2024_11_27-15_00_23) by extension 'ignore'
[0.746s] Level 1:colcon.colcon_core.package_identification:_identify(src/EX2/rosbag2_2024_11_27-15_00_23) by extension 'ignore_ament_install'
[0.746s] Level 1:colcon.colcon_core.package_identification:_identify(src/EX2/rosbag2_2024_11_27-15_00_23) by extensions ['colcon_pkg']
[0.746s] Level 1:colcon.colcon_core.package_identification:_identify(src/EX2/rosbag2_2024_11_27-15_00_23) by extension 'colcon_pkg'
[0.746s] Level 1:colcon.colcon_core.package_identification:_identify(src/EX2/rosbag2_2024_11_27-15_00_23) by extensions ['colcon_meta']
[0.746s] Level 1:colcon.colcon_core.package_identification:_identify(src/EX2/rosbag2_2024_11_27-15_00_23) by extension 'colcon_meta'
[0.746s] Level 1:colcon.colcon_core.package_identification:_identify(src/EX2/rosbag2_2024_11_27-15_00_23) by extensions ['ros']
[0.746s] Level 1:colcon.colcon_core.package_identification:_identify(src/EX2/rosbag2_2024_11_27-15_00_23) by extension 'ros'
[0.746s] Level 1:colcon.colcon_core.package_identification:_identify(src/EX2/rosbag2_2024_11_27-15_00_23) by extensions ['cmake', 'python']
[0.746s] Level 1:colcon.colcon_core.package_identification:_identify(src/EX2/rosbag2_2024_11_27-15_00_23) by extension 'cmake'
[0.746s] Level 1:colcon.colcon_core.package_identification:_identify(src/EX2/rosbag2_2024_11_27-15_00_23) by extension 'python'
[0.746s] Level 1:colcon.colcon_core.package_identification:_identify(src/EX2/rosbag2_2024_11_27-15_00_23) by extensions ['python_setup_py']
[0.746s] Level 1:colcon.colcon_core.package_identification:_identify(src/EX2/rosbag2_2024_11_27-15_00_23) by extension 'python_setup_py'
[0.746s] Level 1:colcon.colcon_core.package_identification:_identify(src/EX2/sysmonitor_interfaces) by extensions ['ignore', 'ignore_ament_install']
[0.746s] Level 1:colcon.colcon_core.package_identification:_identify(src/EX2/sysmonitor_interfaces) by extension 'ignore'
[0.747s] Level 1:colcon.colcon_core.package_identification:_identify(src/EX2/sysmonitor_interfaces) by extension 'ignore_ament_install'
[0.747s] Level 1:colcon.colcon_core.package_identification:_identify(src/EX2/sysmonitor_interfaces) by extensions ['colcon_pkg']
[0.747s] Level 1:colcon.colcon_core.package_identification:_identify(src/EX2/sysmonitor_interfaces) by extension 'colcon_pkg'
[0.747s] Level 1:colcon.colcon_core.package_identification:_identify(src/EX2/sysmonitor_interfaces) by extensions ['colcon_meta']
[0.747s] Level 1:colcon.colcon_core.package_identification:_identify(src/EX2/sysmonitor_interfaces) by extension 'colcon_meta'
[0.747s] Level 1:colcon.colcon_core.package_identification:_identify(src/EX2/sysmonitor_interfaces) by extensions ['ros']
[0.747s] Level 1:colcon.colcon_core.package_identification:_identify(src/EX2/sysmonitor_interfaces) by extension 'ros'
[0.747s] DEBUG:colcon.colcon_core.package_identification:Package 'src/EX2/sysmonitor_interfaces' with type 'ros.ament_cmake' and name 'sysmonitor_interfaces'
[0.747s] Level 1:colcon.colcon_core.package_discovery:discover_packages(recursive) using defaults
[0.747s] Level 1:colcon.colcon_core.package_discovery:discover_packages(ignore) discover
[0.747s] Level 1:colcon.colcon_core.package_discovery:discover_packages(ignore) using defaults
[0.747s] Level 1:colcon.colcon_core.package_discovery:discover_packages(path) discover
[0.747s] Level 1:colcon.colcon_core.package_discovery:discover_packages(path) using defaults
[0.796s] Level 1:colcon.colcon_core.package_discovery:discover_packages(prefix_path) check parameters
[0.796s] Level 1:colcon.colcon_core.package_discovery:discover_packages(prefix_path) discover
[0.800s] DEBUG:colcon.colcon_installed_package_information.package_discovery:Found 327 installed packages in /opt/ros/humble
[0.801s] Level 1:colcon.colcon_core.package_discovery:discover_packages(prefix_path) using defaults
[0.845s] Level 5:colcon.colcon_core.verb:set package 'sysmonitor_interfaces' build argument 'cmake_args' from command line to 'None'
[0.845s] Level 5:colcon.colcon_core.verb:set package 'sysmonitor_interfaces' build argument 'cmake_target' from command line to 'None'
[0.845s] Level 5:colcon.colcon_core.verb:set package 'sysmonitor_interfaces' build argument 'cmake_target_skip_unavailable' from command line to 'False'
[0.845s] Level 5:colcon.colcon_core.verb:set package 'sysmonitor_interfaces' build argument 'cmake_clean_cache' from command line to 'False'
[0.845s] Level 5:colcon.colcon_core.verb:set package 'sysmonitor_interfaces' build argument 'cmake_clean_first' from command line to 'False'
[0.845s] Level 5:colcon.colcon_core.verb:set package 'sysmonitor_interfaces' build argument 'cmake_force_configure' from command line to 'False'
[0.845s] Level 5:colcon.colcon_core.verb:set package 'sysmonitor_interfaces' build argument 'ament_cmake_args' from command line to 'None'
[0.845s] Level 5:colcon.colcon_core.verb:set package 'sysmonitor_interfaces' build argument 'catkin_cmake_args' from command line to 'None'
[0.845s] Level 5:colcon.colcon_core.verb:set package 'sysmonitor_interfaces' build argument 'catkin_skip_building_tests' from command line to 'False'
[0.845s] DEBUG:colcon.colcon_core.verb:Building package 'sysmonitor_interfaces' with the following arguments: {'ament_cmake_args': None, 'build_base': '/home/uninacorse/ex2_ws/build/sysmonitor_interfaces', 'catkin_cmake_args': None, 'catkin_skip_building_tests': False, 'cmake_args': None, 'cmake_clean_cache': False, 'cmake_clean_first': False, 'cmake_force_configure': False, 'cmake_target': None, 'cmake_target_skip_unavailable': False, 'install_base': '/home/uninacorse/ex2_ws/install/sysmonitor_interfaces', 'merge_install': False, 'path': '/home/uninacorse/ex2_ws/src/EX2/sysmonitor_interfaces', 'symlink_install': False, 'test_result_base': None}
[0.846s] Level 5:colcon.colcon_core.verb:set package 'fault_detection' build argument 'cmake_args' from command line to 'None'
[0.846s] Level 5:colcon.colcon_core.verb:set package 'fault_detection' build argument 'cmake_target' from command line to 'None'
[0.846s] Level 5:colcon.colcon_core.verb:set package 'fault_detection' build argument 'cmake_target_skip_unavailable' from command line to 'False'
[0.846s] Level 5:colcon.colcon_core.verb:set package 'fault_detection' build argument 'cmake_clean_cache' from command line to 'False'
[0.846s] Level 5:colcon.colcon_core.verb:set package 'fault_detection' build argument 'cmake_clean_first' from command line to 'False'
[0.846s] Level 5:colcon.colcon_core.verb:set package 'fault_detection' build argument 'cmake_force_configure' from command line to 'False'
[0.846s] Level 5:colcon.colcon_core.verb:set package 'fault_detection' build argument 'ament_cmake_args' from command line to 'None'
[0.846s] Level 5:colcon.colcon_core.verb:set package 'fault_detection' build argument 'catkin_cmake_args' from command line to 'None'
[0.846s] Level 5:colcon.colcon_core.verb:set package 'fault_detection' build argument 'catkin_skip_building_tests' from command line to 'False'
[0.846s] DEBUG:colcon.colcon_core.verb:Building package 'fault_detection' with the following arguments: {'ament_cmake_args': None, 'build_base': '/home/uninacorse/ex2_ws/build/fault_detection', 'catkin_cmake_args': None, 'catkin_skip_building_tests': False, 'cmake_args': None, 'cmake_clean_cache': False, 'cmake_clean_first': False, 'cmake_force_configure': False, 'cmake_target': None, 'cmake_target_skip_unavailable': False, 'install_base': '/home/uninacorse/ex2_ws/install/fault_detection', 'merge_install': False, 'path': '/home/uninacorse/ex2_ws/src/EX2/fault_detection', 'symlink_install': False, 'test_result_base': None}
[0.846s] INFO:colcon.colcon_core.executor:Executing jobs using 'parallel' executor
[0.847s] DEBUG:colcon.colcon_parallel_executor.executor.parallel:run_until_complete
[0.847s] INFO:colcon.colcon_ros.task.ament_cmake.build:Building ROS package in '/home/uninacorse/ex2_ws/src/EX2/sysmonitor_interfaces' with build type 'ament_cmake'
[0.847s] INFO:colcon.colcon_cmake.task.cmake.build:Building CMake package in '/home/uninacorse/ex2_ws/src/EX2/sysmonitor_interfaces'
[0.852s] INFO:colcon.colcon_core.plugin_system:Skipping extension 'colcon_core.shell.bat': Not used on non-Windows systems
[0.852s] INFO:colcon.colcon_core.shell:Skip shell extension 'powershell' for command environment: Not usable outside of PowerShell
[0.852s] DEBUG:colcon.colcon_core.shell:Skip shell extension 'dsv' for command environment
[0.858s] DEBUG:colcon.colcon_core.event_handler.log_command:Invoking command in '/home/uninacorse/ex2_ws/build/sysmonitor_interfaces': CMAKE_PREFIX_PATH=/opt/ros/humble /usr/bin/cmake /home/uninacorse/ex2_ws/src/EX2/sysmonitor_interfaces -DCMAKE_INSTALL_PREFIX=/home/uninacorse/ex2_ws/install/sysmonitor_interfaces
[2.814s] DEBUG:colcon.colcon_core.event_handler.log_command:Invoked command in '/home/uninacorse/ex2_ws/build/sysmonitor_interfaces' returned '0': CMAKE_PREFIX_PATH=/opt/ros/humble /usr/bin/cmake /home/uninacorse/ex2_ws/src/EX2/sysmonitor_interfaces -DCMAKE_INSTALL_PREFIX=/home/uninacorse/ex2_ws/install/sysmonitor_interfaces
[2.815s] DEBUG:colcon.colcon_core.event_handler.log_command:Invoking command in '/home/uninacorse/ex2_ws/build/sysmonitor_interfaces': CMAKE_PREFIX_PATH=/opt/ros/humble /usr/bin/cmake --build /home/uninacorse/ex2_ws/build/sysmonitor_interfaces -- -j4 -l4
[5.346s] DEBUG:colcon.colcon_core.event_handler.log_command:Invoked command in '/home/uninacorse/ex2_ws/build/sysmonitor_interfaces' returned '0': CMAKE_PREFIX_PATH=/opt/ros/humble /usr/bin/cmake --build /home/uninacorse/ex2_ws/build/sysmonitor_interfaces -- -j4 -l4
[5.356s] DEBUG:colcon.colcon_core.event_handler.log_command:Invoking command in '/home/uninacorse/ex2_ws/build/sysmonitor_interfaces': CMAKE_PREFIX_PATH=/opt/ros/humble /usr/bin/cmake --install /home/uninacorse/ex2_ws/build/sysmonitor_interfaces
[5.428s] Level 1:colcon.colcon_core.environment:create_environment_scripts_only(sysmonitor_interfaces)
[5.429s] DEBUG:colcon.colcon_core.event_handler.log_command:Invoked command in '/home/uninacorse/ex2_ws/build/sysmonitor_interfaces' returned '0': CMAKE_PREFIX_PATH=/opt/ros/humble /usr/bin/cmake --install /home/uninacorse/ex2_ws/build/sysmonitor_interfaces
[5.434s] Level 1:colcon.colcon_core.environment:checking '/home/uninacorse/ex2_ws/install/sysmonitor_interfaces' for CMake module files
[5.435s] Level 1:colcon.colcon_core.environment:checking '/home/uninacorse/ex2_ws/install/sysmonitor_interfaces' for CMake config files
[5.435s] Level 1:colcon.colcon_core.shell:create_environment_hook('sysmonitor_interfaces', 'cmake_prefix_path')
[5.436s] INFO:colcon.colcon_core.shell:Creating environment hook '/home/uninacorse/ex2_ws/install/sysmonitor_interfaces/share/sysmonitor_interfaces/hook/cmake_prefix_path.ps1'
[5.437s] INFO:colcon.colcon_core.shell:Creating environment descriptor '/home/uninacorse/ex2_ws/install/sysmonitor_interfaces/share/sysmonitor_interfaces/hook/cmake_prefix_path.dsv'
[5.437s] INFO:colcon.colcon_core.shell:Creating environment hook '/home/uninacorse/ex2_ws/install/sysmonitor_interfaces/share/sysmonitor_interfaces/hook/cmake_prefix_path.sh'
[5.439s] Level 1:colcon.colcon_core.environment:checking '/home/uninacorse/ex2_ws/install/sysmonitor_interfaces/lib'
[5.439s] Level 1:colcon.colcon_core.shell:create_environment_hook('sysmonitor_interfaces', 'ld_library_path_lib')
[5.439s] INFO:colcon.colcon_core.shell:Creating environment hook '/home/uninacorse/ex2_ws/install/sysmonitor_interfaces/share/sysmonitor_interfaces/hook/ld_library_path_lib.ps1'
[5.439s] INFO:colcon.colcon_core.shell:Creating environment descriptor '/home/uninacorse/ex2_ws/install/sysmonitor_interfaces/share/sysmonitor_interfaces/hook/ld_library_path_lib.dsv'
[5.440s] INFO:colcon.colcon_core.shell:Creating environment hook '/home/uninacorse/ex2_ws/install/sysmonitor_interfaces/share/sysmonitor_interfaces/hook/ld_library_path_lib.sh'
[5.440s] Level 1:colcon.colcon_core.environment:checking '/home/uninacorse/ex2_ws/install/sysmonitor_interfaces/bin'
[5.440s] Level 1:colcon.colcon_core.environment:checking '/home/uninacorse/ex2_ws/install/sysmonitor_interfaces/lib/pkgconfig/sysmonitor_interfaces.pc'
[5.440s] Level 1:colcon.colcon_core.environment:checking '/home/uninacorse/ex2_ws/install/sysmonitor_interfaces/lib/python3.10/site-packages'
[5.441s] Level 1:colcon.colcon_core.environment:checking '/home/uninacorse/ex2_ws/install/sysmonitor_interfaces/bin'
[5.441s] INFO:colcon.colcon_core.shell:Creating package script '/home/uninacorse/ex2_ws/install/sysmonitor_interfaces/share/sysmonitor_interfaces/package.ps1'
[5.442s] INFO:colcon.colcon_core.shell:Creating package descriptor '/home/uninacorse/ex2_ws/install/sysmonitor_interfaces/share/sysmonitor_interfaces/package.dsv'
[5.443s] INFO:colcon.colcon_core.shell:Creating package script '/home/uninacorse/ex2_ws/install/sysmonitor_interfaces/share/sysmonitor_interfaces/package.sh'
[5.444s] INFO:colcon.colcon_core.shell:Creating package script '/home/uninacorse/ex2_ws/install/sysmonitor_interfaces/share/sysmonitor_interfaces/package.bash'
[5.445s] INFO:colcon.colcon_core.shell:Creating package script '/home/uninacorse/ex2_ws/install/sysmonitor_interfaces/share/sysmonitor_interfaces/package.zsh'
[5.446s] Level 1:colcon.colcon_core.environment:create_file_with_runtime_dependencies(/home/uninacorse/ex2_ws/install/sysmonitor_interfaces/share/colcon-core/packages/sysmonitor_interfaces)
[5.447s] Level 1:colcon.colcon_core.environment:create_environment_scripts_only(sysmonitor_interfaces)
[5.447s] Level 1:colcon.colcon_core.environment:checking '/home/uninacorse/ex2_ws/install/sysmonitor_interfaces' for CMake module files
[5.448s] Level 1:colcon.colcon_core.environment:checking '/home/uninacorse/ex2_ws/install/sysmonitor_interfaces' for CMake config files
[5.448s] Level 1:colcon.colcon_core.shell:create_environment_hook('sysmonitor_interfaces', 'cmake_prefix_path')
[5.448s] INFO:colcon.colcon_core.shell:Creating environment hook '/home/uninacorse/ex2_ws/install/sysmonitor_interfaces/share/sysmonitor_interfaces/hook/cmake_prefix_path.ps1'
[5.449s] INFO:colcon.colcon_core.shell:Creating environment descriptor '/home/uninacorse/ex2_ws/install/sysmonitor_interfaces/share/sysmonitor_interfaces/hook/cmake_prefix_path.dsv'
[5.449s] INFO:colcon.colcon_core.shell:Creating environment hook '/home/uninacorse/ex2_ws/install/sysmonitor_interfaces/share/sysmonitor_interfaces/hook/cmake_prefix_path.sh'
[5.450s] Level 1:colcon.colcon_core.environment:checking '/home/uninacorse/ex2_ws/install/sysmonitor_interfaces/lib'
[5.450s] Level 1:colcon.colcon_core.shell:create_environment_hook('sysmonitor_interfaces', 'ld_library_path_lib')
[5.450s] INFO:colcon.colcon_core.shell:Creating environment hook '/home/uninacorse/ex2_ws/install/sysmonitor_interfaces/share/sysmonitor_interfaces/hook/ld_library_path_lib.ps1'
[5.451s] INFO:colcon.colcon_core.shell:Creating environment descriptor '/home/uninacorse/ex2_ws/install/sysmonitor_interfaces/share/sysmonitor_interfaces/hook/ld_library_path_lib.dsv'
[5.451s] INFO:colcon.colcon_core.shell:Creating environment hook '/home/uninacorse/ex2_ws/install/sysmonitor_interfaces/share/sysmonitor_interfaces/hook/ld_library_path_lib.sh'
[5.451s] Level 1:colcon.colcon_core.environment:checking '/home/uninacorse/ex2_ws/install/sysmonitor_interfaces/bin'
[5.451s] Level 1:colcon.colcon_core.environment:checking '/home/uninacorse/ex2_ws/install/sysmonitor_interfaces/lib/pkgconfig/sysmonitor_interfaces.pc'
[5.452s] Level 1:colcon.colcon_core.environment:checking '/home/uninacorse/ex2_ws/install/sysmonitor_interfaces/lib/python3.10/site-packages'
[5.452s] Level 1:colcon.colcon_core.environment:checking '/home/uninacorse/ex2_ws/install/sysmonitor_interfaces/bin'
[5.453s] INFO:colcon.colcon_core.shell:Creating package script '/home/uninacorse/ex2_ws/install/sysmonitor_interfaces/share/sysmonitor_interfaces/package.ps1'
[5.453s] INFO:colcon.colcon_core.shell:Creating package descriptor '/home/uninacorse/ex2_ws/install/sysmonitor_interfaces/share/sysmonitor_interfaces/package.dsv'
[5.454s] INFO:colcon.colcon_core.shell:Creating package script '/home/uninacorse/ex2_ws/install/sysmonitor_interfaces/share/sysmonitor_interfaces/package.sh'
[5.454s] INFO:colcon.colcon_core.shell:Creating package script '/home/uninacorse/ex2_ws/install/sysmonitor_interfaces/share/sysmonitor_interfaces/package.bash'
[5.455s] INFO:colcon.colcon_core.shell:Creating package script '/home/uninacorse/ex2_ws/install/sysmonitor_interfaces/share/sysmonitor_interfaces/package.zsh'
[5.455s] Level 1:colcon.colcon_core.environment:create_file_with_runtime_dependencies(/home/uninacorse/ex2_ws/install/sysmonitor_interfaces/share/colcon-core/packages/sysmonitor_interfaces)
[5.455s] INFO:colcon.colcon_ros.task.ament_cmake.build:Building ROS package in '/home/uninacorse/ex2_ws/src/EX2/fault_detection' with build type 'ament_cmake'
[5.456s] INFO:colcon.colcon_cmake.task.cmake.build:Building CMake package in '/home/uninacorse/ex2_ws/src/EX2/fault_detection'
[5.456s] INFO:colcon.colcon_core.shell:Skip shell extension 'powershell' for command environment: Not usable outside of PowerShell
[5.456s] DEBUG:colcon.colcon_core.shell:Skip shell extension 'dsv' for command environment
[5.464s] DEBUG:colcon.colcon_core.event_handler.log_command:Invoking command in '/home/uninacorse/ex2_ws/build/fault_detection': AMENT_PREFIX_PATH=/home/uninacorse/ex2_ws/install/sysmonitor_interfaces:${AMENT_PREFIX_PATH} CMAKE_PREFIX_PATH=/home/uninacorse/ex2_ws/install/sysmonitor_interfaces:/opt/ros/humble LD_LIBRARY_PATH=/home/uninacorse/ex2_ws/install/sysmonitor_interfaces/lib:${LD_LIBRARY_PATH} PYTHONPATH=/home/uninacorse/ex2_ws/install/sysmonitor_interfaces/local/lib/python3.10/dist-packages:${PYTHONPATH} /usr/bin/cmake /home/uninacorse/ex2_ws/src/EX2/fault_detection -DCMAKE_INSTALL_PREFIX=/home/uninacorse/ex2_ws/install/fault_detection
[6.621s] DEBUG:colcon.colcon_core.event_handler.log_command:Invoked command in '/home/uninacorse/ex2_ws/build/fault_detection' returned '1': AMENT_PREFIX_PATH=/home/uninacorse/ex2_ws/install/sysmonitor_interfaces:${AMENT_PREFIX_PATH} CMAKE_PREFIX_PATH=/home/uninacorse/ex2_ws/install/sysmonitor_interfaces:/opt/ros/humble LD_LIBRARY_PATH=/home/uninacorse/ex2_ws/install/sysmonitor_interfaces/lib:${LD_LIBRARY_PATH} PYTHONPATH=/home/uninacorse/ex2_ws/install/sysmonitor_interfaces/local/lib/python3.10/dist-packages:${PYTHONPATH} /usr/bin/cmake /home/uninacorse/ex2_ws/src/EX2/fault_detection -DCMAKE_INSTALL_PREFIX=/home/uninacorse/ex2_ws/install/fault_detection
[6.632s] Level 1:colcon.colcon_core.environment:create_environment_scripts_only(fault_detection)
[6.632s] Level 1:colcon.colcon_core.environment:checking '/home/uninacorse/ex2_ws/install/fault_detection' for CMake module files
[6.633s] Level 1:colcon.colcon_core.environment:checking '/home/uninacorse/ex2_ws/install/fault_detection' for CMake config files
[6.633s] Level 1:colcon.colcon_core.environment:checking '/home/uninacorse/ex2_ws/install/fault_detection/bin'
[6.633s] Level 1:colcon.colcon_core.environment:checking '/home/uninacorse/ex2_ws/install/fault_detection/lib/pkgconfig/fault_detection.pc'
[6.633s] Level 1:colcon.colcon_core.environment:checking '/home/uninacorse/ex2_ws/install/fault_detection/lib/python3.10/site-packages'
[6.633s] Level 1:colcon.colcon_core.environment:checking '/home/uninacorse/ex2_ws/install/fault_detection/bin'
[6.634s] INFO:colcon.colcon_core.shell:Creating package script '/home/uninacorse/ex2_ws/install/fault_detection/share/fault_detection/package.ps1'
[6.634s] INFO:colcon.colcon_core.shell:Creating package descriptor '/home/uninacorse/ex2_ws/install/fault_detection/share/fault_detection/package.dsv'
[6.634s] INFO:colcon.colcon_core.shell:Creating package script '/home/uninacorse/ex2_ws/install/fault_detection/share/fault_detection/package.sh'
[6.635s] INFO:colcon.colcon_core.shell:Creating package script '/home/uninacorse/ex2_ws/install/fault_detection/share/fault_detection/package.bash'
[6.635s] INFO:colcon.colcon_core.shell:Creating package script '/home/uninacorse/ex2_ws/install/fault_detection/share/fault_detection/package.zsh'
[6.635s] Level 1:colcon.colcon_core.environment:create_file_with_runtime_dependencies(/home/uninacorse/ex2_ws/install/fault_detection/share/colcon-core/packages/fault_detection)
[6.646s] DEBUG:colcon.colcon_parallel_executor.executor.parallel:closing loop
[6.646s] DEBUG:colcon.colcon_parallel_executor.executor.parallel:loop closed
[6.646s] DEBUG:colcon.colcon_parallel_executor.executor.parallel:run_until_complete finished with '1'
[6.646s] DEBUG:colcon.colcon_core.event_reactor:joining thread
[6.653s] INFO:colcon.colcon_core.plugin_system:Skipping extension 'colcon_notification.desktop_notification.terminal_notifier': Not used on non-Darwin systems
[6.654s] INFO:colcon.colcon_core.plugin_system:Skipping extension 'colcon_notification.desktop_notification.win32': Not used on non-Windows systems
[6.654s] INFO:colcon.colcon_notification.desktop_notification:Sending desktop notification using 'notify2'
[6.673s] DEBUG:colcon.colcon_core.event_reactor:joined thread
[6.676s] INFO:colcon.colcon_core.shell:Creating prefix script '/home/uninacorse/ex2_ws/install/local_setup.ps1'
[6.680s] INFO:colcon.colcon_core.shell:Creating prefix util module '/home/uninacorse/ex2_ws/install/_local_setup_util_ps1.py'
[6.686s] INFO:colcon.colcon_core.shell:Creating prefix chain script '/home/uninacorse/ex2_ws/install/setup.ps1'
[6.687s] INFO:colcon.colcon_core.shell:Creating prefix script '/home/uninacorse/ex2_ws/install/local_setup.sh'
[6.688s] INFO:colcon.colcon_core.shell:Creating prefix util module '/home/uninacorse/ex2_ws/install/_local_setup_util_sh.py'
[6.688s] INFO:colcon.colcon_core.shell:Creating prefix chain script '/home/uninacorse/ex2_ws/install/setup.sh'
[6.698s] INFO:colcon.colcon_core.shell:Creating prefix script '/home/uninacorse/ex2_ws/install/local_setup.bash'
[6.706s] INFO:colcon.colcon_core.shell:Creating prefix chain script '/home/uninacorse/ex2_ws/install/setup.bash'
[6.717s] INFO:colcon.colcon_core.shell:Creating prefix script '/home/uninacorse/ex2_ws/install/local_setup.zsh'
[6.723s] INFO:colcon.colcon_core.shell:Creating prefix chain script '/home/uninacorse/ex2_ws/install/setup.zsh'
